2024-05-11 00:06:52 [main] INFO  c.g.h.c.s.impl.UserServiceImplTest - Starting UserServiceImplTest on PC-20210904KJSA with PID 22448 (started by Administrator in E:\Java_project\hotel-parent\hotel-core)
2024-05-11 00:06:52 [main] DEBUG c.g.h.c.s.impl.UserServiceImplTest - Running with Spring Boot v2.3.4.RELEASE, Spring v5.2.9.RELEASE
2024-05-11 00:06:52 [main] INFO  c.g.h.c.s.impl.UserServiceImplTest - No active profile set, falling back to default profiles: default
2024-05-11 00:07:33 [main] INFO  c.g.h.c.s.impl.UserServiceImplTest - Starting UserServiceImplTest on PC-20210904KJSA with PID 25584 (started by Administrator in E:\Java_project\hotel-parent\hotel-core)
2024-05-11 00:07:33 [main] DEBUG c.g.h.c.s.impl.UserServiceImplTest - Running with Spring Boot v2.3.4.RELEASE, Spring v5.2.9.RELEASE
2024-05-11 00:07:33 [main] INFO  c.g.h.c.s.impl.UserServiceImplTest - No active profile set, falling back to default profiles: default
2024-05-11 00:07:36 [main] INFO  o.s.s.web.DefaultSecurityFilterChain - Creating filter chain: any request, [org.springframework.security.web.context.request.async.WebAsyncManagerIntegrationFilter@3fb9a67f, org.springframework.security.web.context.SecurityContextPersistenceFilter@5626d18c, org.springframework.security.web.header.HeaderWriterFilter@37854b34, org.springframework.web.filter.CorsFilter@127705e4, org.springframework.security.web.authentication.logout.LogoutFilter@75e09567, org.springframework.security.web.savedrequest.RequestCacheAwareFilter@3dc95b8b, org.springframework.security.web.servletapi.SecurityContextHolderAwareRequestFilter@7d247660, org.springframework.security.web.authentication.AnonymousAuthenticationFilter@5562c2c9, org.springframework.security.web.session.SessionManagementFilter@462abec3, org.springframework.security.web.access.ExceptionTranslationFilter@30c4e352, org.springframework.security.web.access.intercept.FilterSecurityInterceptor@40a72ecd]
2024-05-11 00:07:37 [main] INFO  c.g.h.c.s.impl.UserServiceImplTest - Started UserServiceImplTest in 4.557 seconds (JVM running for 5.036)
2024-05-11 00:07:38 [main] DEBUG c.g.h.c.dao.UserDao.getUserWithRoles - ==>  Preparing: SELECT u.*, r.`name` AS roleName FROM user u LEFT JOIN user_role ur ON u.id_ = ur.user_id LEFT JOIN role r ON ur.role_id = r.id_ WHERE u.username = ?
2024-05-11 00:07:38 [main] DEBUG c.g.h.c.dao.UserDao.getUserWithRoles - ==> Parameters: gzx(String)
2024-05-11 00:07:38 [main] DEBUG c.g.h.c.dao.UserDao.getUserWithRoles - <==      Total: 1
2024-05-11 00:08:05 [main] INFO  c.g.h.c.s.impl.UserServiceImplTest - Starting UserServiceImplTest on PC-20210904KJSA with PID 26280 (started by Administrator in E:\Java_project\hotel-parent\hotel-core)
2024-05-11 00:08:05 [main] DEBUG c.g.h.c.s.impl.UserServiceImplTest - Running with Spring Boot v2.3.4.RELEASE, Spring v5.2.9.RELEASE
2024-05-11 00:08:05 [main] INFO  c.g.h.c.s.impl.UserServiceImplTest - No active profile set, falling back to default profiles: default
2024-05-11 00:08:36 [main] INFO  o.s.s.web.DefaultSecurityFilterChain - Creating filter chain: any request, [org.springframework.security.web.context.request.async.WebAsyncManagerIntegrationFilter@13d289c7, org.springframework.security.web.context.SecurityContextPersistenceFilter@288728e, org.springframework.security.web.header.HeaderWriterFilter@314b7945, org.springframework.web.filter.CorsFilter@6704df84, org.springframework.security.web.authentication.logout.LogoutFilter@65859b44, org.springframework.security.web.savedrequest.RequestCacheAwareFilter@641ed324, org.springframework.security.web.servletapi.SecurityContextHolderAwareRequestFilter@640c216b, org.springframework.security.web.authentication.AnonymousAuthenticationFilter@1412682c, org.springframework.security.web.session.SessionManagementFilter@52d7ab79, org.springframework.security.web.access.ExceptionTranslationFilter@1689527c, org.springframework.security.web.access.intercept.FilterSecurityInterceptor@615e83ac]
2024-05-11 00:10:00 [main] INFO  c.g.h.c.s.impl.UserServiceImplTest - Started UserServiceImplTest in 114.709 seconds (JVM running for 115.25)
2024-05-11 00:10:07 [main] DEBUG c.g.h.c.dao.UserDao.getUserWithRoles - ==>  Preparing: SELECT u.*, r.`name` AS roleName FROM user u LEFT JOIN user_role ur ON u.id_ = ur.user_id LEFT JOIN role r ON ur.role_id = r.id_ WHERE u.username = ?
2024-05-11 00:10:09 [main] DEBUG c.g.h.c.dao.UserDao.getUserWithRoles - ==> Parameters: gzx(String)
2024-05-11 00:10:10 [main] DEBUG c.g.h.c.dao.UserDao.getUserWithRoles - <==      Total: 1
2024-05-11 00:14:18 [main] INFO  c.g.h.c.s.impl.UserServiceImplTest - Starting UserServiceImplTest on PC-20210904KJSA with PID 22884 (started by Administrator in E:\Java_project\hotel-parent\hotel-core)
2024-05-11 00:14:18 [main] DEBUG c.g.h.c.s.impl.UserServiceImplTest - Running with Spring Boot v2.3.4.RELEASE, Spring v5.2.9.RELEASE
2024-05-11 00:14:18 [main] INFO  c.g.h.c.s.impl.UserServiceImplTest - No active profile set, falling back to default profiles: default
2024-05-11 00:14:21 [main] INFO  o.s.s.web.DefaultSecurityFilterChain - Creating filter chain: any request, [org.springframework.security.web.context.request.async.WebAsyncManagerIntegrationFilter@5d1e0fbb, org.springframework.security.web.context.SecurityContextPersistenceFilter@462abec3, org.springframework.security.web.header.HeaderWriterFilter@692dba54, org.springframework.web.filter.CorsFilter@2eed37f4, org.springframework.security.web.authentication.logout.LogoutFilter@37ad042b, org.springframework.security.web.savedrequest.RequestCacheAwareFilter@7a4d582c, org.springframework.security.web.servletapi.SecurityContextHolderAwareRequestFilter@329548d0, org.springframework.security.web.authentication.AnonymousAuthenticationFilter@9b76b60, org.springframework.security.web.session.SessionManagementFilter@7ff19c33, org.springframework.security.web.access.ExceptionTranslationFilter@3c91530d, org.springframework.security.web.access.intercept.FilterSecurityInterceptor@ae73c80]
2024-05-11 00:14:22 [main] INFO  c.g.h.c.s.impl.UserServiceImplTest - Started UserServiceImplTest in 4.337 seconds (JVM running for 4.797)
2024-05-11 00:14:23 [main] DEBUG c.g.h.c.dao.UserDao.getUserWithRoles - ==>  Preparing: SELECT u.*, r.`name` AS role_name FROM user u LEFT JOIN user_role ur ON u.id_ = ur.user_id LEFT JOIN role r ON ur.role_id = r.id_ WHERE u.username = ?
2024-05-11 00:14:23 [main] DEBUG c.g.h.c.dao.UserDao.getUserWithRoles - ==> Parameters: gzx(String)
2024-05-11 00:14:23 [main] DEBUG c.g.h.c.dao.UserDao.getUserWithRoles - <==      Total: 1
2024-05-11 00:23:15 [main] INFO  c.g.h.c.s.impl.UserServiceImplTest - Starting UserServiceImplTest on PC-20210904KJSA with PID 26404 (started by Administrator in E:\Java_project\hotel-parent\hotel-core)
2024-05-11 00:23:15 [main] DEBUG c.g.h.c.s.impl.UserServiceImplTest - Running with Spring Boot v2.3.4.RELEASE, Spring v5.2.9.RELEASE
2024-05-11 00:23:15 [main] INFO  c.g.h.c.s.impl.UserServiceImplTest - No active profile set, falling back to default profiles: default
2024-05-11 00:23:18 [main] INFO  o.s.s.web.DefaultSecurityFilterChain - Creating filter chain: any request, [org.springframework.security.web.context.request.async.WebAsyncManagerIntegrationFilter@5d1e0fbb, org.springframework.security.web.context.SecurityContextPersistenceFilter@462abec3, org.springframework.security.web.header.HeaderWriterFilter@692dba54, org.springframework.web.filter.CorsFilter@2eed37f4, org.springframework.security.web.authentication.logout.LogoutFilter@37ad042b, org.springframework.security.web.savedrequest.RequestCacheAwareFilter@7a4d582c, org.springframework.security.web.servletapi.SecurityContextHolderAwareRequestFilter@329548d0, org.springframework.security.web.authentication.AnonymousAuthenticationFilter@9b76b60, org.springframework.security.web.session.SessionManagementFilter@7ff19c33, org.springframework.security.web.access.ExceptionTranslationFilter@3c91530d, org.springframework.security.web.access.intercept.FilterSecurityInterceptor@ae73c80]
2024-05-11 00:23:19 [main] INFO  c.g.h.c.s.impl.UserServiceImplTest - Started UserServiceImplTest in 4.499 seconds (JVM running for 4.996)
2024-05-11 00:23:20 [main] DEBUG c.g.h.c.dao.UserDao.getUserWithRoles - ==>  Preparing: SELECT u.*, r.`name` AS role_name FROM user u LEFT JOIN user_role ur ON u.id_ = ur.user_id LEFT JOIN role r ON ur.role_id = r.id_ WHERE u.username = ?
2024-05-11 00:23:20 [main] DEBUG c.g.h.c.dao.UserDao.getUserWithRoles - ==> Parameters: gzx(String)
2024-05-11 00:23:20 [main] DEBUG c.g.h.c.dao.UserDao.getUserWithRoles - <==      Total: 1
2024-05-11 00:26:18 [main] INFO  c.g.h.c.s.impl.UserServiceImplTest - Starting UserServiceImplTest on PC-20210904KJSA with PID 21112 (started by Administrator in E:\Java_project\hotel-parent\hotel-core)
2024-05-11 00:26:18 [main] DEBUG c.g.h.c.s.impl.UserServiceImplTest - Running with Spring Boot v2.3.4.RELEASE, Spring v5.2.9.RELEASE
2024-05-11 00:26:18 [main] INFO  c.g.h.c.s.impl.UserServiceImplTest - No active profile set, falling back to default profiles: default
2024-05-11 00:26:21 [main] INFO  o.s.s.web.DefaultSecurityFilterChain - Creating filter chain: any request, [org.springframework.security.web.context.request.async.WebAsyncManagerIntegrationFilter@480b57e2, org.springframework.security.web.context.SecurityContextPersistenceFilter@29b40b3, org.springframework.security.web.header.HeaderWriterFilter@462abec3, org.springframework.web.filter.CorsFilter@40f35e52, org.springframework.security.web.authentication.logout.LogoutFilter@1a500561, org.springframework.security.web.savedrequest.RequestCacheAwareFilter@656f62dc, org.springframework.security.web.servletapi.SecurityContextHolderAwareRequestFilter@119b0892, org.springframework.security.web.authentication.AnonymousAuthenticationFilter@340d6d89, org.springframework.security.web.session.SessionManagementFilter@45f756e6, org.springframework.security.web.access.ExceptionTranslationFilter@341b13a8, org.springframework.security.web.access.intercept.FilterSecurityInterceptor@64f981e2]
2024-05-11 00:26:22 [main] INFO  c.g.h.c.s.impl.UserServiceImplTest - Started UserServiceImplTest in 4.668 seconds (JVM running for 5.141)
2024-05-11 00:26:23 [main] DEBUG c.g.h.c.dao.UserDao.getUserWithRoles - ==>  Preparing: SELECT u.*, r.`name` AS role_name FROM user u LEFT JOIN user_role ur ON u.id_ = ur.user_id LEFT JOIN role r ON ur.role_id = r.id_ WHERE u.username = ?
2024-05-11 00:26:23 [main] DEBUG c.g.h.c.dao.UserDao.getUserWithRoles - ==> Parameters: gzx(String)
2024-05-11 00:26:23 [main] DEBUG c.g.h.c.dao.UserDao.getUserWithRoles - <==      Total: 1
2024-05-11 00:26:44 [main] INFO  c.g.h.c.s.impl.UserServiceImplTest - Starting UserServiceImplTest on PC-20210904KJSA with PID 11020 (started by Administrator in E:\Java_project\hotel-parent\hotel-core)
2024-05-11 00:26:44 [main] DEBUG c.g.h.c.s.impl.UserServiceImplTest - Running with Spring Boot v2.3.4.RELEASE, Spring v5.2.9.RELEASE
2024-05-11 00:26:44 [main] INFO  c.g.h.c.s.impl.UserServiceImplTest - No active profile set, falling back to default profiles: default
2024-05-11 00:26:47 [main] INFO  o.s.s.web.DefaultSecurityFilterChain - Creating filter chain: any request, [org.springframework.security.web.context.request.async.WebAsyncManagerIntegrationFilter@673c4f6e, org.springframework.security.web.context.SecurityContextPersistenceFilter@2d55e826, org.springframework.security.web.header.HeaderWriterFilter@724b939e, org.springframework.web.filter.CorsFilter@15c487a8, org.springframework.security.web.authentication.logout.LogoutFilter@7f9fc8bd, org.springframework.security.web.savedrequest.RequestCacheAwareFilter@45f756e6, org.springframework.security.web.servletapi.SecurityContextHolderAwareRequestFilter@1115433e, org.springframework.security.web.authentication.AnonymousAuthenticationFilter@3f36e8d1, org.springframework.security.web.session.SessionManagementFilter@5626d18c, org.springframework.security.web.access.ExceptionTranslationFilter@5f96f6a2, org.springframework.security.web.access.intercept.FilterSecurityInterceptor@17410c07]
2024-05-11 00:26:48 [main] INFO  c.g.h.c.s.impl.UserServiceImplTest - Started UserServiceImplTest in 4.439 seconds (JVM running for 4.901)
2024-05-11 00:26:48 [main] DEBUG c.g.h.c.dao.UserDao.getUserWithRoles - ==>  Preparing: SELECT u.*, r.`name` AS role_name FROM user u LEFT JOIN user_role ur ON u.id_ = ur.user_id LEFT JOIN role r ON ur.role_id = r.id_ WHERE u.username = ?
2024-05-11 00:26:48 [main] DEBUG c.g.h.c.dao.UserDao.getUserWithRoles - ==> Parameters: gzx(String)
2024-05-11 00:26:49 [main] DEBUG c.g.h.c.dao.UserDao.getUserWithRoles - <==      Total: 1
2024-05-11 00:38:08 [main] INFO  c.g.h.c.s.impl.UserServiceImplTest - Starting UserServiceImplTest on PC-20210904KJSA with PID 26232 (started by Administrator in E:\Java_project\hotel-parent\hotel-core)
2024-05-11 00:38:08 [main] DEBUG c.g.h.c.s.impl.UserServiceImplTest - Running with Spring Boot v2.3.4.RELEASE, Spring v5.2.9.RELEASE
2024-05-11 00:38:08 [main] INFO  c.g.h.c.s.impl.UserServiceImplTest - No active profile set, falling back to default profiles: default
2024-05-11 00:38:11 [main] INFO  o.s.s.web.DefaultSecurityFilterChain - Creating filter chain: any request, [org.springframework.security.web.context.request.async.WebAsyncManagerIntegrationFilter@5ae15, org.springframework.security.web.context.SecurityContextPersistenceFilter@575cabf0, org.springframework.security.web.header.HeaderWriterFilter@157d3a45, org.springframework.web.filter.CorsFilter@577536e0, org.springframework.security.web.authentication.logout.LogoutFilter@5042e3d0, org.springframework.security.web.savedrequest.RequestCacheAwareFilter@566e142, org.springframework.security.web.servletapi.SecurityContextHolderAwareRequestFilter@704067c6, org.springframework.security.web.authentication.AnonymousAuthenticationFilter@12219f6a, org.springframework.security.web.session.SessionManagementFilter@28279a49, org.springframework.security.web.access.ExceptionTranslationFilter@27fe059d, org.springframework.security.web.access.intercept.FilterSecurityInterceptor@64b018f3]
2024-05-11 00:38:12 [main] INFO  c.g.h.c.s.impl.UserServiceImplTest - Started UserServiceImplTest in 4.228 seconds (JVM running for 4.689)
2024-05-11 00:38:13 [main] DEBUG c.g.h.c.dao.UserDao.getUserWithRoles - ==>  Preparing: SELECT u.*, r.`name` AS role_name FROM user u LEFT JOIN user_role ur ON u.id_ = ur.user_id LEFT JOIN role r ON ur.role_id = r.id_ WHERE u.username = ?
2024-05-11 00:38:13 [main] DEBUG c.g.h.c.dao.UserDao.getUserWithRoles - ==> Parameters: gzx(String)
2024-05-11 00:38:13 [main] DEBUG c.g.h.c.dao.UserDao.getUserWithRoles - <==      Total: 1
2024-05-11 00:38:13 [main] WARN  o.s.s.c.bcrypt.BCryptPasswordEncoder - Encoded password does not look like BCrypt
2024-05-11 00:39:18 [main] INFO  c.g.h.c.s.impl.UserServiceImplTest - Starting UserServiceImplTest on PC-20210904KJSA with PID 20680 (started by Administrator in E:\Java_project\hotel-parent\hotel-core)
2024-05-11 00:39:18 [main] DEBUG c.g.h.c.s.impl.UserServiceImplTest - Running with Spring Boot v2.3.4.RELEASE, Spring v5.2.9.RELEASE
2024-05-11 00:39:18 [main] INFO  c.g.h.c.s.impl.UserServiceImplTest - No active profile set, falling back to default profiles: default
2024-05-11 00:39:22 [main] INFO  o.s.s.web.DefaultSecurityFilterChain - Creating filter chain: any request, [org.springframework.security.web.context.request.async.WebAsyncManagerIntegrationFilter@e9474f, org.springframework.security.web.context.SecurityContextPersistenceFilter@4998e74b, org.springframework.security.web.header.HeaderWriterFilter@5f0bab7e, org.springframework.web.filter.CorsFilter@1c61eda5, org.springframework.security.web.authentication.logout.LogoutFilter@5d66e944, org.springframework.security.web.savedrequest.RequestCacheAwareFilter@28279a49, org.springframework.security.web.servletapi.SecurityContextHolderAwareRequestFilter@1f992a3a, org.springframework.security.web.authentication.AnonymousAuthenticationFilter@1859ffda, org.springframework.security.web.session.SessionManagementFilter@673e76b3, org.springframework.security.web.access.ExceptionTranslationFilter@3a8cea24, org.springframework.security.web.access.intercept.FilterSecurityInterceptor@626d2016]
2024-05-11 00:39:22 [main] INFO  c.g.h.c.s.impl.UserServiceImplTest - Started UserServiceImplTest in 4.358 seconds (JVM running for 4.818)
2024-05-11 00:39:40 [main] INFO  c.g.h.c.s.impl.UserServiceImplTest - Starting UserServiceImplTest on PC-20210904KJSA with PID 19460 (started by Administrator in E:\Java_project\hotel-parent\hotel-core)
2024-05-11 00:39:40 [main] DEBUG c.g.h.c.s.impl.UserServiceImplTest - Running with Spring Boot v2.3.4.RELEASE, Spring v5.2.9.RELEASE
2024-05-11 00:39:40 [main] INFO  c.g.h.c.s.impl.UserServiceImplTest - No active profile set, falling back to default profiles: default
2024-05-11 00:39:43 [main] INFO  o.s.s.web.DefaultSecurityFilterChain - Creating filter chain: any request, [org.springframework.security.web.context.request.async.WebAsyncManagerIntegrationFilter@1859ffda, org.springframework.security.web.context.SecurityContextPersistenceFilter@28279a49, org.springframework.security.web.header.HeaderWriterFilter@337a6d30, org.springframework.web.filter.CorsFilter@59838256, org.springframework.security.web.authentication.logout.LogoutFilter@4351ed61, org.springframework.security.web.savedrequest.RequestCacheAwareFilter@3663d0ba, org.springframework.security.web.servletapi.SecurityContextHolderAwareRequestFilter@261bd7b, org.springframework.security.web.authentication.AnonymousAuthenticationFilter@131a7516, org.springframework.security.web.session.SessionManagementFilter@18d11527, org.springframework.security.web.access.ExceptionTranslationFilter@5d318e91, org.springframework.security.web.access.intercept.FilterSecurityInterceptor@4f116ca2]
2024-05-11 00:39:44 [main] INFO  c.g.h.c.s.impl.UserServiceImplTest - Started UserServiceImplTest in 4.205 seconds (JVM running for 4.671)
2024-05-11 00:39:45 [main] DEBUG c.g.h.c.dao.UserDao.getUserWithRoles - ==>  Preparing: SELECT u.*, r.`name` AS role_name FROM user u LEFT JOIN user_role ur ON u.id_ = ur.user_id LEFT JOIN role r ON ur.role_id = r.id_ WHERE u.username = ?
2024-05-11 00:39:45 [main] DEBUG c.g.h.c.dao.UserDao.getUserWithRoles - ==> Parameters: gzx(String)
2024-05-11 00:39:45 [main] DEBUG c.g.h.c.dao.UserDao.getUserWithRoles - <==      Total: 1
2024-05-11 01:43:15 [main] INFO  c.g.h.c.s.impl.UserServiceImplTest - Starting UserServiceImplTest on PC-20210904KJSA with PID 22584 (started by Administrator in E:\Java_project\hotel-parent\hotel-core)
2024-05-11 01:43:15 [main] DEBUG c.g.h.c.s.impl.UserServiceImplTest - Running with Spring Boot v2.3.4.RELEASE, Spring v5.2.9.RELEASE
2024-05-11 01:43:15 [main] INFO  c.g.h.c.s.impl.UserServiceImplTest - No active profile set, falling back to default profiles: default
2024-05-11 01:43:18 [main] INFO  o.s.s.web.DefaultSecurityFilterChain - Creating filter chain: any request, [org.springframework.security.web.context.request.async.WebAsyncManagerIntegrationFilter@69a024a0, org.springframework.security.web.context.SecurityContextPersistenceFilter@309dcdf3, org.springframework.security.web.header.HeaderWriterFilter@6367a688, org.springframework.web.filter.CorsFilter@4bf80c29, org.springframework.security.web.authentication.logout.LogoutFilter@114a5e0, com.gzx.hotel.core.interceptor.JwtAuthenticationTokenFilter@2d7637e6, org.springframework.security.web.savedrequest.RequestCacheAwareFilter@9a20cbd, org.springframework.security.web.servletapi.SecurityContextHolderAwareRequestFilter@40c06358, org.springframework.security.web.authentication.AnonymousAuthenticationFilter@515b9d4a, org.springframework.security.web.session.SessionManagementFilter@4ea17147, org.springframework.security.web.access.ExceptionTranslationFilter@62aeddc8, org.springframework.security.web.access.intercept.FilterSecurityInterceptor@7dee835]
2024-05-11 01:43:19 [main] INFO  c.g.h.c.s.impl.UserServiceImplTest - Started UserServiceImplTest in 4.133 seconds (JVM running for 4.579)
2024-05-11 01:43:20 [main] DEBUG c.g.h.c.dao.UserDao.getUserWithRoles - ==>  Preparing: SELECT u.*, r.`name` AS role_name FROM user u LEFT JOIN user_role ur ON u.id_ = ur.user_id LEFT JOIN role r ON ur.role_id = r.id_ WHERE u.username = ?
2024-05-11 01:43:20 [main] DEBUG c.g.h.c.dao.UserDao.getUserWithRoles - ==> Parameters: gzx(String)
2024-05-11 01:43:20 [main] DEBUG c.g.h.c.dao.UserDao.getUserWithRoles - <==      Total: 1
