2024-05-10 17:28:38 [main] INFO  c.g.h.s.impl.RoomServiceImplTest - Starting RoomServiceImplTest on PC-20210904KJSA with PID 16500 (started by Administrator in E:\Java_project\hotel-parent\hotel-core)
2024-05-10 17:28:38 [main] DEBUG c.g.h.s.impl.RoomServiceImplTest - Running with Spring Boot v2.3.4.RELEASE, Spring v5.2.9.RELEASE
2024-05-10 17:28:38 [main] INFO  c.g.h.s.impl.RoomServiceImplTest - No active profile set, falling back to default profiles: default
2024-05-10 17:37:13 [main] INFO  c.g.h.s.impl.RoomServiceImplTest - Starting RoomServiceImplTest on PC-20210904KJSA with PID 20204 (started by Administrator in E:\Java_project\hotel-parent\hotel-core)
2024-05-10 17:37:13 [main] DEBUG c.g.h.s.impl.RoomServiceImplTest - Running with Spring Boot v2.3.4.RELEASE, Spring v5.2.9.RELEASE
2024-05-10 17:37:13 [main] INFO  c.g.h.s.impl.RoomServiceImplTest - No active profile set, falling back to default profiles: default
2024-05-10 17:37:46 [main] INFO  c.g.h.s.impl.RoomServiceImplTest - Starting RoomServiceImplTest on PC-20210904KJSA with PID 19208 (started by Administrator in E:\Java_project\hotel-parent\hotel-core)
2024-05-10 17:37:46 [main] DEBUG c.g.h.s.impl.RoomServiceImplTest - Running with Spring Boot v2.3.4.RELEASE, Spring v5.2.9.RELEASE
2024-05-10 17:37:46 [main] INFO  c.g.h.s.impl.RoomServiceImplTest - No active profile set, falling back to default profiles: default
2024-05-10 17:37:50 [main] INFO  o.s.s.web.DefaultSecurityFilterChain - Creating filter chain: any request, [org.springframework.security.web.context.request.async.WebAsyncManagerIntegrationFilter@55736cfe, org.springframework.security.web.context.SecurityContextPersistenceFilter@c1e14f, org.springframework.security.web.header.HeaderWriterFilter@498a612d, org.springframework.security.web.csrf.CsrfFilter@16e99306, org.springframework.security.web.authentication.logout.LogoutFilter@10177794, org.springframework.security.web.authentication.UsernamePasswordAuthenticationFilter@7a1a3468, org.springframework.security.web.authentication.ui.DefaultLoginPageGeneratingFilter@415a3f6a, org.springframework.security.web.authentication.ui.DefaultLogoutPageGeneratingFilter@5a566922, org.springframework.security.web.authentication.www.BasicAuthenticationFilter@43da0955, org.springframework.security.web.savedrequest.RequestCacheAwareFilter@72028a45, org.springframework.security.web.servletapi.SecurityContextHolderAwareRequestFilter@13d019a4, org.springframework.security.web.authentication.AnonymousAuthenticationFilter@6f7a2a5, org.springframework.security.web.session.SessionManagementFilter@4dfdfe7d, org.springframework.security.web.access.ExceptionTranslationFilter@88b76f2, org.springframework.security.web.access.intercept.FilterSecurityInterceptor@443a53df]
2024-05-10 17:37:50 [main] INFO  c.g.h.s.impl.RoomServiceImplTest - Started RoomServiceImplTest in 4.25 seconds (JVM running for 4.7)
2024-05-10 17:40:12 [main] INFO  c.g.h.s.impl.RoomServiceImplTest - Starting RoomServiceImplTest on PC-20210904KJSA with PID 1496 (started by Administrator in E:\Java_project\hotel-parent\hotel-core)
2024-05-10 17:40:12 [main] DEBUG c.g.h.s.impl.RoomServiceImplTest - Running with Spring Boot v2.3.4.RELEASE, Spring v5.2.9.RELEASE
2024-05-10 17:40:12 [main] INFO  c.g.h.s.impl.RoomServiceImplTest - No active profile set, falling back to default profiles: default
2024-05-10 17:40:15 [main] INFO  o.s.s.web.DefaultSecurityFilterChain - Creating filter chain: any request, [org.springframework.security.web.context.request.async.WebAsyncManagerIntegrationFilter@113ee1ce, org.springframework.security.web.context.SecurityContextPersistenceFilter@1b4872bc, org.springframework.security.web.header.HeaderWriterFilter@2c604965, org.springframework.security.web.csrf.CsrfFilter@6f1c3f18, org.springframework.security.web.authentication.logout.LogoutFilter@5f9f3e58, org.springframework.security.web.authentication.UsernamePasswordAuthenticationFilter@15986dd5, org.springframework.security.web.authentication.ui.DefaultLoginPageGeneratingFilter@364b1061, org.springframework.security.web.authentication.ui.DefaultLogoutPageGeneratingFilter@4d0cc83e, org.springframework.security.web.authentication.www.BasicAuthenticationFilter@16ee9aa7, org.springframework.security.web.savedrequest.RequestCacheAwareFilter@1e1237ab, org.springframework.security.web.servletapi.SecurityContextHolderAwareRequestFilter@74667e6a, org.springframework.security.web.authentication.AnonymousAuthenticationFilter@43da0955, org.springframework.security.web.session.SessionManagementFilter@6c17c0f8, org.springframework.security.web.access.ExceptionTranslationFilter@7a083b96, org.springframework.security.web.access.intercept.FilterSecurityInterceptor@79ba0a6f]
2024-05-10 17:40:15 [main] INFO  c.g.h.s.impl.RoomServiceImplTest - Started RoomServiceImplTest in 3.757 seconds (JVM running for 4.212)
2024-05-10 17:40:16 [main] DEBUG c.g.h.core.dao.RoomDao.selectList - ==>  Preparing: SELECT id_,name,use FROM room
2024-05-10 17:40:16 [main] DEBUG c.g.h.core.dao.RoomDao.selectList - ==> Parameters: 
2024-05-10 17:49:38 [main] INFO  c.g.h.s.impl.RoomServiceImplTest - Starting RoomServiceImplTest on PC-20210904KJSA with PID 20944 (started by Administrator in E:\Java_project\hotel-parent\hotel-core)
2024-05-10 17:49:38 [main] DEBUG c.g.h.s.impl.RoomServiceImplTest - Running with Spring Boot v2.3.4.RELEASE, Spring v5.2.9.RELEASE
2024-05-10 17:49:38 [main] INFO  c.g.h.s.impl.RoomServiceImplTest - No active profile set, falling back to default profiles: default
2024-05-10 17:49:42 [main] INFO  o.s.s.web.DefaultSecurityFilterChain - Creating filter chain: any request, [org.springframework.security.web.context.request.async.WebAsyncManagerIntegrationFilter@6d963d70, org.springframework.security.web.context.SecurityContextPersistenceFilter@1578b8ec, org.springframework.security.web.header.HeaderWriterFilter@88b76f2, org.springframework.security.web.csrf.CsrfFilter@54af3cb9, org.springframework.security.web.authentication.logout.LogoutFilter@87d9a01, org.springframework.security.web.authentication.UsernamePasswordAuthenticationFilter@5d352de0, org.springframework.security.web.authentication.ui.DefaultLoginPageGeneratingFilter@13d019a4, org.springframework.security.web.authentication.ui.DefaultLogoutPageGeneratingFilter@467045c4, org.springframework.security.web.authentication.www.BasicAuthenticationFilter@113ee1ce, org.springframework.security.web.savedrequest.RequestCacheAwareFilter@c1e14f, org.springframework.security.web.servletapi.SecurityContextHolderAwareRequestFilter@172f4514, org.springframework.security.web.authentication.AnonymousAuthenticationFilter@55736cfe, org.springframework.security.web.session.SessionManagementFilter@498a612d, org.springframework.security.web.access.ExceptionTranslationFilter@6c17c0f8, org.springframework.security.web.access.intercept.FilterSecurityInterceptor@ce12fbb]
2024-05-10 17:49:42 [main] INFO  c.g.h.s.impl.RoomServiceImplTest - Started RoomServiceImplTest in 3.907 seconds (JVM running for 4.363)
2024-05-10 17:49:42 [main] DEBUG c.g.h.core.dao.RoomDao.selectList - ==>  Preparing: SELECT id_,name,use FROM room
2024-05-10 17:49:42 [main] DEBUG c.g.h.core.dao.RoomDao.selectList - ==> Parameters: 
2024-05-10 17:53:33 [main] INFO  c.g.h.s.impl.RoomServiceImplTest - Starting RoomServiceImplTest on PC-20210904KJSA with PID 2936 (started by Administrator in E:\Java_project\hotel-parent\hotel-core)
2024-05-10 17:53:33 [main] DEBUG c.g.h.s.impl.RoomServiceImplTest - Running with Spring Boot v2.3.4.RELEASE, Spring v5.2.9.RELEASE
2024-05-10 17:53:33 [main] INFO  c.g.h.s.impl.RoomServiceImplTest - No active profile set, falling back to default profiles: default
2024-05-10 17:53:37 [main] INFO  o.s.s.web.DefaultSecurityFilterChain - Creating filter chain: any request, [org.springframework.security.web.context.request.async.WebAsyncManagerIntegrationFilter@c3719e5, org.springframework.security.web.context.SecurityContextPersistenceFilter@7b222230, org.springframework.security.web.header.HeaderWriterFilter@f613067, org.springframework.security.web.csrf.CsrfFilter@93501be, org.springframework.security.web.authentication.logout.LogoutFilter@647b9364, org.springframework.security.web.authentication.UsernamePasswordAuthenticationFilter@498c535d, org.springframework.security.web.authentication.ui.DefaultLoginPageGeneratingFilter@23310248, org.springframework.security.web.authentication.ui.DefaultLogoutPageGeneratingFilter@65c17e38, org.springframework.security.web.authentication.www.BasicAuthenticationFilter@55736cfe, org.springframework.security.web.savedrequest.RequestCacheAwareFilter@50fdf44f, org.springframework.security.web.servletapi.SecurityContextHolderAwareRequestFilter@19da993b, org.springframework.security.web.authentication.AnonymousAuthenticationFilter@5e180aaf, org.springframework.security.web.session.SessionManagementFilter@226de93c, org.springframework.security.web.access.ExceptionTranslationFilter@4dfdfe7d, org.springframework.security.web.access.intercept.FilterSecurityInterceptor@15986dd5]
2024-05-10 17:53:37 [main] INFO  c.g.h.s.impl.RoomServiceImplTest - Started RoomServiceImplTest in 3.745 seconds (JVM running for 4.198)
2024-05-10 17:53:37 [main] DEBUG c.g.h.core.dao.RoomDao.selectList - ==>  Preparing: SELECT id_,`name`,`use` FROM room
2024-05-10 17:53:37 [main] DEBUG c.g.h.core.dao.RoomDao.selectList - ==> Parameters: 
2024-05-10 17:53:37 [main] DEBUG c.g.h.core.dao.RoomDao.selectList - <==      Total: 0
