2024-05-11 01:15:10 [main] INFO  com.gzx.hotel.core.Application - Starting Application on PC-20210904KJSA with PID 14916 (E:\Java_project\hotel-parent\hotel-core\target\classes started by Administrator in E:\Java_project\hotel-parent)
2024-05-11 01:15:10 [main] DEBUG com.gzx.hotel.core.Application - Running with Spring Boot v2.3.4.RELEASE, Spring v5.2.9.RELEASE
2024-05-11 01:15:10 [main] INFO  com.gzx.hotel.core.Application - No active profile set, falling back to default profiles: default
2024-05-11 01:15:11 [main] DEBUG c.g.h.c.i.JwtAuthenticationTokenFilter - Filter 'jwtAuthenticationTokenFilter' configured for use
2024-05-11 01:15:12 [main] INFO  o.s.s.web.DefaultSecurityFilterChain - Creating filter chain: any request, [org.springframework.security.web.context.request.async.WebAsyncManagerIntegrationFilter@70721c12, org.springframework.security.web.context.SecurityContextPersistenceFilter@e784320, org.springframework.security.web.header.HeaderWriterFilter@e280403, org.springframework.web.filter.CorsFilter@769bd849, org.springframework.security.web.authentication.logout.LogoutFilter@27a09971, com.gzx.hotel.core.interceptor.JwtAuthenticationTokenFilter@65b97f47, org.springframework.security.web.savedrequest.RequestCacheAwareFilter@13c8ac77, org.springframework.security.web.servletapi.SecurityContextHolderAwareRequestFilter@d48e998, org.springframework.security.web.authentication.AnonymousAuthenticationFilter@101ca8da, org.springframework.security.web.session.SessionManagementFilter@12a470dd, org.springframework.security.web.access.ExceptionTranslationFilter@6a1ef65c, org.springframework.security.web.access.intercept.FilterSecurityInterceptor@3c0e00a8]
2024-05-11 01:15:12 [main] INFO  com.gzx.hotel.core.Application - Started Application in 2.786 seconds (JVM running for 3.721)
2024-05-11 01:24:58 [main] INFO  com.gzx.hotel.core.Application - Starting Application on PC-20210904KJSA with PID 13840 (E:\Java_project\hotel-parent\hotel-core\target\classes started by Administrator in E:\Java_project\hotel-parent)
2024-05-11 01:24:58 [main] DEBUG com.gzx.hotel.core.Application - Running with Spring Boot v2.3.4.RELEASE, Spring v5.2.9.RELEASE
2024-05-11 01:24:58 [main] INFO  com.gzx.hotel.core.Application - No active profile set, falling back to default profiles: default
2024-05-11 01:24:59 [main] DEBUG c.g.h.c.i.JwtAuthenticationTokenFilter - Filter 'jwtAuthenticationTokenFilter' configured for use
2024-05-11 01:25:00 [main] INFO  o.s.s.web.DefaultSecurityFilterChain - Creating filter chain: any request, [org.springframework.security.web.context.request.async.WebAsyncManagerIntegrationFilter@2582b0ef, org.springframework.security.web.context.SecurityContextPersistenceFilter@5568c66f, org.springframework.security.web.header.HeaderWriterFilter@1319bc2a, org.springframework.web.filter.CorsFilter@70721c12, org.springframework.security.web.authentication.logout.LogoutFilter@31b82e0f, com.gzx.hotel.core.interceptor.JwtAuthenticationTokenFilter@60bbacfc, org.springframework.security.web.savedrequest.RequestCacheAwareFilter@3f6bf8aa, org.springframework.security.web.servletapi.SecurityContextHolderAwareRequestFilter@64942607, org.springframework.security.web.authentication.AnonymousAuthenticationFilter@769bd849, org.springframework.security.web.session.SessionManagementFilter@2ceee4b6, org.springframework.security.web.access.ExceptionTranslationFilter@92d1782, org.springframework.security.web.access.intercept.FilterSecurityInterceptor@3965bdf9]
2024-05-11 01:25:01 [main] INFO  com.gzx.hotel.core.Application - Started Application in 2.806 seconds (JVM running for 3.68)
2024-05-11 01:25:50 [main] INFO  com.gzx.hotel.core.Application - Starting Application on PC-20210904KJSA with PID 17380 (E:\Java_project\hotel-parent\hotel-core\target\classes started by Administrator in E:\Java_project\hotel-parent)
2024-05-11 01:25:50 [main] DEBUG com.gzx.hotel.core.Application - Running with Spring Boot v2.3.4.RELEASE, Spring v5.2.9.RELEASE
2024-05-11 01:25:50 [main] INFO  com.gzx.hotel.core.Application - No active profile set, falling back to default profiles: default
2024-05-11 01:25:51 [main] DEBUG c.g.h.c.i.JwtAuthenticationTokenFilter - Filter 'jwtAuthenticationTokenFilter' configured for use
2024-05-11 01:25:52 [main] INFO  o.s.s.web.DefaultSecurityFilterChain - Creating filter chain: any request, [org.springframework.security.web.context.request.async.WebAsyncManagerIntegrationFilter@405b6d75, org.springframework.security.web.context.SecurityContextPersistenceFilter@4bdf, org.springframework.security.web.header.HeaderWriterFilter@27abb6ca, org.springframework.web.filter.CorsFilter@682abca7, org.springframework.security.web.authentication.logout.LogoutFilter@152c4495, com.gzx.hotel.core.interceptor.JwtAuthenticationTokenFilter@54e3658c, org.springframework.security.web.savedrequest.RequestCacheAwareFilter@2c63762b, org.springframework.security.web.servletapi.SecurityContextHolderAwareRequestFilter@50eb4a2c, org.springframework.security.web.authentication.AnonymousAuthenticationFilter@1d858300, org.springframework.security.web.session.SessionManagementFilter@e784320, org.springframework.security.web.access.ExceptionTranslationFilter@1319bc2a, org.springframework.security.web.access.intercept.FilterSecurityInterceptor@3408f695]
2024-05-11 01:25:53 [main] INFO  com.gzx.hotel.core.Application - Started Application in 2.714 seconds (JVM running for 3.661)
2024-05-11 01:26:30 [main] INFO  com.gzx.hotel.core.Application - Starting Application on PC-20210904KJSA with PID 19044 (E:\Java_project\hotel-parent\hotel-core\target\classes started by Administrator in E:\Java_project\hotel-parent)
2024-05-11 01:26:30 [main] DEBUG com.gzx.hotel.core.Application - Running with Spring Boot v2.3.4.RELEASE, Spring v5.2.9.RELEASE
2024-05-11 01:26:30 [main] INFO  com.gzx.hotel.core.Application - No active profile set, falling back to default profiles: default
2024-05-11 01:26:31 [main] DEBUG c.g.h.c.i.JwtAuthenticationTokenFilter - Filter 'jwtAuthenticationTokenFilter' configured for use
2024-05-11 01:26:45 [main] INFO  o.s.s.web.DefaultSecurityFilterChain - Creating filter chain: any request, [org.springframework.security.web.context.request.async.WebAsyncManagerIntegrationFilter@1b47b7f5, org.springframework.security.web.context.SecurityContextPersistenceFilter@561d88ee, org.springframework.security.web.header.HeaderWriterFilter@819fb19, org.springframework.web.filter.CorsFilter@506aa618, org.springframework.security.web.authentication.logout.LogoutFilter@4536a715, com.gzx.hotel.core.interceptor.JwtAuthenticationTokenFilter@61037caf, org.springframework.security.web.savedrequest.RequestCacheAwareFilter@5f883d90, org.springframework.security.web.servletapi.SecurityContextHolderAwareRequestFilter@10dfa7ef, org.springframework.security.web.authentication.AnonymousAuthenticationFilter@4b6b5352, org.springframework.security.web.session.SessionManagementFilter@23afc725, org.springframework.security.web.access.ExceptionTranslationFilter@3dc82e6a, org.springframework.security.web.access.intercept.FilterSecurityInterceptor@4b5ad306]
2024-05-11 01:27:37 [main] INFO  com.gzx.hotel.core.Application - Started Application in 67.489 seconds (JVM running for 68.388)
2024-05-11 01:40:07 [main] INFO  com.gzx.hotel.core.Application - Starting Application on PC-20210904KJSA with PID 18672 (E:\Java_project\hotel-parent\hotel-core\target\classes started by Administrator in E:\Java_project\hotel-parent)
2024-05-11 01:40:07 [main] DEBUG com.gzx.hotel.core.Application - Running with Spring Boot v2.3.4.RELEASE, Spring v5.2.9.RELEASE
2024-05-11 01:40:07 [main] INFO  com.gzx.hotel.core.Application - No active profile set, falling back to default profiles: default
2024-05-11 01:40:08 [main] DEBUG c.g.h.c.i.JwtAuthenticationTokenFilter - Filter 'jwtAuthenticationTokenFilter' configured for use
2024-05-11 01:40:10 [main] INFO  o.s.s.web.DefaultSecurityFilterChain - Creating filter chain: any request, [org.springframework.security.web.context.request.async.WebAsyncManagerIntegrationFilter@27443560, org.springframework.security.web.context.SecurityContextPersistenceFilter@12a470dd, org.springframework.security.web.header.HeaderWriterFilter@72976b4, org.springframework.web.filter.CorsFilter@3ddb774f, org.springframework.security.web.authentication.logout.LogoutFilter@2ead6ba4, com.gzx.hotel.core.interceptor.JwtAuthenticationTokenFilter@21bd20ee, org.springframework.security.web.savedrequest.RequestCacheAwareFilter@5568c66f, org.springframework.security.web.servletapi.SecurityContextHolderAwareRequestFilter@5f05c8d6, org.springframework.security.web.authentication.AnonymousAuthenticationFilter@2582b0ef, org.springframework.security.web.session.SessionManagementFilter@77f991c, org.springframework.security.web.access.ExceptionTranslationFilter@64e1377c, org.springframework.security.web.access.intercept.FilterSecurityInterceptor@7f7b6639]
2024-05-11 01:40:10 [main] INFO  com.gzx.hotel.core.Application - Started Application in 2.779 seconds (JVM running for 3.689)
2024-05-11 01:42:35 [main] INFO  com.gzx.hotel.core.Application - Starting Application on PC-20210904KJSA with PID 26384 (E:\Java_project\hotel-parent\hotel-core\target\classes started by Administrator in E:\Java_project\hotel-parent)
2024-05-11 01:42:35 [main] DEBUG com.gzx.hotel.core.Application - Running with Spring Boot v2.3.4.RELEASE, Spring v5.2.9.RELEASE
2024-05-11 01:42:35 [main] INFO  com.gzx.hotel.core.Application - No active profile set, falling back to default profiles: default
2024-05-11 01:42:45 [main] INFO  com.gzx.hotel.core.Application - Starting Application on PC-20210904KJSA with PID 22460 (E:\Java_project\hotel-parent\hotel-core\target\classes started by Administrator in E:\Java_project\hotel-parent)
2024-05-11 01:42:45 [main] DEBUG com.gzx.hotel.core.Application - Running with Spring Boot v2.3.4.RELEASE, Spring v5.2.9.RELEASE
2024-05-11 01:42:45 [main] INFO  com.gzx.hotel.core.Application - No active profile set, falling back to default profiles: default
2024-05-11 01:42:46 [main] DEBUG c.g.h.c.i.JwtAuthenticationTokenFilter - Filter 'jwtAuthenticationTokenFilter' configured for use
2024-05-11 01:42:47 [main] INFO  o.s.s.web.DefaultSecurityFilterChain - Creating filter chain: any request, [org.springframework.security.web.context.request.async.WebAsyncManagerIntegrationFilter@318c68d5, org.springframework.security.web.context.SecurityContextPersistenceFilter@59939293, org.springframework.security.web.header.HeaderWriterFilter@630bf683, org.springframework.web.filter.CorsFilter@4cfa83f9, org.springframework.security.web.authentication.logout.LogoutFilter@5d3b58ca, com.gzx.hotel.core.interceptor.JwtAuthenticationTokenFilter@39a87e72, org.springframework.security.web.savedrequest.RequestCacheAwareFilter@2d74c81b, org.springframework.security.web.servletapi.SecurityContextHolderAwareRequestFilter@dd4aec3, org.springframework.security.web.authentication.AnonymousAuthenticationFilter@321ca237, org.springframework.security.web.session.SessionManagementFilter@3520963d, org.springframework.security.web.access.ExceptionTranslationFilter@3a17b2e3, org.springframework.security.web.access.intercept.FilterSecurityInterceptor@40113163]
2024-05-11 01:42:47 [main] INFO  com.gzx.hotel.core.Application - Started Application in 2.82 seconds (JVM running for 3.685)
2024-05-11 01:52:28 [main] INFO  com.gzx.hotel.core.Application - Starting Application on PC-20210904KJSA with PID 24728 (E:\Java_project\hotel-parent\hotel-core\target\classes started by Administrator in E:\Java_project\hotel-parent)
2024-05-11 01:52:28 [main] DEBUG com.gzx.hotel.core.Application - Running with Spring Boot v2.3.4.RELEASE, Spring v5.2.9.RELEASE
2024-05-11 01:52:28 [main] INFO  com.gzx.hotel.core.Application - No active profile set, falling back to default profiles: default
2024-05-11 01:52:29 [main] DEBUG c.g.h.c.i.JwtAuthenticationTokenFilter - Filter 'jwtAuthenticationTokenFilter' configured for use
2024-05-11 01:52:30 [main] INFO  o.s.s.web.DefaultSecurityFilterChain - Creating filter chain: any request, [org.springframework.security.web.context.request.async.WebAsyncManagerIntegrationFilter@399ca607, org.springframework.security.web.context.SecurityContextPersistenceFilter@456bcb74, org.springframework.security.web.header.HeaderWriterFilter@47f04e4d, org.springframework.web.filter.CorsFilter@44114b9f, org.springframework.security.web.authentication.logout.LogoutFilter@52227eb2, com.gzx.hotel.core.interceptor.JwtAuthenticationTokenFilter@77a074b4, org.springframework.security.web.savedrequest.RequestCacheAwareFilter@dd4aec3, org.springframework.security.web.servletapi.SecurityContextHolderAwareRequestFilter@de81be1, org.springframework.security.web.authentication.AnonymousAuthenticationFilter@76bf1bb8, org.springframework.security.web.session.SessionManagementFilter@2dbc408c, org.springframework.security.web.access.ExceptionTranslationFilter@60df7989, org.springframework.security.web.access.intercept.FilterSecurityInterceptor@6bedd4e4]
2024-05-11 01:52:31 [main] INFO  com.gzx.hotel.core.Application - Started Application in 2.786 seconds (JVM running for 3.68)
2024-05-11 01:53:24 [main] INFO  com.gzx.hotel.core.Application - Starting Application on PC-20210904KJSA with PID 13584 (E:\Java_project\hotel-parent\hotel-core\target\classes started by Administrator in E:\Java_project\hotel-parent)
2024-05-11 01:53:24 [main] DEBUG com.gzx.hotel.core.Application - Running with Spring Boot v2.3.4.RELEASE, Spring v5.2.9.RELEASE
2024-05-11 01:53:24 [main] INFO  com.gzx.hotel.core.Application - No active profile set, falling back to default profiles: default
2024-05-11 01:53:25 [main] DEBUG c.g.h.c.i.JwtAuthenticationTokenFilter - Filter 'jwtAuthenticationTokenFilter' configured for use
2024-05-11 01:53:26 [main] INFO  o.s.s.web.DefaultSecurityFilterChain - Creating filter chain: any request, [org.springframework.security.web.context.request.async.WebAsyncManagerIntegrationFilter@4c5a2baf, org.springframework.security.web.context.SecurityContextPersistenceFilter@10b687f2, org.springframework.security.web.header.HeaderWriterFilter@6723610b, org.springframework.web.filter.CorsFilter@1ec22831, org.springframework.security.web.authentication.logout.LogoutFilter@5f5827d0, com.gzx.hotel.core.interceptor.JwtAuthenticationTokenFilter@3f0d6038, org.springframework.security.web.savedrequest.RequestCacheAwareFilter@26837057, org.springframework.security.web.servletapi.SecurityContextHolderAwareRequestFilter@3e28fee1, org.springframework.security.web.authentication.AnonymousAuthenticationFilter@63f855b, org.springframework.security.web.session.SessionManagementFilter@59939293, org.springframework.security.web.access.ExceptionTranslationFilter@640cc04b, org.springframework.security.web.access.intercept.FilterSecurityInterceptor@2b148329]
2024-05-11 01:53:27 [main] INFO  com.gzx.hotel.core.Application - Started Application in 2.847 seconds (JVM running for 3.801)
2024-05-11 01:54:00 [main] INFO  com.gzx.hotel.core.Application - Starting Application on PC-20210904KJSA with PID 21804 (E:\Java_project\hotel-parent\hotel-core\target\classes started by Administrator in E:\Java_project\hotel-parent)
2024-05-11 01:54:00 [main] DEBUG com.gzx.hotel.core.Application - Running with Spring Boot v2.3.4.RELEASE, Spring v5.2.9.RELEASE
2024-05-11 01:54:00 [main] INFO  com.gzx.hotel.core.Application - No active profile set, falling back to default profiles: default
2024-05-11 01:54:02 [main] DEBUG c.g.h.c.i.JwtAuthenticationTokenFilter - Filter 'jwtAuthenticationTokenFilter' configured for use
2024-05-11 01:54:15 [main] INFO  o.s.s.web.DefaultSecurityFilterChain - Creating filter chain: any request, [org.springframework.security.web.context.request.async.WebAsyncManagerIntegrationFilter@6ce9771c, org.springframework.security.web.context.SecurityContextPersistenceFilter@fcf9525, org.springframework.security.web.header.HeaderWriterFilter@45d7495e, org.springframework.web.filter.CorsFilter@4a9b92c6, org.springframework.security.web.authentication.logout.LogoutFilter@1cc41b77, com.gzx.hotel.core.interceptor.JwtAuthenticationTokenFilter@5a4dda2, org.springframework.security.web.savedrequest.RequestCacheAwareFilter@4243341e, org.springframework.security.web.servletapi.SecurityContextHolderAwareRequestFilter@52a67293, org.springframework.security.web.authentication.AnonymousAuthenticationFilter@6eed46e9, org.springframework.security.web.session.SessionManagementFilter@6e239337, org.springframework.security.web.access.ExceptionTranslationFilter@49889154, org.springframework.security.web.access.intercept.FilterSecurityInterceptor@6182ffef]
2024-05-11 01:55:10 [main] INFO  com.gzx.hotel.core.Application - Started Application in 69.434 seconds (JVM running for 70.39)
2024-05-11 01:59:27 [main] INFO  com.gzx.hotel.core.Application - Starting Application on PC-20210904KJSA with PID 20336 (E:\Java_project\hotel-parent\hotel-core\target\classes started by Administrator in E:\Java_project\hotel-parent)
2024-05-11 01:59:27 [main] DEBUG com.gzx.hotel.core.Application - Running with Spring Boot v2.3.4.RELEASE, Spring v5.2.9.RELEASE
2024-05-11 01:59:27 [main] INFO  com.gzx.hotel.core.Application - No active profile set, falling back to default profiles: default
2024-05-11 01:59:28 [main] DEBUG c.g.h.c.i.JwtAuthenticationTokenFilter - Filter 'jwtAuthenticationTokenFilter' configured for use
2024-05-11 01:59:29 [main] INFO  o.s.s.web.DefaultSecurityFilterChain - Creating filter chain: any request, [org.springframework.security.web.context.request.async.WebAsyncManagerIntegrationFilter@63f855b, org.springframework.security.web.context.SecurityContextPersistenceFilter@26837057, org.springframework.security.web.header.HeaderWriterFilter@60df7989, org.springframework.web.filter.CorsFilter@516592b1, org.springframework.security.web.authentication.logout.LogoutFilter@4337afd, com.gzx.hotel.core.interceptor.JwtAuthenticationTokenFilter@237f7970, org.springframework.security.web.savedrequest.RequestCacheAwareFilter@991cbde, org.springframework.security.web.servletapi.SecurityContextHolderAwareRequestFilter@3b332962, org.springframework.security.web.authentication.AnonymousAuthenticationFilter@4cffcc61, org.springframework.security.web.session.SessionManagementFilter@2d74c81b, org.springframework.security.web.access.ExceptionTranslationFilter@22d322f5, org.springframework.security.web.access.intercept.FilterSecurityInterceptor@c889805]
2024-05-11 01:59:29 [main] INFO  com.gzx.hotel.core.Application - Started Application in 2.81 seconds (JVM running for 3.68)
2024-05-11 01:59:39 [http-nio-8001-exec-1] DEBUG c.g.h.core.dao.RoomDao.selectList - ==>  Preparing: SELECT id_,`name`,`use` FROM room
2024-05-11 01:59:39 [http-nio-8001-exec-1] DEBUG c.g.h.core.dao.RoomDao.selectList - ==> Parameters: 
2024-05-11 01:59:40 [http-nio-8001-exec-1] DEBUG c.g.h.core.dao.RoomDao.selectList - <==      Total: 4
2024-05-11 02:00:34 [main] INFO  com.gzx.hotel.core.Application - Starting Application on PC-20210904KJSA with PID 25444 (E:\Java_project\hotel-parent\hotel-core\target\classes started by Administrator in E:\Java_project\hotel-parent)
2024-05-11 02:00:34 [main] DEBUG com.gzx.hotel.core.Application - Running with Spring Boot v2.3.4.RELEASE, Spring v5.2.9.RELEASE
2024-05-11 02:00:34 [main] INFO  com.gzx.hotel.core.Application - No active profile set, falling back to default profiles: default
2024-05-11 02:00:35 [main] DEBUG c.g.h.c.i.JwtAuthenticationTokenFilter - Filter 'jwtAuthenticationTokenFilter' configured for use
2024-05-11 02:00:36 [main] INFO  o.s.s.web.DefaultSecurityFilterChain - Creating filter chain: any request, [org.springframework.security.web.context.request.async.WebAsyncManagerIntegrationFilter@7e91ed74, org.springframework.security.web.context.SecurityContextPersistenceFilter@47f04e4d, org.springframework.security.web.header.HeaderWriterFilter@3a17b2e3, org.springframework.web.filter.CorsFilter@3878be7b, org.springframework.security.web.authentication.logout.LogoutFilter@642a16aa, com.gzx.hotel.core.interceptor.JwtAuthenticationTokenFilter@2f897dab, org.springframework.security.web.savedrequest.RequestCacheAwareFilter@388d14e, org.springframework.security.web.servletapi.SecurityContextHolderAwareRequestFilter@991cbde, org.springframework.security.web.authentication.AnonymousAuthenticationFilter@7df28f1, org.springframework.security.web.session.SessionManagementFilter@7ab1127c, org.springframework.security.web.access.ExceptionTranslationFilter@10b4e7f8, org.springframework.security.web.access.intercept.FilterSecurityInterceptor@29050de5]
2024-05-11 02:00:36 [main] INFO  com.gzx.hotel.core.Application - Started Application in 2.895 seconds (JVM running for 3.821)
2024-05-11 02:00:45 [http-nio-8001-exec-1] DEBUG c.g.h.core.dao.RoomDao.selectList - ==>  Preparing: SELECT id_,`name`,`use` FROM room
2024-05-11 02:00:45 [http-nio-8001-exec-1] DEBUG c.g.h.core.dao.RoomDao.selectList - ==> Parameters: 
2024-05-11 02:00:45 [http-nio-8001-exec-1] DEBUG c.g.h.core.dao.RoomDao.selectList - <==      Total: 4
2024-05-11 02:01:48 [main] INFO  com.gzx.hotel.core.Application - Starting Application on PC-20210904KJSA with PID 21496 (E:\Java_project\hotel-parent\hotel-core\target\classes started by Administrator in E:\Java_project\hotel-parent)
2024-05-11 02:01:48 [main] DEBUG com.gzx.hotel.core.Application - Running with Spring Boot v2.3.4.RELEASE, Spring v5.2.9.RELEASE
2024-05-11 02:01:48 [main] INFO  com.gzx.hotel.core.Application - No active profile set, falling back to default profiles: default
2024-05-11 02:01:49 [main] DEBUG c.g.h.c.i.JwtAuthenticationTokenFilter - Filter 'jwtAuthenticationTokenFilter' configured for use
2024-05-11 02:01:51 [main] INFO  o.s.s.web.DefaultSecurityFilterChain - Creating filter chain: any request, [org.springframework.security.web.context.request.async.WebAsyncManagerIntegrationFilter@516592b1, org.springframework.security.web.context.SecurityContextPersistenceFilter@2dbc408c, org.springframework.security.web.header.HeaderWriterFilter@7ab1127c, org.springframework.web.filter.CorsFilter@4cffcc61, org.springframework.security.web.authentication.logout.LogoutFilter@1d02af26, com.gzx.hotel.core.interceptor.JwtAuthenticationTokenFilter@58f39564, org.springframework.security.web.savedrequest.RequestCacheAwareFilter@78d71df1, org.springframework.security.web.servletapi.SecurityContextHolderAwareRequestFilter@57ddd45b, org.springframework.security.web.authentication.AnonymousAuthenticationFilter@4373f66f, org.springframework.security.web.session.SessionManagementFilter@10b687f2, org.springframework.security.web.access.ExceptionTranslationFilter@65afeb6d, org.springframework.security.web.access.intercept.FilterSecurityInterceptor@77db3d02]
2024-05-11 02:01:51 [main] INFO  com.gzx.hotel.core.Application - Started Application in 3.002 seconds (JVM running for 3.875)
2024-05-11 14:26:27 [main] INFO  com.gzx.hotel.core.Application - Starting Application on PC-20210904KJSA with PID 16052 (E:\Java_project\hotel-parent\hotel-core\target\classes started by Administrator in E:\Java_project\hotel-parent)
2024-05-11 14:26:27 [main] DEBUG com.gzx.hotel.core.Application - Running with Spring Boot v2.3.4.RELEASE, Spring v5.2.9.RELEASE
2024-05-11 14:26:27 [main] INFO  com.gzx.hotel.core.Application - No active profile set, falling back to default profiles: default
2024-05-11 14:26:29 [main] DEBUG c.g.h.c.i.JwtAuthenticationTokenFilter - Filter 'jwtAuthenticationTokenFilter' configured for use
2024-05-11 14:26:30 [main] INFO  o.s.s.web.DefaultSecurityFilterChain - Creating filter chain: any request, [org.springframework.security.web.context.request.async.WebAsyncManagerIntegrationFilter@7df28f1, org.springframework.security.web.context.SecurityContextPersistenceFilter@388d14e, org.springframework.security.web.header.HeaderWriterFilter@310ed6b4, org.springframework.web.filter.CorsFilter@4087c7fc, org.springframework.security.web.authentication.logout.LogoutFilter@294aba23, com.gzx.hotel.core.interceptor.JwtAuthenticationTokenFilter@d5d5353, org.springframework.security.web.savedrequest.RequestCacheAwareFilter@59939293, org.springframework.security.web.servletapi.SecurityContextHolderAwareRequestFilter@456bcb74, org.springframework.security.web.authentication.AnonymousAuthenticationFilter@318c68d5, org.springframework.security.web.session.SessionManagementFilter@5cf8676a, org.springframework.security.web.access.ExceptionTranslationFilter@66813e6e, org.springframework.security.web.access.intercept.FilterSecurityInterceptor@c689973]
2024-05-11 14:26:30 [main] INFO  com.gzx.hotel.core.Application - Started Application in 3.271 seconds (JVM running for 4.208)
2024-05-11 14:27:38 [http-nio-8001-exec-4] DEBUG c.g.h.core.dao.RoomDao.selectById - ==>  Preparing: SELECT id_,`name`,`use` FROM room WHERE id_=?
2024-05-11 14:27:38 [http-nio-8001-exec-4] DEBUG c.g.h.core.dao.RoomDao.selectById - ==> Parameters: 2(Long)
2024-05-11 14:27:38 [http-nio-8001-exec-4] DEBUG c.g.h.core.dao.RoomDao.selectById - <==      Total: 1
2024-05-11 14:27:38 [http-nio-8001-exec-4] DEBUG c.gzx.hotel.core.dao.RoomDao.update - ==>  Preparing: UPDATE room SET `name`=? WHERE id_=? AND `name`=?
2024-05-11 14:27:38 [http-nio-8001-exec-4] DEBUG c.gzx.hotel.core.dao.RoomDao.update - ==> Parameters: 408(String), 2(Long), 408(String)
2024-05-11 14:27:38 [http-nio-8001-exec-4] DEBUG c.gzx.hotel.core.dao.RoomDao.update - <==    Updates: 0
2024-05-11 14:28:29 [http-nio-8001-exec-5] DEBUG c.g.h.core.dao.RoomDao.selectById - ==>  Preparing: SELECT id_,`name`,`use` FROM room WHERE id_=?
2024-05-11 14:28:29 [http-nio-8001-exec-5] DEBUG c.g.h.core.dao.RoomDao.selectById - ==> Parameters: 2(Long)
2024-05-11 14:28:30 [http-nio-8001-exec-5] DEBUG c.g.h.core.dao.RoomDao.selectById - <==      Total: 1
2024-05-11 14:28:30 [http-nio-8001-exec-5] DEBUG c.gzx.hotel.core.dao.RoomDao.update - ==>  Preparing: UPDATE room SET `use`=? WHERE id_=? AND `use`=?
2024-05-11 14:28:30 [http-nio-8001-exec-5] DEBUG c.gzx.hotel.core.dao.RoomDao.update - ==> Parameters: 0(Integer), 2(Long), 0(Integer)
2024-05-11 14:28:30 [http-nio-8001-exec-5] DEBUG c.gzx.hotel.core.dao.RoomDao.update - <==    Updates: 0
2024-05-11 14:30:45 [main] INFO  com.gzx.hotel.core.Application - Starting Application on PC-20210904KJSA with PID 9160 (E:\Java_project\hotel-parent\hotel-core\target\classes started by Administrator in E:\Java_project\hotel-parent)
2024-05-11 14:30:45 [main] DEBUG com.gzx.hotel.core.Application - Running with Spring Boot v2.3.4.RELEASE, Spring v5.2.9.RELEASE
2024-05-11 14:30:45 [main] INFO  com.gzx.hotel.core.Application - No active profile set, falling back to default profiles: default
2024-05-11 14:30:46 [main] DEBUG c.g.h.c.i.JwtAuthenticationTokenFilter - Filter 'jwtAuthenticationTokenFilter' configured for use
2024-05-11 14:30:47 [main] INFO  o.s.s.web.DefaultSecurityFilterChain - Creating filter chain: any request, [org.springframework.security.web.context.request.async.WebAsyncManagerIntegrationFilter@318c68d5, org.springframework.security.web.context.SecurityContextPersistenceFilter@59939293, org.springframework.security.web.header.HeaderWriterFilter@630bf683, org.springframework.web.filter.CorsFilter@4cfa83f9, org.springframework.security.web.authentication.logout.LogoutFilter@5d3b58ca, com.gzx.hotel.core.interceptor.JwtAuthenticationTokenFilter@5d2828c9, org.springframework.security.web.savedrequest.RequestCacheAwareFilter@2d74c81b, org.springframework.security.web.servletapi.SecurityContextHolderAwareRequestFilter@dd4aec3, org.springframework.security.web.authentication.AnonymousAuthenticationFilter@321ca237, org.springframework.security.web.session.SessionManagementFilter@3520963d, org.springframework.security.web.access.ExceptionTranslationFilter@3a17b2e3, org.springframework.security.web.access.intercept.FilterSecurityInterceptor@40113163]
2024-05-11 14:30:47 [main] INFO  com.gzx.hotel.core.Application - Started Application in 2.89 seconds (JVM running for 3.757)
2024-05-11 14:30:59 [http-nio-8001-exec-1] DEBUG c.g.h.core.dao.RoomDao.selectById - ==>  Preparing: SELECT id_,`name`,`use` FROM room WHERE id_=?
2024-05-11 14:30:59 [http-nio-8001-exec-1] DEBUG c.g.h.core.dao.RoomDao.selectById - ==> Parameters: 2(Long)
2024-05-11 14:30:59 [http-nio-8001-exec-1] DEBUG c.g.h.core.dao.RoomDao.selectById - <==      Total: 1
2024-05-11 14:30:59 [http-nio-8001-exec-1] DEBUG c.gzx.hotel.core.dao.RoomDao.update - ==>  Preparing: UPDATE room SET `use`=? WHERE (id_ = ?)
2024-05-11 14:30:59 [http-nio-8001-exec-1] DEBUG c.gzx.hotel.core.dao.RoomDao.update - ==> Parameters: 0(Integer), 2(Long)
2024-05-11 14:30:59 [http-nio-8001-exec-1] DEBUG c.gzx.hotel.core.dao.RoomDao.update - <==    Updates: 1
2024-05-11 14:31:17 [http-nio-8001-exec-3] DEBUG c.g.h.core.dao.RoomDao.selectById - ==>  Preparing: SELECT id_,`name`,`use` FROM room WHERE id_=?
2024-05-11 14:31:17 [http-nio-8001-exec-3] DEBUG c.g.h.core.dao.RoomDao.selectById - ==> Parameters: 2(Long)
2024-05-11 14:31:17 [http-nio-8001-exec-3] DEBUG c.g.h.core.dao.RoomDao.selectById - <==      Total: 1
2024-05-11 14:31:17 [http-nio-8001-exec-3] DEBUG c.gzx.hotel.core.dao.RoomDao.update - ==>  Preparing: UPDATE room SET `name`=?, `use`=? WHERE (id_ = ?)
2024-05-11 14:31:17 [http-nio-8001-exec-3] DEBUG c.gzx.hotel.core.dao.RoomDao.update - ==> Parameters: 408(String), 0(Integer), 2(Long)
2024-05-11 14:31:17 [http-nio-8001-exec-3] DEBUG c.gzx.hotel.core.dao.RoomDao.update - <==    Updates: 1
2024-05-11 14:40:03 [http-nio-8001-exec-4] DEBUG c.g.h.core.dao.RoomDao.selectByPage - ==>  Preparing: SELECT * FROM room WHERE `name` = ? AND `use` = ?
2024-05-11 14:40:03 [http-nio-8001-exec-4] DEBUG c.g.h.core.dao.RoomDao.selectByPage - ==> Parameters: 408(String), 0(Integer)
2024-05-11 14:40:03 [http-nio-8001-exec-4] DEBUG c.g.h.core.dao.RoomDao.selectByPage - <==      Total: 1
2024-05-11 14:40:23 [http-nio-8001-exec-5] DEBUG c.g.h.core.dao.RoomDao.selectByPage - ==>  Preparing: SELECT * FROM room WHERE `name` = ?
2024-05-11 14:40:23 [http-nio-8001-exec-5] DEBUG c.g.h.core.dao.RoomDao.selectByPage - ==> Parameters: 408(String)
2024-05-11 14:40:23 [http-nio-8001-exec-5] DEBUG c.g.h.core.dao.RoomDao.selectByPage - <==      Total: 4
2024-05-11 15:23:07 [main] INFO  com.gzx.hotel.core.Application - Starting Application on PC-20210904KJSA with PID 17552 (E:\Java_project\hotel-parent\hotel-core\target\classes started by Administrator in E:\Java_project\hotel-parent)
2024-05-11 15:23:07 [main] DEBUG com.gzx.hotel.core.Application - Running with Spring Boot v2.3.4.RELEASE, Spring v5.2.9.RELEASE
2024-05-11 15:23:07 [main] INFO  com.gzx.hotel.core.Application - No active profile set, falling back to default profiles: default
2024-05-11 15:23:09 [main] DEBUG c.g.h.c.i.JwtAuthenticationTokenFilter - Filter 'jwtAuthenticationTokenFilter' configured for use
2024-05-11 15:23:10 [main] INFO  o.s.s.web.DefaultSecurityFilterChain - Creating filter chain: any request, [org.springframework.security.web.context.request.async.WebAsyncManagerIntegrationFilter@4c1d59cd, org.springframework.security.web.context.SecurityContextPersistenceFilter@20580d4e, org.springframework.security.web.header.HeaderWriterFilter@416d56f2, org.springframework.web.filter.CorsFilter@76cf841, org.springframework.security.web.authentication.logout.LogoutFilter@3d9f5016, com.gzx.hotel.core.interceptor.JwtAuthenticationTokenFilter@6f94fb9d, org.springframework.security.web.savedrequest.RequestCacheAwareFilter@2d0b05, org.springframework.security.web.servletapi.SecurityContextHolderAwareRequestFilter@5c887052, org.springframework.security.web.authentication.AnonymousAuthenticationFilter@297c9a9b, org.springframework.security.web.session.SessionManagementFilter@4ed9f7b1, org.springframework.security.web.access.ExceptionTranslationFilter@1ddc6db2, org.springframework.security.web.access.intercept.FilterSecurityInterceptor@733ec58b]
2024-05-11 15:23:11 [main] INFO  com.gzx.hotel.core.Application - Started Application in 3.517 seconds (JVM running for 4.414)
2024-05-11 15:25:15 [http-nio-8001-exec-1] DEBUG c.g.h.c.dao.UserDao.getUserWithRoles - ==>  Preparing: SELECT u.*, r.`name` AS role_name FROM user u LEFT JOIN user_role ur ON u.id_ = ur.user_id LEFT JOIN role r ON ur.role_id = r.id_ WHERE u.username = ?
2024-05-11 15:25:15 [http-nio-8001-exec-1] DEBUG c.g.h.c.dao.UserDao.getUserWithRoles - ==> Parameters: gzx(String)
2024-05-11 15:25:15 [http-nio-8001-exec-1] DEBUG c.g.h.c.dao.UserDao.getUserWithRoles - <==      Total: 1
2024-05-11 15:34:04 [main] INFO  com.gzx.hotel.core.Application - Starting Application on PC-20210904KJSA with PID 12368 (E:\Java_project\hotel-parent\hotel-core\target\classes started by Administrator in E:\Java_project\hotel-parent)
2024-05-11 15:34:04 [main] DEBUG com.gzx.hotel.core.Application - Running with Spring Boot v2.3.4.RELEASE, Spring v5.2.9.RELEASE
2024-05-11 15:34:04 [main] INFO  com.gzx.hotel.core.Application - No active profile set, falling back to default profiles: default
2024-05-11 15:34:05 [main] DEBUG c.g.h.c.i.JwtAuthenticationTokenFilter - Filter 'jwtAuthenticationTokenFilter' configured for use
2024-05-11 15:34:07 [main] INFO  o.s.s.web.DefaultSecurityFilterChain - Creating filter chain: any request, [org.springframework.security.web.context.request.async.WebAsyncManagerIntegrationFilter@6d229b1c, org.springframework.security.web.context.SecurityContextPersistenceFilter@2ed71727, org.springframework.security.web.header.HeaderWriterFilter@388623ad, org.springframework.web.filter.CorsFilter@6f825516, org.springframework.security.web.authentication.logout.LogoutFilter@2b148329, com.gzx.hotel.core.interceptor.JwtAuthenticationTokenFilter@22eaa86e, org.springframework.security.web.savedrequest.RequestCacheAwareFilter@65bb6275, org.springframework.security.web.servletapi.SecurityContextHolderAwareRequestFilter@21bd128b, org.springframework.security.web.authentication.AnonymousAuthenticationFilter@2da99821, org.springframework.security.web.session.SessionManagementFilter@416d56f2, org.springframework.security.web.access.ExceptionTranslationFilter@f2a1813, org.springframework.security.web.access.intercept.FilterSecurityInterceptor@438c9aa7]
2024-05-11 15:34:07 [main] INFO  com.gzx.hotel.core.Application - Started Application in 2.931 seconds (JVM running for 3.78)
2024-05-11 15:34:21 [http-nio-8001-exec-1] DEBUG c.g.h.c.dao.UserDao.getUserWithRoles - ==>  Preparing: SELECT u.*, r.`name` AS role_name FROM user u LEFT JOIN user_role ur ON u.id_ = ur.user_id LEFT JOIN role r ON ur.role_id = r.id_ WHERE u.username = ?
2024-05-11 15:34:21 [http-nio-8001-exec-1] DEBUG c.g.h.c.dao.UserDao.getUserWithRoles - ==> Parameters: gzx(String)
2024-05-11 15:34:21 [http-nio-8001-exec-1] DEBUG c.g.h.c.dao.UserDao.getUserWithRoles - <==      Total: 1
2024-05-11 15:35:30 [main] INFO  com.gzx.hotel.core.Application - Starting Application on PC-20210904KJSA with PID 21428 (E:\Java_project\hotel-parent\hotel-core\target\classes started by Administrator in E:\Java_project\hotel-parent)
2024-05-11 15:35:30 [main] DEBUG com.gzx.hotel.core.Application - Running with Spring Boot v2.3.4.RELEASE, Spring v5.2.9.RELEASE
2024-05-11 15:35:30 [main] INFO  com.gzx.hotel.core.Application - No active profile set, falling back to default profiles: default
2024-05-11 15:35:31 [main] DEBUG c.g.h.c.i.JwtAuthenticationTokenFilter - Filter 'jwtAuthenticationTokenFilter' configured for use
2024-05-11 15:35:32 [main] INFO  o.s.s.web.DefaultSecurityFilterChain - Creating filter chain: any request, [org.springframework.security.web.context.request.async.WebAsyncManagerIntegrationFilter@7b1e5e55, org.springframework.security.web.context.SecurityContextPersistenceFilter@57e388c3, org.springframework.security.web.header.HeaderWriterFilter@3fa21d49, org.springframework.web.filter.CorsFilter@4c1d59cd, org.springframework.security.web.authentication.logout.LogoutFilter@3850e90c, com.gzx.hotel.core.interceptor.JwtAuthenticationTokenFilter@1457fde, org.springframework.security.web.savedrequest.RequestCacheAwareFilter@21bd128b, org.springframework.security.web.servletapi.SecurityContextHolderAwareRequestFilter@7a3269f5, org.springframework.security.web.authentication.AnonymousAuthenticationFilter@76cf841, org.springframework.security.web.session.SessionManagementFilter@7951c3a2, org.springframework.security.web.access.ExceptionTranslationFilter@414f87a9, org.springframework.security.web.access.intercept.FilterSecurityInterceptor@17b016ac]
2024-05-11 15:35:32 [main] INFO  com.gzx.hotel.core.Application - Started Application in 2.898 seconds (JVM running for 3.778)
2024-05-11 15:37:23 [http-nio-8001-exec-1] DEBUG c.g.h.c.dao.UserDao.getUserWithRoles - ==>  Preparing: SELECT u.*, r.`name` AS role_name FROM user u LEFT JOIN user_role ur ON u.id_ = ur.user_id LEFT JOIN role r ON ur.role_id = r.id_ WHERE u.username = ?
2024-05-11 15:37:23 [http-nio-8001-exec-1] DEBUG c.g.h.c.dao.UserDao.getUserWithRoles - ==> Parameters: gzx(String)
2024-05-11 15:37:24 [http-nio-8001-exec-1] DEBUG c.g.h.c.dao.UserDao.getUserWithRoles - <==      Total: 1
2024-05-11 15:37:37 [http-nio-8001-exec-2] DEBUG c.g.h.c.dao.UserDao.getUserWithRoles - ==>  Preparing: SELECT u.*, r.`name` AS role_name FROM user u LEFT JOIN user_role ur ON u.id_ = ur.user_id LEFT JOIN role r ON ur.role_id = r.id_ WHERE u.username = ?
2024-05-11 15:37:37 [http-nio-8001-exec-2] DEBUG c.g.h.c.dao.UserDao.getUserWithRoles - ==> Parameters: gzx(String)
2024-05-11 15:37:38 [http-nio-8001-exec-2] DEBUG c.g.h.c.dao.UserDao.getUserWithRoles - <==      Total: 1
2024-05-11 16:30:08 [main] INFO  com.gzx.hotel.core.Application - Starting Application on PC-20210904KJSA with PID 15004 (E:\Java_project\hotel-parent\hotel-core\target\classes started by Administrator in E:\Java_project\hotel-parent)
2024-05-11 16:30:08 [main] DEBUG com.gzx.hotel.core.Application - Running with Spring Boot v2.3.4.RELEASE, Spring v5.2.9.RELEASE
2024-05-11 16:30:08 [main] INFO  com.gzx.hotel.core.Application - No active profile set, falling back to default profiles: default
2024-05-11 16:30:09 [main] DEBUG c.g.h.c.i.JwtAuthenticationTokenFilter - Filter 'jwtAuthenticationTokenFilter' configured for use
2024-05-11 16:30:10 [main] INFO  o.s.s.web.DefaultSecurityFilterChain - Creating filter chain: any request, [org.springframework.security.web.context.request.async.WebAsyncManagerIntegrationFilter@4c1d59cd, org.springframework.security.web.context.SecurityContextPersistenceFilter@20580d4e, org.springframework.security.web.header.HeaderWriterFilter@416d56f2, org.springframework.web.filter.CorsFilter@76cf841, org.springframework.security.web.authentication.logout.LogoutFilter@3d9f5016, com.gzx.hotel.core.interceptor.JwtAuthenticationTokenFilter@17fa1336, org.springframework.security.web.savedrequest.RequestCacheAwareFilter@2d0b05, org.springframework.security.web.servletapi.SecurityContextHolderAwareRequestFilter@5c887052, org.springframework.security.web.authentication.AnonymousAuthenticationFilter@297c9a9b, org.springframework.security.web.session.SessionManagementFilter@4ed9f7b1, org.springframework.security.web.access.ExceptionTranslationFilter@1ddc6db2, org.springframework.security.web.access.intercept.FilterSecurityInterceptor@733ec58b]
2024-05-11 16:30:10 [main] INFO  com.gzx.hotel.core.Application - Started Application in 2.91 seconds (JVM running for 3.763)
2024-05-11 16:32:21 [main] INFO  com.gzx.hotel.core.Application - Starting Application on PC-20210904KJSA with PID 21020 (E:\Java_project\hotel-parent\hotel-core\target\classes started by Administrator in E:\Java_project\hotel-parent)
2024-05-11 16:32:21 [main] DEBUG com.gzx.hotel.core.Application - Running with Spring Boot v2.3.4.RELEASE, Spring v5.2.9.RELEASE
2024-05-11 16:32:21 [main] INFO  com.gzx.hotel.core.Application - No active profile set, falling back to default profiles: default
2024-05-11 16:32:22 [main] DEBUG c.g.h.c.i.JwtAuthenticationTokenFilter - Filter 'jwtAuthenticationTokenFilter' configured for use
2024-05-11 16:32:23 [main] INFO  o.s.s.web.DefaultSecurityFilterChain - Creating filter chain: any request, [org.springframework.security.web.context.request.async.WebAsyncManagerIntegrationFilter@629984eb, org.springframework.security.web.context.SecurityContextPersistenceFilter@2d119405, org.springframework.security.web.header.HeaderWriterFilter@2eda072, org.springframework.web.filter.CorsFilter@7b1e5e55, org.springframework.security.web.authentication.logout.LogoutFilter@72b6832e, com.gzx.hotel.core.interceptor.JwtAuthenticationTokenFilter@2cae9b8, org.springframework.security.web.savedrequest.RequestCacheAwareFilter@20580d4e, org.springframework.security.web.servletapi.SecurityContextHolderAwareRequestFilter@1290ed28, org.springframework.security.web.authentication.AnonymousAuthenticationFilter@4c1d59cd, org.springframework.security.web.session.SessionManagementFilter@47c7a9e5, org.springframework.security.web.access.ExceptionTranslationFilter@32118208, org.springframework.security.web.access.intercept.FilterSecurityInterceptor@1f95881a]
2024-05-11 16:32:24 [main] INFO  com.gzx.hotel.core.Application - Started Application in 3.324 seconds (JVM running for 4.242)
2024-05-11 16:40:41 [main] INFO  com.gzx.hotel.core.Application - Starting Application on PC-20210904KJSA with PID 6036 (E:\Java_project\hotel-parent\hotel-core\target\classes started by Administrator in E:\Java_project\hotel-parent)
2024-05-11 16:40:41 [main] DEBUG com.gzx.hotel.core.Application - Running with Spring Boot v2.3.4.RELEASE, Spring v5.2.9.RELEASE
2024-05-11 16:40:41 [main] INFO  com.gzx.hotel.core.Application - No active profile set, falling back to default profiles: default
2024-05-11 16:40:42 [main] DEBUG c.g.h.c.i.JwtAuthenticationTokenFilter - Filter 'jwtAuthenticationTokenFilter' configured for use
2024-05-11 16:40:43 [main] INFO  o.s.s.web.DefaultSecurityFilterChain - Creating filter chain: any request, [org.springframework.security.web.context.request.async.WebAsyncManagerIntegrationFilter@76cf841, org.springframework.security.web.context.SecurityContextPersistenceFilter@21bd128b, org.springframework.security.web.header.HeaderWriterFilter@6e31d989, org.springframework.web.filter.CorsFilter@297c9a9b, org.springframework.security.web.authentication.logout.LogoutFilter@7e91ed74, com.gzx.hotel.core.interceptor.JwtAuthenticationTokenFilter@6f94fb9d, org.springframework.security.web.savedrequest.RequestCacheAwareFilter@4b432e53, org.springframework.security.web.servletapi.SecurityContextHolderAwareRequestFilter@55fdf7f9, org.springframework.security.web.authentication.AnonymousAuthenticationFilter@20999517, org.springframework.security.web.session.SessionManagementFilter@2d119405, org.springframework.security.web.access.ExceptionTranslationFilter@3cd26422, org.springframework.security.web.access.intercept.FilterSecurityInterceptor@723877dd]
2024-05-11 16:40:43 [main] INFO  com.gzx.hotel.core.Application - Started Application in 2.881 seconds (JVM running for 3.83)
2024-05-11 16:45:31 [main] INFO  com.gzx.hotel.core.Application - Starting Application on PC-20210904KJSA with PID 20984 (E:\Java_project\hotel-parent\hotel-core\target\classes started by Administrator in E:\Java_project\hotel-parent)
2024-05-11 16:45:31 [main] DEBUG com.gzx.hotel.core.Application - Running with Spring Boot v2.3.4.RELEASE, Spring v5.2.9.RELEASE
2024-05-11 16:45:31 [main] INFO  com.gzx.hotel.core.Application - No active profile set, falling back to default profiles: default
2024-05-11 16:45:32 [main] DEBUG c.g.h.c.i.JwtAuthenticationTokenFilter - Filter 'jwtAuthenticationTokenFilter' configured for use
2024-05-11 16:45:34 [main] INFO  o.s.s.web.DefaultSecurityFilterChain - Creating filter chain: any request, [org.springframework.security.web.context.request.async.WebAsyncManagerIntegrationFilter@66a53104, org.springframework.security.web.context.SecurityContextPersistenceFilter@1b01a0d, org.springframework.security.web.header.HeaderWriterFilter@67b355c8, org.springframework.web.filter.CorsFilter@6d229b1c, org.springframework.security.web.authentication.logout.LogoutFilter@39c85c1a, com.gzx.hotel.core.interceptor.JwtAuthenticationTokenFilter@77a074b4, org.springframework.security.web.savedrequest.RequestCacheAwareFilter@5261ec9, org.springframework.security.web.servletapi.SecurityContextHolderAwareRequestFilter@20580d4e, org.springframework.security.web.authentication.AnonymousAuthenticationFilter@6f825516, org.springframework.security.web.session.SessionManagementFilter@3fa21d49, org.springframework.security.web.access.ExceptionTranslationFilter@45900b64, org.springframework.security.web.access.intercept.FilterSecurityInterceptor@6ccac6f4]
2024-05-11 16:45:34 [main] INFO  com.gzx.hotel.core.Application - Started Application in 3.141 seconds (JVM running for 3.992)
2024-05-11 16:46:28 [http-nio-8001-exec-1] DEBUG c.g.h.core.dao.RoomDao.selectById - ==>  Preparing: SELECT id_,`name`,`use` FROM room WHERE id_=?
2024-05-11 16:46:28 [http-nio-8001-exec-1] DEBUG c.g.h.core.dao.RoomDao.selectById - ==> Parameters: 2(Long)
2024-05-11 16:46:28 [http-nio-8001-exec-1] DEBUG c.g.h.core.dao.RoomDao.selectById - <==      Total: 1
2024-05-11 16:46:28 [http-nio-8001-exec-1] DEBUG c.gzx.hotel.core.dao.RoomDao.update - ==>  Preparing: UPDATE room SET `use`=? WHERE (id_ = ?)
2024-05-11 16:46:28 [http-nio-8001-exec-1] DEBUG c.gzx.hotel.core.dao.RoomDao.update - ==> Parameters: 1(Integer), 2(Long)
2024-05-11 16:46:28 [http-nio-8001-exec-1] DEBUG c.gzx.hotel.core.dao.RoomDao.update - <==    Updates: 1
2024-05-11 16:46:28 [http-nio-8001-exec-1] DEBUG c.g.hotel.core.dao.RecordDao.insert - ==>  Preparing: INSERT INTO record ( room_id, start_time ) VALUES ( ?, ? )
2024-05-11 16:46:28 [http-nio-8001-exec-1] DEBUG c.g.hotel.core.dao.RecordDao.insert - ==> Parameters: 2(Long), 2024-05-11 16:46:28.331(Timestamp)
2024-05-11 16:46:28 [http-nio-8001-exec-1] DEBUG c.g.hotel.core.dao.RecordDao.insert - <==    Updates: 1
2024-05-11 16:46:28 [http-nio-8001-exec-1] DEBUG c.gzx.hotel.core.dao.UserDao.insert - ==>  Preparing: INSERT INTO user ( record_id, username, password, name, locked, create_time ) VALUES ( ?, ?, ?, ?, ?, ? )
2024-05-11 16:46:28 [http-nio-8001-exec-1] DEBUG c.gzx.hotel.core.dao.UserDao.insert - ==> Parameters: 1(Long), 300923(String), $2a$10$jr3OIFApXOANJgPNOI6GU.zybZtAKiMo2wC5jgZ5q/t38cbJFWEby(String), gzx(String), 0(Integer), 2024-05-11 16:46:28.469(Timestamp)
2024-05-11 16:46:28 [http-nio-8001-exec-1] DEBUG c.gzx.hotel.core.dao.UserDao.insert - <==    Updates: 1
2024-05-11 16:46:28 [http-nio-8001-exec-1] DEBUG c.g.h.core.dao.UserRoleDao.insert - ==>  Preparing: INSERT INTO user_role ( user_id, role_id ) VALUES ( ?, ? )
2024-05-11 16:46:28 [http-nio-8001-exec-1] DEBUG c.g.h.core.dao.UserRoleDao.insert - ==> Parameters: 2(Long), 1(Long)
2024-05-11 16:46:28 [http-nio-8001-exec-1] DEBUG c.g.h.core.dao.UserRoleDao.insert - <==    Updates: 1
2024-05-11 16:48:53 [http-nio-8001-exec-9] DEBUG c.g.h.c.dao.UserDao.getUserWithRoles - ==>  Preparing: SELECT u.*, r.`name` AS role_name FROM user u LEFT JOIN user_role ur ON u.id_ = ur.user_id LEFT JOIN role r ON ur.role_id = r.id_ WHERE u.username = ?
2024-05-11 16:48:53 [http-nio-8001-exec-9] DEBUG c.g.h.c.dao.UserDao.getUserWithRoles - ==> Parameters: 300923(String)
2024-05-11 16:48:53 [http-nio-8001-exec-9] DEBUG c.g.h.c.dao.UserDao.getUserWithRoles - <==      Total: 1
2024-05-11 17:05:49 [main] INFO  com.gzx.hotel.core.Application - Starting Application on PC-20210904KJSA with PID 8820 (E:\Java_project\hotel-parent\hotel-core\target\classes started by Administrator in E:\Java_project\hotel-parent)
2024-05-11 17:05:49 [main] DEBUG com.gzx.hotel.core.Application - Running with Spring Boot v2.3.4.RELEASE, Spring v5.2.9.RELEASE
2024-05-11 17:05:49 [main] INFO  com.gzx.hotel.core.Application - No active profile set, falling back to default profiles: default
2024-05-11 17:05:51 [main] DEBUG c.g.h.c.i.JwtAuthenticationTokenFilter - Filter 'jwtAuthenticationTokenFilter' configured for use
2024-05-11 17:05:52 [main] INFO  o.s.s.web.DefaultSecurityFilterChain - Creating filter chain: any request, [org.springframework.security.web.context.request.async.WebAsyncManagerIntegrationFilter@661fe025, org.springframework.security.web.context.SecurityContextPersistenceFilter@47c7a9e5, org.springframework.security.web.header.HeaderWriterFilter@414f87a9, org.springframework.web.filter.CorsFilter@7161457, org.springframework.security.web.authentication.logout.LogoutFilter@23ed382c, com.gzx.hotel.core.interceptor.JwtAuthenticationTokenFilter@1dc3502b, org.springframework.security.web.savedrequest.RequestCacheAwareFilter@4ed9f7b1, org.springframework.security.web.servletapi.SecurityContextHolderAwareRequestFilter@a6c54c3, org.springframework.security.web.authentication.AnonymousAuthenticationFilter@38ee7a9d, org.springframework.security.web.session.SessionManagementFilter@65bb6275, org.springframework.security.web.access.ExceptionTranslationFilter@91f565d, org.springframework.security.web.access.intercept.FilterSecurityInterceptor@58aa10f4]
2024-05-11 17:05:52 [main] INFO  com.gzx.hotel.core.Application - Started Application in 2.833 seconds (JVM running for 3.685)
2024-05-11 17:05:56 [http-nio-8001-exec-2] INFO  com.gzx.hotel.core.aop.LoggingAspect - 请求URL : http://127.0.0.1:8001/api/room/list/page
2024-05-11 17:05:56 [http-nio-8001-exec-2] INFO  com.gzx.hotel.core.aop.LoggingAspect - IP地址 : 127.0.0.1
2024-05-11 17:05:56 [http-nio-8001-exec-2] INFO  com.gzx.hotel.core.aop.LoggingAspect - 方法签名 : com.gzx.hotel.base.controller.BaseController.listPage
2024-05-11 17:05:56 [http-nio-8001-exec-2] INFO  com.gzx.hotel.core.aop.LoggingAspect - 方法参数 : [Room(name=null, use=null), 1, 10]
2024-05-11 17:05:57 [http-nio-8001-exec-2] DEBUG c.g.h.core.dao.RoomDao.selectByPage - ==>  Preparing: SELECT * FROM room
2024-05-11 17:05:57 [http-nio-8001-exec-2] DEBUG c.g.h.core.dao.RoomDao.selectByPage - ==> Parameters: 
2024-05-11 17:05:57 [http-nio-8001-exec-2] DEBUG c.g.h.core.dao.RoomDao.selectByPage - <==      Total: 4
2024-05-11 17:05:57 [http-nio-8001-exec-2] INFO  com.gzx.hotel.core.aop.LoggingAspect - 响应 : ResponseBean(code=success, msg=操作成功, data=PageInfo{pageNum=1, pageSize=4, size=4, startRow=0, endRow=3, total=4, pages=1, list=[Room(name=408, use=1), Room(name=408, use=1), Room(name=408, use=1), Room(name=408, use=1)], prePage=0, nextPage=0, isFirstPage=true, isLastPage=true, hasPreviousPage=false, hasNextPage=false, navigatePages=8, navigateFirstPage=1, navigateLastPage=1, navigatepageNums=[1]})
2024-05-11 17:08:54 [http-nio-8001-exec-4] INFO  com.gzx.hotel.core.aop.LoggingAspect - 请求URL : http://127.0.0.1:8001/api/record/list/page
2024-05-11 17:08:54 [http-nio-8001-exec-4] INFO  com.gzx.hotel.core.aop.LoggingAspect - IP地址 : 127.0.0.1
2024-05-11 17:08:54 [http-nio-8001-exec-4] INFO  com.gzx.hotel.core.aop.LoggingAspect - 方法签名 : com.gzx.hotel.base.controller.BaseController.listPage
2024-05-11 17:08:54 [http-nio-8001-exec-4] INFO  com.gzx.hotel.core.aop.LoggingAspect - 方法参数 : [Record(roomId=2, startTime=null, endTime=null, complete=0), 1, 10]
2024-05-11 17:10:32 [http-nio-8001-exec-8] INFO  com.gzx.hotel.core.aop.LoggingAspect - 请求URL : http://127.0.0.1:8001/api/record/list/page
2024-05-11 17:10:32 [http-nio-8001-exec-8] INFO  com.gzx.hotel.core.aop.LoggingAspect - IP地址 : 127.0.0.1
2024-05-11 17:10:32 [http-nio-8001-exec-8] INFO  com.gzx.hotel.core.aop.LoggingAspect - 方法签名 : com.gzx.hotel.base.controller.BaseController.listPage
2024-05-11 17:10:32 [http-nio-8001-exec-8] INFO  com.gzx.hotel.core.aop.LoggingAspect - 方法参数 : [Record(roomId=2, startTime=null, endTime=null, complete=0), 1, 10]
2024-05-11 17:10:58 [http-nio-8001-exec-5] INFO  com.gzx.hotel.core.aop.LoggingAspect - 请求URL : http://127.0.0.1:8001/api/record/list/page
2024-05-11 17:10:58 [http-nio-8001-exec-5] INFO  com.gzx.hotel.core.aop.LoggingAspect - IP地址 : 127.0.0.1
2024-05-11 17:10:58 [http-nio-8001-exec-5] INFO  com.gzx.hotel.core.aop.LoggingAspect - 方法签名 : com.gzx.hotel.base.controller.BaseController.listPage
2024-05-11 17:10:58 [http-nio-8001-exec-5] INFO  com.gzx.hotel.core.aop.LoggingAspect - 方法参数 : [Record(roomId=2, startTime=null, endTime=null, complete=0), 1, 10]
2024-05-11 17:13:39 [main] INFO  com.gzx.hotel.core.Application - Starting Application on PC-20210904KJSA with PID 21356 (E:\Java_project\hotel-parent\hotel-core\target\classes started by Administrator in E:\Java_project\hotel-parent)
2024-05-11 17:13:39 [main] DEBUG com.gzx.hotel.core.Application - Running with Spring Boot v2.3.4.RELEASE, Spring v5.2.9.RELEASE
2024-05-11 17:13:39 [main] INFO  com.gzx.hotel.core.Application - No active profile set, falling back to default profiles: default
2024-05-11 17:13:40 [main] DEBUG c.g.h.c.i.JwtAuthenticationTokenFilter - Filter 'jwtAuthenticationTokenFilter' configured for use
2024-05-11 17:13:41 [main] INFO  o.s.s.web.DefaultSecurityFilterChain - Creating filter chain: any request, [org.springframework.security.web.context.request.async.WebAsyncManagerIntegrationFilter@629984eb, org.springframework.security.web.context.SecurityContextPersistenceFilter@2d119405, org.springframework.security.web.header.HeaderWriterFilter@2eda072, org.springframework.web.filter.CorsFilter@7b1e5e55, org.springframework.security.web.authentication.logout.LogoutFilter@72b6832e, com.gzx.hotel.core.interceptor.JwtAuthenticationTokenFilter@50fb33a, org.springframework.security.web.savedrequest.RequestCacheAwareFilter@20580d4e, org.springframework.security.web.servletapi.SecurityContextHolderAwareRequestFilter@1290ed28, org.springframework.security.web.authentication.AnonymousAuthenticationFilter@4c1d59cd, org.springframework.security.web.session.SessionManagementFilter@47c7a9e5, org.springframework.security.web.access.ExceptionTranslationFilter@32118208, org.springframework.security.web.access.intercept.FilterSecurityInterceptor@1f95881a]
2024-05-11 17:13:41 [main] INFO  com.gzx.hotel.core.Application - Started Application in 2.747 seconds (JVM running for 3.598)
2024-05-11 17:14:08 [http-nio-8001-exec-1] INFO  com.gzx.hotel.core.aop.LoggingAspect - 请求URL : http://127.0.0.1:8001/api/record/list/page
2024-05-11 17:14:08 [http-nio-8001-exec-1] INFO  com.gzx.hotel.core.aop.LoggingAspect - IP地址 : 127.0.0.1
2024-05-11 17:14:08 [http-nio-8001-exec-1] INFO  com.gzx.hotel.core.aop.LoggingAspect - 方法签名 : com.gzx.hotel.base.controller.BaseController.listPage
2024-05-11 17:14:08 [http-nio-8001-exec-1] INFO  com.gzx.hotel.core.aop.LoggingAspect - 方法参数 : [Record(roomId=2, startTime=null, endTime=null, complete=0), 1, 10]
2024-05-11 17:14:10 [http-nio-8001-exec-1] DEBUG c.g.h.core.dao.RecordDao.selectList - ==>  Preparing: SELECT id_,room_id,start_time,end_time,complete FROM record WHERE room_id=? AND complete=?
2024-05-11 17:14:10 [http-nio-8001-exec-1] DEBUG c.g.h.core.dao.RecordDao.selectList - ==> Parameters: 2(Long), 0(Integer)
2024-05-11 17:14:10 [http-nio-8001-exec-1] DEBUG c.g.h.core.dao.RecordDao.selectList - <==      Total: 1
2024-05-11 17:14:10 [http-nio-8001-exec-1] INFO  com.gzx.hotel.core.aop.LoggingAspect - 响应 : ResponseBean(code=success, msg=操作成功, data=PageInfo{pageNum=1, pageSize=1, size=1, startRow=0, endRow=0, total=1, pages=1, list=[Record(roomId=2, startTime=Sat May 11 16:46:28 CST 2024, endTime=null, complete=0)], prePage=0, nextPage=0, isFirstPage=true, isLastPage=true, hasPreviousPage=false, hasNextPage=false, navigatePages=8, navigateFirstPage=1, navigateLastPage=1, navigatepageNums=[1]})
2024-05-11 17:14:26 [http-nio-8001-exec-2] INFO  com.gzx.hotel.core.aop.LoggingAspect - 请求URL : http://127.0.0.1:8001/api/record/list/page
2024-05-11 17:14:26 [http-nio-8001-exec-2] INFO  com.gzx.hotel.core.aop.LoggingAspect - IP地址 : 127.0.0.1
2024-05-11 17:14:26 [http-nio-8001-exec-2] INFO  com.gzx.hotel.core.aop.LoggingAspect - 方法签名 : com.gzx.hotel.base.controller.BaseController.listPage
2024-05-11 17:14:26 [http-nio-8001-exec-2] INFO  com.gzx.hotel.core.aop.LoggingAspect - 方法参数 : [Record(roomId=2, startTime=null, endTime=null, complete=0), 1, 10]
2024-05-11 17:14:26 [http-nio-8001-exec-2] DEBUG c.g.h.core.dao.RecordDao.selectList - ==>  Preparing: SELECT id_,room_id,start_time,end_time,complete FROM record WHERE id_=? AND room_id=? AND complete=?
2024-05-11 17:14:26 [http-nio-8001-exec-2] DEBUG c.g.h.core.dao.RecordDao.selectList - ==> Parameters: 1(Long), 2(Long), 0(Integer)
2024-05-11 17:14:26 [http-nio-8001-exec-2] DEBUG c.g.h.core.dao.RecordDao.selectList - <==      Total: 1
2024-05-11 17:14:26 [http-nio-8001-exec-2] INFO  com.gzx.hotel.core.aop.LoggingAspect - 响应 : ResponseBean(code=success, msg=操作成功, data=PageInfo{pageNum=1, pageSize=1, size=1, startRow=0, endRow=0, total=1, pages=1, list=[Record(roomId=2, startTime=Sat May 11 16:46:28 CST 2024, endTime=null, complete=0)], prePage=0, nextPage=0, isFirstPage=true, isLastPage=true, hasPreviousPage=false, hasNextPage=false, navigatePages=8, navigateFirstPage=1, navigateLastPage=1, navigatepageNums=[1]})
2024-05-11 17:14:36 [http-nio-8001-exec-3] INFO  com.gzx.hotel.core.aop.LoggingAspect - 请求URL : http://127.0.0.1:8001/api/record/list/page
2024-05-11 17:14:36 [http-nio-8001-exec-3] INFO  com.gzx.hotel.core.aop.LoggingAspect - IP地址 : 127.0.0.1
2024-05-11 17:14:36 [http-nio-8001-exec-3] INFO  com.gzx.hotel.core.aop.LoggingAspect - 方法签名 : com.gzx.hotel.base.controller.BaseController.listPage
2024-05-11 17:14:36 [http-nio-8001-exec-3] INFO  com.gzx.hotel.core.aop.LoggingAspect - 方法参数 : [Record(roomId=2, startTime=null, endTime=null, complete=0), 1, 10]
2024-05-11 17:14:36 [http-nio-8001-exec-3] DEBUG c.g.h.core.dao.RecordDao.selectList - ==>  Preparing: SELECT id_,room_id,start_time,end_time,complete FROM record WHERE id_=? AND room_id=? AND complete=?
2024-05-11 17:14:36 [http-nio-8001-exec-3] DEBUG c.g.h.core.dao.RecordDao.selectList - ==> Parameters: 3(Long), 2(Long), 0(Integer)
2024-05-11 17:14:36 [http-nio-8001-exec-3] DEBUG c.g.h.core.dao.RecordDao.selectList - <==      Total: 0
2024-05-11 17:14:36 [http-nio-8001-exec-3] INFO  com.gzx.hotel.core.aop.LoggingAspect - 响应 : ResponseBean(code=success, msg=操作成功, data=PageInfo{pageNum=1, pageSize=0, size=0, startRow=0, endRow=0, total=0, pages=0, list=[], prePage=0, nextPage=0, isFirstPage=true, isLastPage=true, hasPreviousPage=false, hasNextPage=false, navigatePages=8, navigateFirstPage=0, navigateLastPage=0, navigatepageNums=[]})
2024-05-11 17:27:03 [http-nio-8001-exec-5] INFO  com.gzx.hotel.core.aop.LoggingAspect - 请求URL : http://127.0.0.1:8001/api/record/list/page
2024-05-11 17:27:03 [http-nio-8001-exec-5] INFO  com.gzx.hotel.core.aop.LoggingAspect - IP地址 : 127.0.0.1
2024-05-11 17:27:03 [http-nio-8001-exec-5] INFO  com.gzx.hotel.core.aop.LoggingAspect - 方法签名 : com.gzx.hotel.base.controller.BaseController.listPage
2024-05-11 17:27:03 [http-nio-8001-exec-5] INFO  com.gzx.hotel.core.aop.LoggingAspect - 方法参数 : [Record(roomId=2, startTime=null, endTime=null, complete=0), 1, 10]
2024-05-11 17:27:03 [http-nio-8001-exec-5] DEBUG c.g.h.core.dao.RecordDao.selectList - ==>  Preparing: SELECT id_,room_id,start_time,end_time,complete FROM record WHERE id_=? AND room_id=? AND complete=?
2024-05-11 17:27:03 [http-nio-8001-exec-5] DEBUG c.g.h.core.dao.RecordDao.selectList - ==> Parameters: 1(Long), 2(Long), 0(Integer)
2024-05-11 17:27:03 [http-nio-8001-exec-5] DEBUG c.g.h.core.dao.RecordDao.selectList - <==      Total: 1
2024-05-11 17:27:03 [http-nio-8001-exec-5] INFO  com.gzx.hotel.core.aop.LoggingAspect - 响应 : ResponseBean(code=success, msg=操作成功, data=PageInfo{pageNum=1, pageSize=1, size=1, startRow=0, endRow=0, total=1, pages=1, list=[Record(roomId=2, startTime=Sat May 11 16:46:28 CST 2024, endTime=null, complete=0)], prePage=0, nextPage=0, isFirstPage=true, isLastPage=true, hasPreviousPage=false, hasNextPage=false, navigatePages=8, navigateFirstPage=1, navigateLastPage=1, navigatepageNums=[1]})
2024-05-11 17:29:53 [main] INFO  com.gzx.hotel.core.Application - Starting Application on PC-20210904KJSA with PID 11316 (E:\Java_project\hotel-parent\hotel-core\target\classes started by Administrator in E:\Java_project\hotel-parent)
2024-05-11 17:29:53 [main] DEBUG com.gzx.hotel.core.Application - Running with Spring Boot v2.3.4.RELEASE, Spring v5.2.9.RELEASE
2024-05-11 17:29:53 [main] INFO  com.gzx.hotel.core.Application - No active profile set, falling back to default profiles: default
2024-05-11 17:29:54 [main] DEBUG c.g.h.c.i.JwtAuthenticationTokenFilter - Filter 'jwtAuthenticationTokenFilter' configured for use
2024-05-11 17:29:55 [main] INFO  o.s.s.web.DefaultSecurityFilterChain - Creating filter chain: any request, [org.springframework.security.web.context.request.async.WebAsyncManagerIntegrationFilter@661fe025, org.springframework.security.web.context.SecurityContextPersistenceFilter@47c7a9e5, org.springframework.security.web.header.HeaderWriterFilter@414f87a9, org.springframework.web.filter.CorsFilter@7161457, org.springframework.security.web.authentication.logout.LogoutFilter@23ed382c, com.gzx.hotel.core.interceptor.JwtAuthenticationTokenFilter@6a1d3225, org.springframework.security.web.savedrequest.RequestCacheAwareFilter@4ed9f7b1, org.springframework.security.web.servletapi.SecurityContextHolderAwareRequestFilter@a6c54c3, org.springframework.security.web.authentication.AnonymousAuthenticationFilter@38ee7a9d, org.springframework.security.web.session.SessionManagementFilter@65bb6275, org.springframework.security.web.access.ExceptionTranslationFilter@91f565d, org.springframework.security.web.access.intercept.FilterSecurityInterceptor@58aa10f4]
2024-05-11 17:29:56 [main] INFO  com.gzx.hotel.core.Application - Started Application in 2.847 seconds (JVM running for 3.695)
2024-05-11 17:30:00 [http-nio-8001-exec-1] DEBUG c.g.h.c.d.RecordDao.selectByUsername - ==>  Preparing: SELECT r.* FROM record rLEFT JOIN user u ON r.id_=u.record_id WHERE u.username = ? ANDr.complete = ?
2024-05-11 17:30:00 [http-nio-8001-exec-1] DEBUG c.g.h.c.d.RecordDao.selectByUsername - ==> Parameters: gzx(String), 0(Integer)
2024-05-11 17:31:03 [main] INFO  com.gzx.hotel.core.Application - Starting Application on PC-20210904KJSA with PID 7640 (E:\Java_project\hotel-parent\hotel-core\target\classes started by Administrator in E:\Java_project\hotel-parent)
2024-05-11 17:31:03 [main] DEBUG com.gzx.hotel.core.Application - Running with Spring Boot v2.3.4.RELEASE, Spring v5.2.9.RELEASE
2024-05-11 17:31:03 [main] INFO  com.gzx.hotel.core.Application - No active profile set, falling back to default profiles: default
2024-05-11 17:31:04 [main] DEBUG c.g.h.c.i.JwtAuthenticationTokenFilter - Filter 'jwtAuthenticationTokenFilter' configured for use
2024-05-11 17:31:05 [main] INFO  o.s.s.web.DefaultSecurityFilterChain - Creating filter chain: any request, [org.springframework.security.web.context.request.async.WebAsyncManagerIntegrationFilter@20999517, org.springframework.security.web.context.SecurityContextPersistenceFilter@4b432e53, org.springframework.security.web.header.HeaderWriterFilter@2ed71727, org.springframework.web.filter.CorsFilter@6ec63f8, org.springframework.security.web.authentication.logout.LogoutFilter@7df28f1, com.gzx.hotel.core.interceptor.JwtAuthenticationTokenFilter@4228bf58, org.springframework.security.web.savedrequest.RequestCacheAwareFilter@62f11ebb, org.springframework.security.web.servletapi.SecurityContextHolderAwareRequestFilter@29050de5, org.springframework.security.web.authentication.AnonymousAuthenticationFilter@66223d94, org.springframework.security.web.session.SessionManagementFilter@20580d4e, org.springframework.security.web.access.ExceptionTranslationFilter@2eda072, org.springframework.security.web.access.intercept.FilterSecurityInterceptor@56cc9f29]
2024-05-11 17:31:05 [main] INFO  com.gzx.hotel.core.Application - Started Application in 2.832 seconds (JVM running for 3.733)
2024-05-11 17:31:08 [http-nio-8001-exec-1] DEBUG c.g.h.c.d.RecordDao.selectByUsername - ==>  Preparing: SELECT r.* FROM record rLEFT JOIN user u ON r.id_=u.record_id WHERE u.username = ? AND r.complete = ?
2024-05-11 17:31:08 [http-nio-8001-exec-1] DEBUG c.g.h.c.d.RecordDao.selectByUsername - ==> Parameters: gzx(String), 0(Integer)
2024-05-11 17:31:29 [main] INFO  com.gzx.hotel.core.Application - Starting Application on PC-20210904KJSA with PID 6268 (E:\Java_project\hotel-parent\hotel-core\target\classes started by Administrator in E:\Java_project\hotel-parent)
2024-05-11 17:31:29 [main] DEBUG com.gzx.hotel.core.Application - Running with Spring Boot v2.3.4.RELEASE, Spring v5.2.9.RELEASE
2024-05-11 17:31:29 [main] INFO  com.gzx.hotel.core.Application - No active profile set, falling back to default profiles: default
2024-05-11 17:31:30 [main] DEBUG c.g.h.c.i.JwtAuthenticationTokenFilter - Filter 'jwtAuthenticationTokenFilter' configured for use
2024-05-11 17:31:31 [main] INFO  o.s.s.web.DefaultSecurityFilterChain - Creating filter chain: any request, [org.springframework.security.web.context.request.async.WebAsyncManagerIntegrationFilter@661fe025, org.springframework.security.web.context.SecurityContextPersistenceFilter@47c7a9e5, org.springframework.security.web.header.HeaderWriterFilter@414f87a9, org.springframework.web.filter.CorsFilter@7161457, org.springframework.security.web.authentication.logout.LogoutFilter@23ed382c, com.gzx.hotel.core.interceptor.JwtAuthenticationTokenFilter@1dc3502b, org.springframework.security.web.savedrequest.RequestCacheAwareFilter@4ed9f7b1, org.springframework.security.web.servletapi.SecurityContextHolderAwareRequestFilter@a6c54c3, org.springframework.security.web.authentication.AnonymousAuthenticationFilter@38ee7a9d, org.springframework.security.web.session.SessionManagementFilter@65bb6275, org.springframework.security.web.access.ExceptionTranslationFilter@91f565d, org.springframework.security.web.access.intercept.FilterSecurityInterceptor@58aa10f4]
2024-05-11 17:31:31 [main] INFO  com.gzx.hotel.core.Application - Started Application in 2.894 seconds (JVM running for 3.789)
2024-05-11 17:31:35 [http-nio-8001-exec-1] DEBUG c.g.h.c.d.RecordDao.selectByUsername - ==>  Preparing: SELECT r.* FROM record r LEFT JOIN user u ON r.id_=u.record_id WHERE u.username = ? AND r.complete = ?
2024-05-11 17:31:35 [http-nio-8001-exec-1] DEBUG c.g.h.c.d.RecordDao.selectByUsername - ==> Parameters: gzx(String), 0(Integer)
2024-05-11 17:31:35 [http-nio-8001-exec-1] DEBUG c.g.h.c.d.RecordDao.selectByUsername - <==      Total: 1
2024-05-11 17:49:17 [main] INFO  com.gzx.hotel.core.Application - Starting Application on PC-20210904KJSA with PID 21432 (E:\Java_project\hotel-parent\hotel-core\target\classes started by Administrator in E:\Java_project\hotel-parent)
2024-05-11 17:49:17 [main] DEBUG com.gzx.hotel.core.Application - Running with Spring Boot v2.3.4.RELEASE, Spring v5.2.9.RELEASE
2024-05-11 17:49:17 [main] INFO  com.gzx.hotel.core.Application - No active profile set, falling back to default profiles: default
2024-05-11 17:49:18 [main] DEBUG c.g.h.c.i.JwtAuthenticationTokenFilter - Filter 'jwtAuthenticationTokenFilter' configured for use
2024-05-11 17:49:19 [main] INFO  o.s.s.web.DefaultSecurityFilterChain - Creating filter chain: any request, [org.springframework.security.web.context.request.async.WebAsyncManagerIntegrationFilter@1b482cbf, org.springframework.security.web.context.SecurityContextPersistenceFilter@72a2312e, org.springframework.security.web.header.HeaderWriterFilter@32118208, org.springframework.web.filter.CorsFilter@661fe025, org.springframework.security.web.authentication.logout.LogoutFilter@78d9f51b, com.gzx.hotel.core.interceptor.JwtAuthenticationTokenFilter@1cc680e, org.springframework.security.web.savedrequest.RequestCacheAwareFilter@7951c3a2, org.springframework.security.web.servletapi.SecurityContextHolderAwareRequestFilter@62f11ebb, org.springframework.security.web.authentication.AnonymousAuthenticationFilter@7161457, org.springframework.security.web.session.SessionManagementFilter@5261ec9, org.springframework.security.web.access.ExceptionTranslationFilter@388623ad, org.springframework.security.web.access.intercept.FilterSecurityInterceptor@71b6172c]
2024-05-11 17:49:20 [main] INFO  com.gzx.hotel.core.Application - Started Application in 3.332 seconds (JVM running for 4.22)
2024-05-11 17:49:29 [http-nio-8001-exec-1] DEBUG c.g.h.core.dao.RecordDao.selectById - ==>  Preparing: SELECT id_,room_id,start_time,end_time,complete FROM record WHERE id_=?
2024-05-11 17:49:29 [http-nio-8001-exec-1] DEBUG c.g.h.core.dao.RecordDao.selectById - ==> Parameters: 1(Integer)
2024-05-11 17:49:29 [http-nio-8001-exec-1] DEBUG c.g.h.core.dao.RecordDao.selectById - <==      Total: 1
2024-05-11 17:49:29 [http-nio-8001-exec-1] DEBUG c.gzx.hotel.core.dao.UserDao.update - ==>  Preparing: UPDATE user SET locked=? WHERE (record_id = ?)
2024-05-11 17:49:29 [http-nio-8001-exec-1] DEBUG c.gzx.hotel.core.dao.UserDao.update - ==> Parameters: 1(Integer), 1(Long)
2024-05-11 17:49:29 [http-nio-8001-exec-1] DEBUG c.gzx.hotel.core.dao.UserDao.update - <==    Updates: 2
2024-05-11 17:49:29 [http-nio-8001-exec-1] DEBUG c.g.hotel.core.dao.RecordDao.update - ==>  Preparing: UPDATE record SET room_id=?, start_time=?, end_time=?, complete=? WHERE (id_ = ?)
2024-05-11 17:49:29 [http-nio-8001-exec-1] DEBUG c.g.hotel.core.dao.RecordDao.update - ==> Parameters: 2(Long), 2024-05-11 16:46:28.0(Timestamp), 2024-05-11 17:49:29.955(Timestamp), 1(Integer), 1(Integer)
2024-05-11 17:49:30 [http-nio-8001-exec-1] DEBUG c.g.hotel.core.dao.RecordDao.update - <==    Updates: 1
2024-05-11 17:50:40 [main] INFO  com.gzx.hotel.core.Application - Starting Application on PC-20210904KJSA with PID 14492 (E:\Java_project\hotel-parent\hotel-core\target\classes started by Administrator in E:\Java_project\hotel-parent)
2024-05-11 17:50:40 [main] DEBUG com.gzx.hotel.core.Application - Running with Spring Boot v2.3.4.RELEASE, Spring v5.2.9.RELEASE
2024-05-11 17:50:40 [main] INFO  com.gzx.hotel.core.Application - No active profile set, falling back to default profiles: default
