2024-05-10 17:58:53 [main] INFO  com.gzx.hotel.core.Application - Starting Application on PC-20210904KJSA with PID 11208 (E:\Java_project\hotel-parent\hotel-core\target\classes started by Administrator in E:\Java_project\hotel-parent)
2024-05-10 17:58:53 [main] DEBUG com.gzx.hotel.core.Application - Running with Spring Boot v2.3.4.RELEASE, Spring v5.2.9.RELEASE
2024-05-10 17:58:53 [main] INFO  com.gzx.hotel.core.Application - No active profile set, falling back to default profiles: default
2024-05-10 17:58:55 [main] INFO  o.s.s.web.DefaultSecurityFilterChain - Creating filter chain: any request, [org.springframework.security.web.context.request.async.WebAsyncManagerIntegrationFilter@4c5a2baf, org.springframework.security.web.context.SecurityContextPersistenceFilter@4dac121d, org.springframework.security.web.header.HeaderWriterFilter@78d71df1, org.springframework.security.web.csrf.CsrfFilter@5ba03c82, org.springframework.security.web.authentication.logout.LogoutFilter@1d02af26, org.springframework.security.web.authentication.UsernamePasswordAuthenticationFilter@77db3d02, org.springframework.security.web.authentication.ui.DefaultLoginPageGeneratingFilter@7237f3c1, org.springframework.security.web.authentication.ui.DefaultLogoutPageGeneratingFilter@1ec22831, org.springframework.security.web.authentication.www.BasicAuthenticationFilter@3878be7b, org.springframework.security.web.savedrequest.RequestCacheAwareFilter@3e28fee1, org.springframework.security.web.servletapi.SecurityContextHolderAwareRequestFilter@78ec89a6, org.springframework.security.web.authentication.AnonymousAuthenticationFilter@63f855b, org.springframework.security.web.session.SessionManagementFilter@a9c5b75, org.springframework.security.web.access.ExceptionTranslationFilter@2dbc408c, org.springframework.security.web.access.intercept.FilterSecurityInterceptor@c689973]
2024-05-10 17:58:55 [main] INFO  com.gzx.hotel.core.Application - Started Application in 2.576 seconds (JVM running for 3.624)
2024-05-10 18:20:27 [main] INFO  com.gzx.hotel.core.Application - Starting Application on PC-20210904KJSA with PID 15884 (E:\Java_project\hotel-parent\hotel-core\target\classes started by Administrator in E:\Java_project\hotel-parent)
2024-05-10 18:20:27 [main] DEBUG com.gzx.hotel.core.Application - Running with Spring Boot v2.3.4.RELEASE, Spring v5.2.9.RELEASE
2024-05-10 18:20:27 [main] INFO  com.gzx.hotel.core.Application - No active profile set, falling back to default profiles: default
2024-05-10 18:20:30 [main] INFO  o.s.s.web.DefaultSecurityFilterChain - Creating filter chain: any request, [org.springframework.security.web.context.request.async.WebAsyncManagerIntegrationFilter@1f78d415, org.springframework.security.web.context.SecurityContextPersistenceFilter@5c18d6d4, org.springframework.security.web.header.HeaderWriterFilter@57e5396b, org.springframework.security.web.csrf.CsrfFilter@10f477e2, org.springframework.security.web.authentication.logout.LogoutFilter@1ab14636, org.springframework.security.web.authentication.UsernamePasswordAuthenticationFilter@798cb6d9, org.springframework.security.web.authentication.ui.DefaultLoginPageGeneratingFilter@738a5848, org.springframework.security.web.authentication.ui.DefaultLogoutPageGeneratingFilter@1c046c92, org.springframework.security.web.authentication.www.BasicAuthenticationFilter@5460edd3, org.springframework.security.web.savedrequest.RequestCacheAwareFilter@38fb50f8, org.springframework.security.web.servletapi.SecurityContextHolderAwareRequestFilter@70997a94, org.springframework.security.web.authentication.AnonymousAuthenticationFilter@27960b1e, org.springframework.security.web.session.SessionManagementFilter@6467ddc7, org.springframework.security.web.access.ExceptionTranslationFilter@3c9ef6e9, org.springframework.security.web.access.intercept.FilterSecurityInterceptor@1310fcb0]
2024-05-10 18:20:30 [main] INFO  com.gzx.hotel.core.Application - Started Application in 2.675 seconds (JVM running for 3.528)
2024-05-10 18:21:37 [main] INFO  com.gzx.hotel.core.Application - Starting Application on PC-20210904KJSA with PID 19256 (E:\Java_project\hotel-parent\hotel-core\target\classes started by Administrator in E:\Java_project\hotel-parent)
2024-05-10 18:21:37 [main] DEBUG com.gzx.hotel.core.Application - Running with Spring Boot v2.3.4.RELEASE, Spring v5.2.9.RELEASE
2024-05-10 18:21:37 [main] INFO  com.gzx.hotel.core.Application - No active profile set, falling back to default profiles: default
2024-05-10 18:21:39 [main] INFO  o.s.s.web.DefaultSecurityFilterChain - Creating filter chain: any request, [org.springframework.security.web.context.request.async.WebAsyncManagerIntegrationFilter@57f9b467, org.springframework.security.web.context.SecurityContextPersistenceFilter@623ebac7, org.springframework.security.web.header.HeaderWriterFilter@2a4f5433, org.springframework.web.filter.CorsFilter@6d5c2745, org.springframework.security.web.authentication.logout.LogoutFilter@625dfff3, org.springframework.security.web.savedrequest.RequestCacheAwareFilter@1ab5f08a, org.springframework.security.web.servletapi.SecurityContextHolderAwareRequestFilter@574a89e2, org.springframework.security.web.authentication.AnonymousAuthenticationFilter@44b29496, org.springframework.security.web.session.SessionManagementFilter@72fd8a3c, org.springframework.security.web.access.ExceptionTranslationFilter@7afc4db9, org.springframework.security.web.access.intercept.FilterSecurityInterceptor@2b960a7]
2024-05-10 18:25:13 [main] INFO  com.gzx.hotel.core.Application - Starting Application on PC-20210904KJSA with PID 2384 (E:\Java_project\hotel-parent\hotel-core\target\classes started by Administrator in E:\Java_project\hotel-parent)
2024-05-10 18:25:13 [main] DEBUG com.gzx.hotel.core.Application - Running with Spring Boot v2.3.4.RELEASE, Spring v5.2.9.RELEASE
2024-05-10 18:25:13 [main] INFO  com.gzx.hotel.core.Application - No active profile set, falling back to default profiles: default
2024-05-10 18:25:15 [main] INFO  o.s.s.web.DefaultSecurityFilterChain - Creating filter chain: any request, [org.springframework.security.web.context.request.async.WebAsyncManagerIntegrationFilter@765ffb14, org.springframework.security.web.context.SecurityContextPersistenceFilter@15c4af7a, org.springframework.security.web.header.HeaderWriterFilter@1afd72ef, org.springframework.web.filter.CorsFilter@57562473, org.springframework.security.web.authentication.logout.LogoutFilter@7a8b9166, org.springframework.security.web.savedrequest.RequestCacheAwareFilter@55d58825, org.springframework.security.web.servletapi.SecurityContextHolderAwareRequestFilter@46aa712c, org.springframework.security.web.authentication.AnonymousAuthenticationFilter@7a360554, org.springframework.security.web.session.SessionManagementFilter@1b1c538d, org.springframework.security.web.access.ExceptionTranslationFilter@7b122839, org.springframework.security.web.access.intercept.FilterSecurityInterceptor@4b0f2299]
2024-05-10 18:25:16 [main] INFO  com.gzx.hotel.core.Application - Started Application in 2.716 seconds (JVM running for 3.569)
2024-05-10 18:25:21 [http-nio-8001-exec-1] DEBUG c.g.h.core.dao.RoomDao.selectList - ==>  Preparing: SELECT id_,`name`,`use` FROM room
2024-05-10 18:25:21 [http-nio-8001-exec-1] DEBUG c.g.h.core.dao.RoomDao.selectList - ==> Parameters: 
2024-05-10 18:25:21 [http-nio-8001-exec-1] DEBUG c.g.h.core.dao.RoomDao.selectList - <==      Total: 1
2024-05-10 18:32:10 [http-nio-8001-exec-3] DEBUG c.g.h.core.dao.RoomDao.selectList - ==>  Preparing: SELECT id_,`name`,`use` FROM room
2024-05-10 18:32:10 [http-nio-8001-exec-3] DEBUG c.g.h.core.dao.RoomDao.selectList - ==> Parameters: 
2024-05-10 18:32:10 [http-nio-8001-exec-3] DEBUG c.g.h.core.dao.RoomDao.selectList - <==      Total: 2
2024-05-10 18:32:19 [main] INFO  com.gzx.hotel.core.Application - Starting Application on PC-20210904KJSA with PID 17312 (E:\Java_project\hotel-parent\hotel-core\target\classes started by Administrator in E:\Java_project\hotel-parent)
2024-05-10 18:32:19 [main] DEBUG com.gzx.hotel.core.Application - Running with Spring Boot v2.3.4.RELEASE, Spring v5.2.9.RELEASE
2024-05-10 18:32:19 [main] INFO  com.gzx.hotel.core.Application - No active profile set, falling back to default profiles: default
2024-05-10 18:32:21 [main] INFO  o.s.s.web.DefaultSecurityFilterChain - Creating filter chain: any request, [org.springframework.security.web.context.request.async.WebAsyncManagerIntegrationFilter@3291b443, org.springframework.security.web.context.SecurityContextPersistenceFilter@2a869a16, org.springframework.security.web.header.HeaderWriterFilter@2eeb0f9b, org.springframework.web.filter.CorsFilter@671c4166, org.springframework.security.web.authentication.logout.LogoutFilter@1947596f, org.springframework.security.web.savedrequest.RequestCacheAwareFilter@46aa712c, org.springframework.security.web.servletapi.SecurityContextHolderAwareRequestFilter@31dfc6f5, org.springframework.security.web.authentication.AnonymousAuthenticationFilter@53d13cd4, org.springframework.security.web.session.SessionManagementFilter@544e8149, org.springframework.security.web.access.ExceptionTranslationFilter@7a81065e, org.springframework.security.web.access.intercept.FilterSecurityInterceptor@2373ad99]
2024-05-10 18:32:21 [main] INFO  com.gzx.hotel.core.Application - Started Application in 2.696 seconds (JVM running for 3.57)
2024-05-10 18:32:25 [http-nio-8001-exec-1] DEBUG c.g.h.core.dao.RoomDao.selectList - ==>  Preparing: SELECT id_,`name`,`use` FROM room
2024-05-10 18:32:25 [http-nio-8001-exec-1] DEBUG c.g.h.core.dao.RoomDao.selectList - ==> Parameters: 
2024-05-10 18:32:25 [http-nio-8001-exec-1] DEBUG c.g.h.core.dao.RoomDao.selectList - <==      Total: 2
2024-05-10 18:33:36 [main] INFO  com.gzx.hotel.core.Application - Starting Application on PC-20210904KJSA with PID 18228 (E:\Java_project\hotel-parent\hotel-core\target\classes started by Administrator in E:\Java_project\hotel-parent)
2024-05-10 18:33:36 [main] DEBUG com.gzx.hotel.core.Application - Running with Spring Boot v2.3.4.RELEASE, Spring v5.2.9.RELEASE
2024-05-10 18:33:36 [main] INFO  com.gzx.hotel.core.Application - No active profile set, falling back to default profiles: default
2024-05-10 18:33:38 [main] INFO  o.s.s.web.DefaultSecurityFilterChain - Creating filter chain: any request, [org.springframework.security.web.context.request.async.WebAsyncManagerIntegrationFilter@57562473, org.springframework.security.web.context.SecurityContextPersistenceFilter@6cbd0674, org.springframework.security.web.header.HeaderWriterFilter@2cc75074, org.springframework.web.filter.CorsFilter@7a360554, org.springframework.security.web.authentication.logout.LogoutFilter@4acc5dff, org.springframework.security.web.savedrequest.RequestCacheAwareFilter@19a64eae, org.springframework.security.web.servletapi.SecurityContextHolderAwareRequestFilter@6ada9c0c, org.springframework.security.web.authentication.AnonymousAuthenticationFilter@424de326, org.springframework.security.web.session.SessionManagementFilter@1645f294, org.springframework.security.web.access.ExceptionTranslationFilter@3743539f, org.springframework.security.web.access.intercept.FilterSecurityInterceptor@33063f5b]
2024-05-10 18:33:39 [main] INFO  com.gzx.hotel.core.Application - Started Application in 2.748 seconds (JVM running for 3.606)
2024-05-10 18:52:17 [main] INFO  com.gzx.hotel.core.Application - Starting Application on PC-20210904KJSA with PID 15080 (E:\Java_project\hotel-parent\hotel-core\target\classes started by Administrator in E:\Java_project\hotel-parent)
2024-05-10 18:52:17 [main] DEBUG com.gzx.hotel.core.Application - Running with Spring Boot v2.3.4.RELEASE, Spring v5.2.9.RELEASE
2024-05-10 18:52:17 [main] INFO  com.gzx.hotel.core.Application - No active profile set, falling back to default profiles: default
2024-05-10 18:52:19 [main] INFO  o.s.s.web.DefaultSecurityFilterChain - Creating filter chain: any request, [org.springframework.security.web.context.request.async.WebAsyncManagerIntegrationFilter@6fa13e6, org.springframework.security.web.context.SecurityContextPersistenceFilter@70e94ecb, org.springframework.security.web.header.HeaderWriterFilter@37b52340, org.springframework.web.filter.CorsFilter@3af7d855, org.springframework.security.web.authentication.logout.LogoutFilter@33425811, org.springframework.security.web.savedrequest.RequestCacheAwareFilter@7e446d92, org.springframework.security.web.servletapi.SecurityContextHolderAwareRequestFilter@43d9f1a2, org.springframework.security.web.authentication.AnonymousAuthenticationFilter@77049094, org.springframework.security.web.session.SessionManagementFilter@7a8b9166, org.springframework.security.web.access.ExceptionTranslationFilter@45cec376, org.springframework.security.web.access.intercept.FilterSecurityInterceptor@52ff99cd]
2024-05-10 18:52:20 [main] INFO  com.gzx.hotel.core.Application - Started Application in 2.639 seconds (JVM running for 3.572)
2024-05-10 18:52:28 [http-nio-8001-exec-1] DEBUG c.g.h.core.dao.RoomDao.selectByPage - ==>  Preparing: SELECT * FROM room WHERE `name` = ? AND use = ?
2024-05-10 18:52:28 [http-nio-8001-exec-1] DEBUG c.g.h.core.dao.RoomDao.selectByPage - ==> Parameters: 408(String), 0(Integer)
2024-05-10 18:52:53 [http-nio-8001-exec-2] DEBUG c.g.h.core.dao.RoomDao.selectByPage - ==>  Preparing: SELECT * FROM room WHERE `name` = ?
2024-05-10 18:52:53 [http-nio-8001-exec-2] DEBUG c.g.h.core.dao.RoomDao.selectByPage - ==> Parameters: 408(String)
2024-05-10 18:52:53 [http-nio-8001-exec-2] DEBUG c.g.h.core.dao.RoomDao.selectByPage - <==      Total: 1
2024-05-10 18:53:27 [main] INFO  com.gzx.hotel.core.Application - Starting Application on PC-20210904KJSA with PID 13928 (E:\Java_project\hotel-parent\hotel-core\target\classes started by Administrator in E:\Java_project\hotel-parent)
2024-05-10 18:53:27 [main] DEBUG com.gzx.hotel.core.Application - Running with Spring Boot v2.3.4.RELEASE, Spring v5.2.9.RELEASE
2024-05-10 18:53:27 [main] INFO  com.gzx.hotel.core.Application - No active profile set, falling back to default profiles: default
2024-05-10 18:53:29 [main] INFO  o.s.s.web.DefaultSecurityFilterChain - Creating filter chain: any request, [org.springframework.security.web.context.request.async.WebAsyncManagerIntegrationFilter@446626a7, org.springframework.security.web.context.SecurityContextPersistenceFilter@3078cac, org.springframework.security.web.header.HeaderWriterFilter@3650d4fc, org.springframework.web.filter.CorsFilter@429f7919, org.springframework.security.web.authentication.logout.LogoutFilter@6fa0450e, org.springframework.security.web.savedrequest.RequestCacheAwareFilter@5f2bd6d9, org.springframework.security.web.servletapi.SecurityContextHolderAwareRequestFilter@94e51e8, org.springframework.security.web.authentication.AnonymousAuthenticationFilter@4a2929a4, org.springframework.security.web.session.SessionManagementFilter@6d5c2745, org.springframework.security.web.access.ExceptionTranslationFilter@2f4e40d7, org.springframework.security.web.access.intercept.FilterSecurityInterceptor@53c6f96d]
2024-05-10 18:53:29 [main] INFO  com.gzx.hotel.core.Application - Started Application in 2.689 seconds (JVM running for 3.534)
2024-05-10 18:53:35 [http-nio-8001-exec-1] DEBUG c.g.h.core.dao.RoomDao.selectByPage - ==>  Preparing: SELECT * FROM room WHERE `name` = ?
2024-05-10 18:53:35 [http-nio-8001-exec-1] DEBUG c.g.h.core.dao.RoomDao.selectByPage - ==> Parameters: 408(String)
2024-05-10 18:53:35 [http-nio-8001-exec-1] DEBUG c.g.h.core.dao.RoomDao.selectByPage - <==      Total: 1
2024-05-10 18:53:59 [http-nio-8001-exec-3] DEBUG c.g.h.core.dao.RoomDao.selectByPage - ==>  Preparing: SELECT * FROM room WHERE `name` = ?
2024-05-10 18:53:59 [http-nio-8001-exec-3] DEBUG c.g.h.core.dao.RoomDao.selectByPage - ==> Parameters: 408(String)
2024-05-10 18:53:59 [http-nio-8001-exec-3] DEBUG c.g.h.core.dao.RoomDao.selectByPage - <==      Total: 1
2024-05-10 18:55:13 [http-nio-8001-exec-7] DEBUG c.g.h.core.dao.RoomDao.selectByPage - ==>  Preparing: SELECT * FROM room WHERE `name` = ? AND use = ?
2024-05-10 18:55:13 [http-nio-8001-exec-7] DEBUG c.g.h.core.dao.RoomDao.selectByPage - ==> Parameters: 408(String), 0(Integer)
2024-05-10 18:55:46 [main] INFO  com.gzx.hotel.core.Application - Starting Application on PC-20210904KJSA with PID 19788 (E:\Java_project\hotel-parent\hotel-core\target\classes started by Administrator in E:\Java_project\hotel-parent)
2024-05-10 18:55:46 [main] DEBUG com.gzx.hotel.core.Application - Running with Spring Boot v2.3.4.RELEASE, Spring v5.2.9.RELEASE
2024-05-10 18:55:46 [main] INFO  com.gzx.hotel.core.Application - No active profile set, falling back to default profiles: default
2024-05-10 18:55:48 [main] INFO  o.s.s.web.DefaultSecurityFilterChain - Creating filter chain: any request, [org.springframework.security.web.context.request.async.WebAsyncManagerIntegrationFilter@446626a7, org.springframework.security.web.context.SecurityContextPersistenceFilter@3078cac, org.springframework.security.web.header.HeaderWriterFilter@3650d4fc, org.springframework.web.filter.CorsFilter@429f7919, org.springframework.security.web.authentication.logout.LogoutFilter@6fa0450e, org.springframework.security.web.savedrequest.RequestCacheAwareFilter@5f2bd6d9, org.springframework.security.web.servletapi.SecurityContextHolderAwareRequestFilter@94e51e8, org.springframework.security.web.authentication.AnonymousAuthenticationFilter@4a2929a4, org.springframework.security.web.session.SessionManagementFilter@6d5c2745, org.springframework.security.web.access.ExceptionTranslationFilter@2f4e40d7, org.springframework.security.web.access.intercept.FilterSecurityInterceptor@53c6f96d]
2024-05-10 18:55:48 [main] INFO  com.gzx.hotel.core.Application - Started Application in 2.647 seconds (JVM running for 3.49)
2024-05-10 18:55:58 [http-nio-8001-exec-1] DEBUG c.g.h.core.dao.RoomDao.selectByPage - ==>  Preparing: SELECT * FROM room WHERE `name` = ? AND `use` = ?
2024-05-10 18:55:58 [http-nio-8001-exec-1] DEBUG c.g.h.core.dao.RoomDao.selectByPage - ==> Parameters: 408(String), 0(Integer)
2024-05-10 18:55:58 [http-nio-8001-exec-1] DEBUG c.g.h.core.dao.RoomDao.selectByPage - <==      Total: 1
2024-05-10 18:58:13 [main] INFO  com.gzx.hotel.core.Application - Starting Application on PC-20210904KJSA with PID 17696 (E:\Java_project\hotel-parent\hotel-core\target\classes started by Administrator in E:\Java_project\hotel-parent)
2024-05-10 18:58:13 [main] DEBUG com.gzx.hotel.core.Application - Running with Spring Boot v2.3.4.RELEASE, Spring v5.2.9.RELEASE
2024-05-10 18:58:13 [main] INFO  com.gzx.hotel.core.Application - No active profile set, falling back to default profiles: default
2024-05-10 18:58:27 [main] INFO  o.s.s.web.DefaultSecurityFilterChain - Creating filter chain: any request, [org.springframework.security.web.context.request.async.WebAsyncManagerIntegrationFilter@37c7766e, org.springframework.security.web.context.SecurityContextPersistenceFilter@4c18516, org.springframework.security.web.header.HeaderWriterFilter@372f0a99, org.springframework.web.filter.CorsFilter@3fb450d7, org.springframework.security.web.authentication.logout.LogoutFilter@5fef0c19, org.springframework.security.web.savedrequest.RequestCacheAwareFilter@3d104c9b, org.springframework.security.web.servletapi.SecurityContextHolderAwareRequestFilter@543fe698, org.springframework.security.web.authentication.AnonymousAuthenticationFilter@4b7ed03e, org.springframework.security.web.session.SessionManagementFilter@15605d83, org.springframework.security.web.access.ExceptionTranslationFilter@6f38f084, org.springframework.security.web.access.intercept.FilterSecurityInterceptor@6cbb7a7d]
2024-05-10 18:59:23 [main] INFO  com.gzx.hotel.core.Application - Starting Application on PC-20210904KJSA with PID 20124 (E:\Java_project\hotel-parent\hotel-core\target\classes started by Administrator in E:\Java_project\hotel-parent)
2024-05-10 18:59:23 [main] DEBUG com.gzx.hotel.core.Application - Running with Spring Boot v2.3.4.RELEASE, Spring v5.2.9.RELEASE
2024-05-10 18:59:23 [main] INFO  com.gzx.hotel.core.Application - No active profile set, falling back to default profiles: default
2024-05-10 18:59:25 [main] INFO  o.s.s.web.DefaultSecurityFilterChain - Creating filter chain: any request, [org.springframework.security.web.context.request.async.WebAsyncManagerIntegrationFilter@ed91d8d, org.springframework.security.web.context.SecurityContextPersistenceFilter@1947596f, org.springframework.security.web.header.HeaderWriterFilter@188ac8a3, org.springframework.web.filter.CorsFilter@446626a7, org.springframework.security.web.authentication.logout.LogoutFilter@c2584d3, org.springframework.security.web.savedrequest.RequestCacheAwareFilter@f6de586, org.springframework.security.web.servletapi.SecurityContextHolderAwareRequestFilter@14a049f9, org.springframework.security.web.authentication.AnonymousAuthenticationFilter@429f7919, org.springframework.security.web.session.SessionManagementFilter@57f9b467, org.springframework.security.web.access.ExceptionTranslationFilter@663bb8ef, org.springframework.security.web.access.intercept.FilterSecurityInterceptor@136965e3]
2024-05-10 18:59:26 [main] INFO  com.gzx.hotel.core.Application - Started Application in 2.748 seconds (JVM running for 3.624)
2024-05-10 18:59:32 [http-nio-8001-exec-1] DEBUG c.g.h.core.dao.RoomDao.selectByPage - ==>  Preparing: SELECT * FROM room WHERE `name` = ? AND `use` = ?
2024-05-10 18:59:32 [http-nio-8001-exec-1] DEBUG c.g.h.core.dao.RoomDao.selectByPage - ==> Parameters: 408(String), 0(Integer)
2024-05-10 18:59:32 [http-nio-8001-exec-1] DEBUG c.g.h.core.dao.RoomDao.selectByPage - <==      Total: 1
2024-05-10 19:01:29 [main] INFO  com.gzx.hotel.core.Application - Starting Application on PC-20210904KJSA with PID 21032 (E:\Java_project\hotel-parent\hotel-core\target\classes started by Administrator in E:\Java_project\hotel-parent)
2024-05-10 19:01:29 [main] DEBUG com.gzx.hotel.core.Application - Running with Spring Boot v2.3.4.RELEASE, Spring v5.2.9.RELEASE
2024-05-10 19:01:29 [main] INFO  com.gzx.hotel.core.Application - No active profile set, falling back to default profiles: default
2024-05-10 19:01:49 [main] INFO  o.s.s.web.DefaultSecurityFilterChain - Creating filter chain: any request, [org.springframework.security.web.context.request.async.WebAsyncManagerIntegrationFilter@c568f91, org.springframework.security.web.context.SecurityContextPersistenceFilter@747f6c5a, org.springframework.security.web.header.HeaderWriterFilter@5b8853, org.springframework.web.filter.CorsFilter@5fd43e58, org.springframework.security.web.authentication.logout.LogoutFilter@539c4830, org.springframework.security.web.savedrequest.RequestCacheAwareFilter@5b48f0f4, org.springframework.security.web.servletapi.SecurityContextHolderAwareRequestFilter@4981d95b, org.springframework.security.web.authentication.AnonymousAuthenticationFilter@70d4f672, org.springframework.security.web.session.SessionManagementFilter@72c9ebfa, org.springframework.security.web.access.ExceptionTranslationFilter@32ae8f27, org.springframework.security.web.access.intercept.FilterSecurityInterceptor@29c53c4f]
2024-05-10 19:02:54 [main] INFO  com.gzx.hotel.core.Application - Started Application in 85.108 seconds (JVM running for 86.052)
2024-05-10 19:03:52 [http-nio-8001-exec-1] DEBUG c.g.h.core.dao.RoomDao.selectByPage - ==>  Preparing: SELECT * FROM room WHERE `name` = ? AND `use` = ?
2024-05-10 19:03:54 [http-nio-8001-exec-1] DEBUG c.g.h.core.dao.RoomDao.selectByPage - ==> Parameters: 408(String), 0(Integer)
2024-05-10 19:03:55 [http-nio-8001-exec-1] DEBUG c.g.h.core.dao.RoomDao.selectByPage - <==      Total: 1
2024-05-10 19:04:25 [http-nio-8001-exec-2] DEBUG c.g.h.core.dao.RoomDao.selectByPage - ==>  Preparing: SELECT * FROM room WHERE `name` = ? AND `use` = ?
2024-05-10 19:04:25 [http-nio-8001-exec-2] DEBUG c.g.h.core.dao.RoomDao.selectByPage - ==> Parameters: 408(String), 0(Integer)
2024-05-10 19:04:25 [http-nio-8001-exec-2] DEBUG c.g.h.core.dao.RoomDao.selectByPage - <==      Total: 1
2024-05-10 19:04:52 [http-nio-8001-exec-3] DEBUG c.g.h.core.dao.RoomDao.selectList - ==>  Preparing: SELECT id_,`name`,`use` FROM room
2024-05-10 19:04:52 [http-nio-8001-exec-3] DEBUG c.g.h.core.dao.RoomDao.selectList - ==> Parameters: 
2024-05-10 19:04:52 [http-nio-8001-exec-3] DEBUG c.g.h.core.dao.RoomDao.selectList - <==      Total: 2
2024-05-10 19:05:41 [http-nio-8001-exec-4] DEBUG c.g.h.core.dao.RoomDao.selectByPage - ==>  Preparing: SELECT * FROM room WHERE `name` = ? AND `use` = ?
2024-05-10 19:05:41 [http-nio-8001-exec-4] DEBUG c.g.h.core.dao.RoomDao.selectByPage - ==> Parameters: 408(String), 0(Integer)
2024-05-10 19:05:42 [http-nio-8001-exec-4] DEBUG c.g.h.core.dao.RoomDao.selectByPage - <==      Total: 1
2024-05-10 19:05:57 [http-nio-8001-exec-5] DEBUG c.g.h.core.dao.RoomDao.selectByPage - ==>  Preparing: SELECT * FROM room WHERE `name` = ? AND `use` = ?
2024-05-10 19:05:57 [http-nio-8001-exec-5] DEBUG c.g.h.core.dao.RoomDao.selectByPage - ==> Parameters: 408(String), 0(Integer)
2024-05-10 19:05:57 [http-nio-8001-exec-5] DEBUG c.g.h.core.dao.RoomDao.selectByPage - <==      Total: 1
2024-05-10 19:09:11 [http-nio-8001-exec-7] DEBUG c.g.h.core.dao.RoomDao.selectByPage - ==>  Preparing: SELECT * FROM room WHERE `name` = ? AND `use` = ?
2024-05-10 19:09:11 [http-nio-8001-exec-7] DEBUG c.g.h.core.dao.RoomDao.selectByPage - ==> Parameters: 408(String), 0(Integer)
2024-05-10 19:09:11 [http-nio-8001-exec-7] DEBUG c.g.h.core.dao.RoomDao.selectByPage - <==      Total: 1
2024-05-10 19:17:28 [main] INFO  com.gzx.hotel.core.Application - Starting Application on PC-20210904KJSA with PID 22472 (E:\Java_project\hotel-parent\hotel-core\target\classes started by Administrator in E:\Java_project\hotel-parent)
2024-05-10 19:17:28 [main] DEBUG com.gzx.hotel.core.Application - Running with Spring Boot v2.3.4.RELEASE, Spring v5.2.9.RELEASE
2024-05-10 19:17:28 [main] INFO  com.gzx.hotel.core.Application - No active profile set, falling back to default profiles: default
2024-05-10 19:17:47 [main] INFO  o.s.s.web.DefaultSecurityFilterChain - Creating filter chain: any request, [org.springframework.security.web.context.request.async.WebAsyncManagerIntegrationFilter@224d86d2, org.springframework.security.web.context.SecurityContextPersistenceFilter@6486fe7b, org.springframework.security.web.header.HeaderWriterFilter@7a606260, org.springframework.web.filter.CorsFilter@a3cba3a, org.springframework.security.web.authentication.logout.LogoutFilter@2cccf134, org.springframework.security.web.savedrequest.RequestCacheAwareFilter@4645679e, org.springframework.security.web.servletapi.SecurityContextHolderAwareRequestFilter@78d73b1b, org.springframework.security.web.authentication.AnonymousAuthenticationFilter@2aea717c, org.springframework.security.web.session.SessionManagementFilter@52f8a6f4, org.springframework.security.web.access.ExceptionTranslationFilter@6b867ee7, org.springframework.security.web.access.intercept.FilterSecurityInterceptor@11810917]
2024-05-10 19:18:53 [main] INFO  com.gzx.hotel.core.Application - Started Application in 85.347 seconds (JVM running for 86.268)
2024-05-10 19:21:13 [http-nio-8001-exec-2] DEBUG c.g.h.core.dao.RoomDao.selectByPage - ==>  Preparing: SELECT * FROM room WHERE `name` = ? AND `use` = ?
2024-05-10 19:21:15 [http-nio-8001-exec-2] DEBUG c.g.h.core.dao.RoomDao.selectByPage - ==> Parameters: 408(String), 0(Integer)
2024-05-10 19:21:16 [http-nio-8001-exec-2] DEBUG c.g.h.core.dao.RoomDao.selectByPage - <==      Total: 1
2024-05-10 19:21:41 [main] INFO  com.gzx.hotel.core.Application - Starting Application on PC-20210904KJSA with PID 19848 (E:\Java_project\hotel-parent\hotel-core\target\classes started by Administrator in E:\Java_project\hotel-parent)
2024-05-10 19:21:41 [main] DEBUG com.gzx.hotel.core.Application - Running with Spring Boot v2.3.4.RELEASE, Spring v5.2.9.RELEASE
2024-05-10 19:21:41 [main] INFO  com.gzx.hotel.core.Application - No active profile set, falling back to default profiles: default
2024-05-10 19:21:43 [main] INFO  o.s.s.web.DefaultSecurityFilterChain - Creating filter chain: any request, [org.springframework.security.web.context.request.async.WebAsyncManagerIntegrationFilter@6fa13e6, org.springframework.security.web.context.SecurityContextPersistenceFilter@70e94ecb, org.springframework.security.web.header.HeaderWriterFilter@37b52340, org.springframework.web.filter.CorsFilter@3af7d855, org.springframework.security.web.authentication.logout.LogoutFilter@33425811, org.springframework.security.web.savedrequest.RequestCacheAwareFilter@7e446d92, org.springframework.security.web.servletapi.SecurityContextHolderAwareRequestFilter@43d9f1a2, org.springframework.security.web.authentication.AnonymousAuthenticationFilter@77049094, org.springframework.security.web.session.SessionManagementFilter@7a8b9166, org.springframework.security.web.access.ExceptionTranslationFilter@45cec376, org.springframework.security.web.access.intercept.FilterSecurityInterceptor@52ff99cd]
2024-05-10 19:21:43 [main] INFO  com.gzx.hotel.core.Application - Started Application in 2.668 seconds (JVM running for 3.616)
2024-05-10 19:23:50 [main] INFO  com.gzx.hotel.core.Application - Starting Application on PC-20210904KJSA with PID 20784 (E:\Java_project\hotel-parent\hotel-core\target\classes started by Administrator in E:\Java_project\hotel-parent)
2024-05-10 19:23:50 [main] DEBUG com.gzx.hotel.core.Application - Running with Spring Boot v2.3.4.RELEASE, Spring v5.2.9.RELEASE
2024-05-10 19:23:50 [main] INFO  com.gzx.hotel.core.Application - No active profile set, falling back to default profiles: default
2024-05-10 19:23:52 [main] INFO  o.s.s.web.DefaultSecurityFilterChain - Creating filter chain: any request, [org.springframework.security.web.context.request.async.WebAsyncManagerIntegrationFilter@77049094, org.springframework.security.web.context.SecurityContextPersistenceFilter@7e446d92, org.springframework.security.web.header.HeaderWriterFilter@2f4e40d7, org.springframework.web.filter.CorsFilter@f88bfbe, org.springframework.security.web.authentication.logout.LogoutFilter@e4e1ef5, org.springframework.security.web.savedrequest.RequestCacheAwareFilter@6d5c2745, org.springframework.security.web.servletapi.SecurityContextHolderAwareRequestFilter@2264ea32, org.springframework.security.web.authentication.AnonymousAuthenticationFilter@59bbe88a, org.springframework.security.web.session.SessionManagementFilter@10c72a6f, org.springframework.security.web.access.ExceptionTranslationFilter@298f0a0b, org.springframework.security.web.access.intercept.FilterSecurityInterceptor@44032fde]
2024-05-10 19:23:52 [main] INFO  com.gzx.hotel.core.Application - Started Application in 2.793 seconds (JVM running for 3.74)
2024-05-10 20:57:26 [main] INFO  com.gzx.hotel.core.Application - Starting Application on PC-20210904KJSA with PID 23060 (E:\Java_project\hotel-parent\hotel-core\target\classes started by Administrator in E:\Java_project\hotel-parent)
2024-05-10 20:57:26 [main] DEBUG com.gzx.hotel.core.Application - Running with Spring Boot v2.3.4.RELEASE, Spring v5.2.9.RELEASE
2024-05-10 20:57:26 [main] INFO  com.gzx.hotel.core.Application - No active profile set, falling back to default profiles: default
2024-05-10 20:57:28 [main] INFO  o.s.s.web.DefaultSecurityFilterChain - Creating filter chain: any request, [org.springframework.security.web.context.request.async.WebAsyncManagerIntegrationFilter@429f7919, org.springframework.security.web.context.SecurityContextPersistenceFilter@f6de586, org.springframework.security.web.header.HeaderWriterFilter@aaa0f76, org.springframework.web.filter.CorsFilter@4a2929a4, org.springframework.security.web.authentication.logout.LogoutFilter@37468787, org.springframework.security.web.savedrequest.RequestCacheAwareFilter@7c847072, org.springframework.security.web.servletapi.SecurityContextHolderAwareRequestFilter@5de6cf3a, org.springframework.security.web.authentication.AnonymousAuthenticationFilter@cda6019, org.springframework.security.web.session.SessionManagementFilter@44b29496, org.springframework.security.web.access.ExceptionTranslationFilter@60e9c3a5, org.springframework.security.web.access.intercept.FilterSecurityInterceptor@435cc7f9]
2024-05-10 20:57:28 [main] INFO  com.gzx.hotel.core.Application - Started Application in 2.852 seconds (JVM running for 3.784)
2024-05-10 21:02:48 [http-nio-8001-exec-3] DEBUG c.g.h.core.dao.RoomDao.deleteById - ==>  Preparing: DELETE FROM room WHERE id_=?
2024-05-10 21:02:48 [http-nio-8001-exec-3] DEBUG c.g.h.core.dao.RoomDao.deleteById - ==> Parameters: 1(Long)
2024-05-10 21:02:49 [http-nio-8001-exec-3] DEBUG c.g.h.core.dao.RoomDao.deleteById - <==    Updates: 1
2024-05-10 21:06:01 [main] INFO  com.gzx.hotel.core.Application - Starting Application on PC-20210904KJSA with PID 22260 (E:\Java_project\hotel-parent\hotel-core\target\classes started by Administrator in E:\Java_project\hotel-parent)
2024-05-10 21:06:01 [main] DEBUG com.gzx.hotel.core.Application - Running with Spring Boot v2.3.4.RELEASE, Spring v5.2.9.RELEASE
2024-05-10 21:06:01 [main] INFO  com.gzx.hotel.core.Application - No active profile set, falling back to default profiles: default
2024-05-10 21:06:03 [main] INFO  o.s.s.web.DefaultSecurityFilterChain - Creating filter chain: any request, [org.springframework.security.web.context.request.async.WebAsyncManagerIntegrationFilter@ed91d8d, org.springframework.security.web.context.SecurityContextPersistenceFilter@1947596f, org.springframework.security.web.header.HeaderWriterFilter@188ac8a3, org.springframework.web.filter.CorsFilter@446626a7, org.springframework.security.web.authentication.logout.LogoutFilter@c2584d3, org.springframework.security.web.savedrequest.RequestCacheAwareFilter@f6de586, org.springframework.security.web.servletapi.SecurityContextHolderAwareRequestFilter@14a049f9, org.springframework.security.web.authentication.AnonymousAuthenticationFilter@429f7919, org.springframework.security.web.session.SessionManagementFilter@57f9b467, org.springframework.security.web.access.ExceptionTranslationFilter@663bb8ef, org.springframework.security.web.access.intercept.FilterSecurityInterceptor@136965e3]
2024-05-10 21:06:04 [main] INFO  com.gzx.hotel.core.Application - Started Application in 2.679 seconds (JVM running for 3.547)
2024-05-10 21:06:11 [http-nio-8001-exec-1] DEBUG c.g.h.core.dao.RoomDao.selectById - ==>  Preparing: SELECT id_,`name`,`use` FROM room WHERE id_=?
2024-05-10 21:06:11 [http-nio-8001-exec-1] DEBUG c.g.h.core.dao.RoomDao.selectById - ==> Parameters: 1(Long)
2024-05-10 21:06:11 [http-nio-8001-exec-1] DEBUG c.g.h.core.dao.RoomDao.selectById - <==      Total: 0
2024-05-10 21:06:11 [http-nio-8001-exec-1] DEBUG c.gzx.hotel.core.dao.RoomDao.insert - ==>  Preparing: INSERT INTO room ( `name`, `use` ) VALUES ( ?, ? )
2024-05-10 21:06:11 [http-nio-8001-exec-1] DEBUG c.gzx.hotel.core.dao.RoomDao.insert - ==> Parameters: 408(String), 1(Integer)
2024-05-10 21:06:11 [http-nio-8001-exec-1] DEBUG c.gzx.hotel.core.dao.RoomDao.insert - <==    Updates: 1
2024-05-10 21:06:51 [http-nio-8001-exec-2] DEBUG c.g.h.core.dao.RoomDao.selectById - ==>  Preparing: SELECT id_,`name`,`use` FROM room WHERE id_=?
2024-05-10 21:06:51 [http-nio-8001-exec-2] DEBUG c.g.h.core.dao.RoomDao.selectById - ==> Parameters: 1(Long)
2024-05-10 21:06:51 [http-nio-8001-exec-2] DEBUG c.g.h.core.dao.RoomDao.selectById - <==      Total: 0
2024-05-10 21:06:51 [http-nio-8001-exec-2] DEBUG c.gzx.hotel.core.dao.RoomDao.insert - ==>  Preparing: INSERT INTO room ( `name`, `use` ) VALUES ( ?, ? )
2024-05-10 21:06:51 [http-nio-8001-exec-2] DEBUG c.gzx.hotel.core.dao.RoomDao.insert - ==> Parameters: 408(String), 1(Integer)
2024-05-10 21:06:51 [http-nio-8001-exec-2] DEBUG c.gzx.hotel.core.dao.RoomDao.insert - <==    Updates: 1
2024-05-10 21:07:11 [http-nio-8001-exec-3] DEBUG c.g.h.core.dao.RoomDao.selectById - ==>  Preparing: SELECT id_,`name`,`use` FROM room WHERE id_=?
2024-05-10 21:07:11 [http-nio-8001-exec-3] DEBUG c.g.h.core.dao.RoomDao.selectById - ==> Parameters: 3(Long)
2024-05-10 21:07:11 [http-nio-8001-exec-3] DEBUG c.g.h.core.dao.RoomDao.selectById - <==      Total: 1
2024-05-10 21:07:11 [http-nio-8001-exec-3] DEBUG c.g.h.core.dao.RoomDao.deleteById - ==>  Preparing: DELETE FROM room WHERE id_=?
2024-05-10 21:07:11 [http-nio-8001-exec-3] DEBUG c.g.h.core.dao.RoomDao.deleteById - ==> Parameters: 3(Long)
2024-05-10 21:07:11 [http-nio-8001-exec-3] DEBUG c.g.h.core.dao.RoomDao.deleteById - <==    Updates: 1
2024-05-10 21:07:11 [http-nio-8001-exec-3] DEBUG c.gzx.hotel.core.dao.RoomDao.insert - ==>  Preparing: INSERT INTO room ( `name`, `use` ) VALUES ( ?, ? )
2024-05-10 21:07:11 [http-nio-8001-exec-3] DEBUG c.gzx.hotel.core.dao.RoomDao.insert - ==> Parameters: 408(String), 1(Integer)
2024-05-10 21:07:11 [http-nio-8001-exec-3] DEBUG c.gzx.hotel.core.dao.RoomDao.insert - <==    Updates: 1
2024-05-10 21:10:10 [main] INFO  com.gzx.hotel.core.Application - Starting Application on PC-20210904KJSA with PID 24728 (E:\Java_project\hotel-parent\hotel-core\target\classes started by Administrator in E:\Java_project\hotel-parent)
2024-05-10 21:10:10 [main] DEBUG com.gzx.hotel.core.Application - Running with Spring Boot v2.3.4.RELEASE, Spring v5.2.9.RELEASE
2024-05-10 21:10:10 [main] INFO  com.gzx.hotel.core.Application - No active profile set, falling back to default profiles: default
2024-05-10 21:10:12 [main] INFO  o.s.s.web.DefaultSecurityFilterChain - Creating filter chain: any request, [org.springframework.security.web.context.request.async.WebAsyncManagerIntegrationFilter@4a2929a4, org.springframework.security.web.context.SecurityContextPersistenceFilter@5f2bd6d9, org.springframework.security.web.header.HeaderWriterFilter@340a8894, org.springframework.web.filter.CorsFilter@cda6019, org.springframework.security.web.authentication.logout.LogoutFilter@51ec2856, org.springframework.security.web.savedrequest.RequestCacheAwareFilter@43d9f1a2, org.springframework.security.web.servletapi.SecurityContextHolderAwareRequestFilter@4cc36c19, org.springframework.security.web.authentication.AnonymousAuthenticationFilter@797c3c3b, org.springframework.security.web.session.SessionManagementFilter@1947596f, org.springframework.security.web.access.ExceptionTranslationFilter@7e5843db, org.springframework.security.web.access.intercept.FilterSecurityInterceptor@4364712f]
2024-05-10 21:10:12 [main] INFO  com.gzx.hotel.core.Application - Started Application in 2.766 seconds (JVM running for 3.647)
2024-05-10 21:27:04 [main] INFO  com.gzx.hotel.core.Application - Starting Application on PC-20210904KJSA with PID 21756 (E:\Java_project\hotel-parent\hotel-core\target\classes started by Administrator in E:\Java_project\hotel-parent)
2024-05-10 21:27:04 [main] DEBUG com.gzx.hotel.core.Application - Running with Spring Boot v2.3.4.RELEASE, Spring v5.2.9.RELEASE
2024-05-10 21:27:04 [main] INFO  com.gzx.hotel.core.Application - No active profile set, falling back to default profiles: default
2024-05-10 21:27:06 [main] INFO  o.s.s.web.DefaultSecurityFilterChain - Creating filter chain: any request, [org.springframework.security.web.context.request.async.WebAsyncManagerIntegrationFilter@4a2929a4, org.springframework.security.web.context.SecurityContextPersistenceFilter@5f2bd6d9, org.springframework.security.web.header.HeaderWriterFilter@340a8894, org.springframework.web.filter.CorsFilter@cda6019, org.springframework.security.web.authentication.logout.LogoutFilter@51ec2856, org.springframework.security.web.savedrequest.RequestCacheAwareFilter@43d9f1a2, org.springframework.security.web.servletapi.SecurityContextHolderAwareRequestFilter@4cc36c19, org.springframework.security.web.authentication.AnonymousAuthenticationFilter@797c3c3b, org.springframework.security.web.session.SessionManagementFilter@1947596f, org.springframework.security.web.access.ExceptionTranslationFilter@7e5843db, org.springframework.security.web.access.intercept.FilterSecurityInterceptor@4364712f]
2024-05-10 21:27:07 [main] INFO  com.gzx.hotel.core.Application - Started Application in 2.75 seconds (JVM running for 3.66)
2024-05-10 21:27:20 [http-nio-8001-exec-1] DEBUG c.g.h.core.dao.RoomDao.selectById - ==>  Preparing: SELECT id_,`name`,`use` FROM room WHERE id_=?
2024-05-10 21:27:20 [http-nio-8001-exec-1] DEBUG c.g.h.core.dao.RoomDao.selectById - ==> Parameters: 3(Long)
2024-05-10 21:27:20 [http-nio-8001-exec-1] DEBUG c.g.h.core.dao.RoomDao.selectById - <==      Total: 0
2024-05-10 21:27:20 [http-nio-8001-exec-1] DEBUG c.gzx.hotel.core.dao.RoomDao.insert - ==>  Preparing: INSERT INTO room ( `name`, `use` ) VALUES ( ?, ? )
2024-05-10 21:27:20 [http-nio-8001-exec-1] DEBUG c.gzx.hotel.core.dao.RoomDao.insert - ==> Parameters: 408(String), 1(Integer)
2024-05-10 21:27:20 [http-nio-8001-exec-1] DEBUG c.gzx.hotel.core.dao.RoomDao.insert - <==    Updates: 1
2024-05-10 21:27:40 [http-nio-8001-exec-2] DEBUG c.g.h.core.dao.RoomDao.selectById - ==>  Preparing: SELECT id_,`name`,`use` FROM room WHERE id_=?
2024-05-10 21:27:40 [http-nio-8001-exec-2] DEBUG c.g.h.core.dao.RoomDao.selectById - ==> Parameters: 2(Long)
2024-05-10 21:27:40 [http-nio-8001-exec-2] DEBUG c.g.h.core.dao.RoomDao.selectById - <==      Total: 1
2024-05-10 21:27:40 [http-nio-8001-exec-2] DEBUG c.gzx.hotel.core.dao.RoomDao.update - ==>  Preparing: UPDATE room SET `name`=?, `use`=? WHERE id_=? AND `name`=? AND `use`=?
2024-05-10 21:27:40 [http-nio-8001-exec-2] DEBUG c.gzx.hotel.core.dao.RoomDao.update - ==> Parameters: 408(String), 1(Integer), 2(Long), 408(String), 1(Integer)
2024-05-10 21:27:41 [http-nio-8001-exec-2] DEBUG c.gzx.hotel.core.dao.RoomDao.update - <==    Updates: 0
2024-05-10 21:28:04 [http-nio-8001-exec-3] DEBUG c.g.h.core.dao.RoomDao.selectById - ==>  Preparing: SELECT id_,`name`,`use` FROM room WHERE id_=?
2024-05-10 21:28:04 [http-nio-8001-exec-3] DEBUG c.g.h.core.dao.RoomDao.selectById - ==> Parameters: null
2024-05-10 21:28:04 [http-nio-8001-exec-3] DEBUG c.g.h.core.dao.RoomDao.selectById - <==      Total: 0
2024-05-10 21:28:04 [http-nio-8001-exec-3] DEBUG c.gzx.hotel.core.dao.RoomDao.insert - ==>  Preparing: INSERT INTO room VALUES
2024-05-10 21:28:04 [http-nio-8001-exec-3] DEBUG c.gzx.hotel.core.dao.RoomDao.insert - ==> Parameters: 
2024-05-10 21:28:56 [main] INFO  com.gzx.hotel.core.Application - Starting Application on PC-20210904KJSA with PID 22756 (E:\Java_project\hotel-parent\hotel-core\target\classes started by Administrator in E:\Java_project\hotel-parent)
2024-05-10 21:28:56 [main] DEBUG com.gzx.hotel.core.Application - Running with Spring Boot v2.3.4.RELEASE, Spring v5.2.9.RELEASE
2024-05-10 21:28:56 [main] INFO  com.gzx.hotel.core.Application - No active profile set, falling back to default profiles: default
2024-05-10 21:28:58 [main] INFO  o.s.s.web.DefaultSecurityFilterChain - Creating filter chain: any request, [org.springframework.security.web.context.request.async.WebAsyncManagerIntegrationFilter@446626a7, org.springframework.security.web.context.SecurityContextPersistenceFilter@3078cac, org.springframework.security.web.header.HeaderWriterFilter@3650d4fc, org.springframework.web.filter.CorsFilter@429f7919, org.springframework.security.web.authentication.logout.LogoutFilter@6fa0450e, org.springframework.security.web.savedrequest.RequestCacheAwareFilter@5f2bd6d9, org.springframework.security.web.servletapi.SecurityContextHolderAwareRequestFilter@94e51e8, org.springframework.security.web.authentication.AnonymousAuthenticationFilter@4a2929a4, org.springframework.security.web.session.SessionManagementFilter@6d5c2745, org.springframework.security.web.access.ExceptionTranslationFilter@2f4e40d7, org.springframework.security.web.access.intercept.FilterSecurityInterceptor@53c6f96d]
2024-05-10 21:28:58 [main] INFO  com.gzx.hotel.core.Application - Started Application in 2.826 seconds (JVM running for 3.695)
2024-05-10 21:29:46 [main] INFO  com.gzx.hotel.core.Application - Starting Application on PC-20210904KJSA with PID 22304 (E:\Java_project\hotel-parent\hotel-core\target\classes started by Administrator in E:\Java_project\hotel-parent)
2024-05-10 21:29:46 [main] DEBUG com.gzx.hotel.core.Application - Running with Spring Boot v2.3.4.RELEASE, Spring v5.2.9.RELEASE
2024-05-10 21:29:46 [main] INFO  com.gzx.hotel.core.Application - No active profile set, falling back to default profiles: default
2024-05-10 21:29:48 [main] INFO  o.s.s.web.DefaultSecurityFilterChain - Creating filter chain: any request, [org.springframework.security.web.context.request.async.WebAsyncManagerIntegrationFilter@f88bfbe, org.springframework.security.web.context.SecurityContextPersistenceFilter@57f9b467, org.springframework.security.web.header.HeaderWriterFilter@60e9c3a5, org.springframework.web.filter.CorsFilter@59bbe88a, org.springframework.security.web.authentication.logout.LogoutFilter@6d11ceef, org.springframework.security.web.savedrequest.RequestCacheAwareFilter@44b29496, org.springframework.security.web.servletapi.SecurityContextHolderAwareRequestFilter@7d3c09ec, org.springframework.security.web.authentication.AnonymousAuthenticationFilter@5d8ab698, org.springframework.security.web.session.SessionManagementFilter@70e94ecb, org.springframework.security.web.access.ExceptionTranslationFilter@2b960a7, org.springframework.security.web.access.intercept.FilterSecurityInterceptor@7b676112]
2024-05-10 21:29:48 [main] INFO  com.gzx.hotel.core.Application - Started Application in 2.778 seconds (JVM running for 3.652)
2024-05-10 21:29:53 [http-nio-8001-exec-1] DEBUG c.g.h.core.dao.RoomDao.selectById - ==>  Preparing: SELECT id_,`name`,`use` FROM room WHERE id_=?
2024-05-10 21:29:53 [http-nio-8001-exec-1] DEBUG c.g.h.core.dao.RoomDao.selectById - ==> Parameters: 2(Long)
2024-05-10 21:29:53 [http-nio-8001-exec-1] DEBUG c.g.h.core.dao.RoomDao.selectById - <==      Total: 1
2024-05-10 21:29:53 [http-nio-8001-exec-1] DEBUG c.gzx.hotel.core.dao.RoomDao.update - ==>  Preparing: UPDATE room SET `name`=?, `use`=? WHERE id_=? AND `name`=? AND `use`=?
2024-05-10 21:29:53 [http-nio-8001-exec-1] DEBUG c.gzx.hotel.core.dao.RoomDao.update - ==> Parameters: 408(String), 1(Integer), 2(Long), 408(String), 1(Integer)
2024-05-10 21:29:53 [http-nio-8001-exec-1] DEBUG c.gzx.hotel.core.dao.RoomDao.update - <==    Updates: 0
