2024-05-18 01:18:19 [main] INFO  com.gzx.hotel.core.Application - Starting Application on PC-20210904KJSA with PID 3364 (E:\Java_project\hotel-parent\hotel-core\target\classes started by Administrator in E:\Java_project\hotel-parent)
2024-05-18 01:18:19 [main] DEBUG com.gzx.hotel.core.Application - Running with Spring Boot v2.3.4.RELEASE, Spring v5.2.9.RELEASE
2024-05-18 01:18:19 [main] INFO  com.gzx.hotel.core.Application - No active profile set, falling back to default profiles: default
2024-05-18 01:18:20 [main] DEBUG c.g.h.c.i.JwtAuthenticationTokenFilter - Filter 'jwtAuthenticationTokenFilter' configured for use
2024-05-18 01:18:22 [main] INFO  o.s.s.web.DefaultSecurityFilterChain - Creating filter chain: any request, [org.springframework.security.web.context.request.async.WebAsyncManagerIntegrationFilter@11dcd42c, org.springframework.security.web.context.SecurityContextPersistenceFilter@1903b5d, org.springframework.security.web.header.HeaderWriterFilter@c02670f, org.springframework.web.filter.CorsFilter@d13baac, org.springframework.security.web.authentication.logout.LogoutFilter@5700c9db, com.gzx.hotel.core.interceptor.JwtAuthenticationTokenFilter@5c5d6175, org.springframework.security.web.savedrequest.RequestCacheAwareFilter@5cff6b74, org.springframework.security.web.servletapi.SecurityContextHolderAwareRequestFilter@9accff0, org.springframework.security.web.authentication.AnonymousAuthenticationFilter@4c302f38, org.springframework.security.web.session.SessionManagementFilter@691500ab, org.springframework.security.web.access.ExceptionTranslationFilter@5f366587, org.springframework.security.web.access.intercept.FilterSecurityInterceptor@604d23fa]
2024-05-18 01:18:22 [main] INFO  com.gzx.hotel.core.Application - Started Application in 3.291 seconds (JVM running for 4.195)
2024-05-18 01:18:59 [http-nio-8001-exec-1] INFO  com.gzx.hotel.core.aop.LoggingAspect - 请求URL : http://127.0.0.1:8001/api/bill/excel/1
2024-05-18 01:18:59 [http-nio-8001-exec-1] INFO  com.gzx.hotel.core.aop.LoggingAspect - IP地址 : 127.0.0.1
2024-05-18 01:18:59 [http-nio-8001-exec-1] INFO  com.gzx.hotel.core.aop.LoggingAspect - 方法签名 : com.gzx.hotel.core.controller.BillController.exportExcel
2024-05-18 01:18:59 [http-nio-8001-exec-1] INFO  com.gzx.hotel.core.aop.LoggingAspect - 方法参数 : [1, org.springframework.security.web.header.HeaderWriterFilter$HeaderWriterResponse@15552422]
2024-05-18 01:19:00 [http-nio-8001-exec-1] DEBUG c.g.h.core.dao.BillDao.selectById - ==>  Preparing: SELECT id_,record_id,fee FROM bill WHERE id_=?
2024-05-18 01:19:00 [http-nio-8001-exec-1] DEBUG c.g.h.core.dao.BillDao.selectById - ==> Parameters: 1(Long)
2024-05-18 01:19:00 [http-nio-8001-exec-1] DEBUG c.g.h.core.dao.BillDao.selectById - <==      Total: 1
2024-05-18 01:19:00 [http-nio-8001-exec-1] DEBUG c.g.h.core.dao.RecordDao.selectById - ==>  Preparing: SELECT id_,room_id,start_time,end_time,complete FROM record WHERE id_=?
2024-05-18 01:19:00 [http-nio-8001-exec-1] DEBUG c.g.h.core.dao.RecordDao.selectById - ==> Parameters: 1(Long)
2024-05-18 01:19:00 [http-nio-8001-exec-1] DEBUG c.g.h.core.dao.RecordDao.selectById - <==      Total: 1
2024-05-18 01:19:00 [http-nio-8001-exec-1] DEBUG c.g.h.core.dao.RoomDao.selectById - ==>  Preparing: SELECT id_,`name`,`use` FROM room WHERE id_=?
2024-05-18 01:19:00 [http-nio-8001-exec-1] DEBUG c.g.h.core.dao.RoomDao.selectById - ==> Parameters: 2(Long)
2024-05-18 01:19:00 [http-nio-8001-exec-1] DEBUG c.g.h.core.dao.RoomDao.selectById - <==      Total: 1
2024-05-18 01:19:00 [http-nio-8001-exec-1] INFO  com.gzx.hotel.core.aop.LoggingAspect - 响应 : null
2024-05-18 13:10:00 [main] INFO  com.gzx.hotel.core.Application - Starting Application on PC-20210904KJSA with PID 13040 (E:\Java_project\hotel-parent\hotel-core\target\classes started by Administrator in E:\Java_project\hotel-parent)
2024-05-18 13:10:00 [main] DEBUG com.gzx.hotel.core.Application - Running with Spring Boot v2.3.4.RELEASE, Spring v5.2.9.RELEASE
2024-05-18 13:10:00 [main] INFO  com.gzx.hotel.core.Application - No active profile set, falling back to default profiles: default
2024-05-18 13:10:01 [main] DEBUG c.g.h.c.i.JwtAuthenticationTokenFilter - Filter 'jwtAuthenticationTokenFilter' configured for use
2024-05-18 13:10:02 [main] INFO  o.s.s.web.DefaultSecurityFilterChain - Creating filter chain: any request, [org.springframework.security.web.context.request.async.WebAsyncManagerIntegrationFilter@c1050f2, org.springframework.security.web.context.SecurityContextPersistenceFilter@6ddee60f, org.springframework.security.web.header.HeaderWriterFilter@25a94b55, org.springframework.web.filter.CorsFilter@67bb4dcd, org.springframework.security.web.authentication.logout.LogoutFilter@36ef1d65, com.gzx.hotel.core.interceptor.JwtAuthenticationTokenFilter@2d64160c, org.springframework.security.web.savedrequest.RequestCacheAwareFilter@4aa2877c, org.springframework.security.web.servletapi.SecurityContextHolderAwareRequestFilter@5482bcac, org.springframework.security.web.authentication.AnonymousAuthenticationFilter@738d37fc, org.springframework.security.web.session.SessionManagementFilter@4d09cade, org.springframework.security.web.access.ExceptionTranslationFilter@3332c7a5, org.springframework.security.web.access.intercept.FilterSecurityInterceptor@1a538ed8]
2024-05-18 13:10:03 [main] INFO  com.gzx.hotel.core.Application - Started Application in 3.16 seconds (JVM running for 4.051)
2024-05-18 13:10:47 [http-nio-8001-exec-4] INFO  com.gzx.hotel.core.aop.LoggingAspect - 请求URL : http://127.0.0.1:8001/api/bill/detail/excel/1
2024-05-18 13:10:47 [http-nio-8001-exec-4] INFO  com.gzx.hotel.core.aop.LoggingAspect - IP地址 : 127.0.0.1
2024-05-18 13:10:47 [http-nio-8001-exec-4] INFO  com.gzx.hotel.core.aop.LoggingAspect - 方法签名 : com.gzx.hotel.core.controller.BillController.exportExcelDetailed
2024-05-18 13:10:47 [http-nio-8001-exec-4] INFO  com.gzx.hotel.core.aop.LoggingAspect - 方法参数 : [1, org.springframework.security.web.header.HeaderWriterFilter$HeaderWriterResponse@36a7eb37]
2024-05-18 13:10:47 [http-nio-8001-exec-4] DEBUG c.g.h.core.dao.BillDao.getBillById - ==>  Preparing: SELECT b.fee b_fee, re.id_ re_id, re.start_time checkin_time, re.end_time checkout_time, r.`name` room_name FROM bill b LEFT JOIN record re ON b.record_id = re.id_ LEFT JOIN room r ON re.room_id = r.id_ WHERE b.id_ = ?
2024-05-18 13:10:47 [http-nio-8001-exec-4] DEBUG c.g.h.core.dao.BillDao.getBillById - ==> Parameters: 1(Long)
2024-05-18 13:12:09 [main] INFO  com.gzx.hotel.core.Application - Starting Application on PC-20210904KJSA with PID 2260 (E:\Java_project\hotel-parent\hotel-core\target\classes started by Administrator in E:\Java_project\hotel-parent)
2024-05-18 13:12:09 [main] DEBUG com.gzx.hotel.core.Application - Running with Spring Boot v2.3.4.RELEASE, Spring v5.2.9.RELEASE
2024-05-18 13:12:09 [main] INFO  com.gzx.hotel.core.Application - No active profile set, falling back to default profiles: default
2024-05-18 13:12:10 [main] DEBUG c.g.h.c.i.JwtAuthenticationTokenFilter - Filter 'jwtAuthenticationTokenFilter' configured for use
2024-05-18 13:12:12 [main] INFO  o.s.s.web.DefaultSecurityFilterChain - Creating filter chain: any request, [org.springframework.security.web.context.request.async.WebAsyncManagerIntegrationFilter@632d4cf2, org.springframework.security.web.context.SecurityContextPersistenceFilter@75452aea, org.springframework.security.web.header.HeaderWriterFilter@3f1158ee, org.springframework.web.filter.CorsFilter@f10d055, org.springframework.security.web.authentication.logout.LogoutFilter@14656be5, com.gzx.hotel.core.interceptor.JwtAuthenticationTokenFilter@14de1901, org.springframework.security.web.savedrequest.RequestCacheAwareFilter@4537880f, org.springframework.security.web.servletapi.SecurityContextHolderAwareRequestFilter@5f6e2ad9, org.springframework.security.web.authentication.AnonymousAuthenticationFilter@542ff147, org.springframework.security.web.session.SessionManagementFilter@2830315f, org.springframework.security.web.access.ExceptionTranslationFilter@2bc0b8c8, org.springframework.security.web.access.intercept.FilterSecurityInterceptor@4b32465]
2024-05-18 13:12:12 [main] INFO  com.gzx.hotel.core.Application - Started Application in 3.381 seconds (JVM running for 4.785)
2024-05-18 13:12:22 [http-nio-8001-exec-1] INFO  com.gzx.hotel.core.aop.LoggingAspect - 请求URL : http://127.0.0.1:8001/api/bill/detail/excel/1
2024-05-18 13:12:22 [http-nio-8001-exec-1] INFO  com.gzx.hotel.core.aop.LoggingAspect - IP地址 : 127.0.0.1
2024-05-18 13:12:22 [http-nio-8001-exec-1] INFO  com.gzx.hotel.core.aop.LoggingAspect - 方法签名 : com.gzx.hotel.core.controller.BillController.exportExcelDetailed
2024-05-18 13:12:22 [http-nio-8001-exec-1] INFO  com.gzx.hotel.core.aop.LoggingAspect - 方法参数 : [1, org.springframework.security.web.header.HeaderWriterFilter$HeaderWriterResponse@16a87261]
2024-05-18 13:12:22 [http-nio-8001-exec-1] DEBUG c.g.h.core.dao.BillDao.getBillById - ==>  Preparing: SELECT b.fee b_fee, re.id_ re_id, re.start_time checkin_time, re.end_time checkout_time, r.`name` room_name FROM bill b LEFT JOIN record re ON b.record_id = re.id_ LEFT JOIN room r ON re.room_id = r.id_ WHERE b.id_ = ?
2024-05-18 13:12:22 [http-nio-8001-exec-1] DEBUG c.g.h.core.dao.BillDao.getBillById - ==> Parameters: 1(Long)
2024-05-18 13:12:51 [http-nio-8001-exec-2] INFO  com.gzx.hotel.core.aop.LoggingAspect - 请求URL : http://127.0.0.1:8001/api/bill/detail/excel/1
2024-05-18 13:12:51 [http-nio-8001-exec-2] INFO  com.gzx.hotel.core.aop.LoggingAspect - IP地址 : 127.0.0.1
2024-05-18 13:12:51 [http-nio-8001-exec-2] INFO  com.gzx.hotel.core.aop.LoggingAspect - 方法签名 : com.gzx.hotel.core.controller.BillController.exportExcelDetailed
2024-05-18 13:12:51 [http-nio-8001-exec-2] INFO  com.gzx.hotel.core.aop.LoggingAspect - 方法参数 : [1, org.springframework.security.web.header.HeaderWriterFilter$HeaderWriterResponse@4c0fa2bc]
2024-05-18 13:12:51 [http-nio-8001-exec-2] DEBUG c.g.h.core.dao.BillDao.getBillById - ==>  Preparing: SELECT b.fee b_fee, re.id_ re_id, re.start_time checkin_time, re.end_time checkout_time, r.`name` room_name FROM bill b LEFT JOIN record re ON b.record_id = re.id_ LEFT JOIN room r ON re.room_id = r.id_ WHERE b.id_ = ?
2024-05-18 13:12:51 [http-nio-8001-exec-2] DEBUG c.g.h.core.dao.BillDao.getBillById - ==> Parameters: 1(Long)
2024-05-18 13:13:41 [main] INFO  com.gzx.hotel.core.Application - Starting Application on PC-20210904KJSA with PID 19344 (E:\Java_project\hotel-parent\hotel-core\target\classes started by Administrator in E:\Java_project\hotel-parent)
2024-05-18 13:13:41 [main] DEBUG com.gzx.hotel.core.Application - Running with Spring Boot v2.3.4.RELEASE, Spring v5.2.9.RELEASE
2024-05-18 13:13:41 [main] INFO  com.gzx.hotel.core.Application - No active profile set, falling back to default profiles: default
2024-05-18 13:13:42 [main] DEBUG c.g.h.c.i.JwtAuthenticationTokenFilter - Filter 'jwtAuthenticationTokenFilter' configured for use
2024-05-18 13:13:43 [main] INFO  o.s.s.web.DefaultSecurityFilterChain - Creating filter chain: any request, [org.springframework.security.web.context.request.async.WebAsyncManagerIntegrationFilter@3cdc7b09, org.springframework.security.web.context.SecurityContextPersistenceFilter@25a94b55, org.springframework.security.web.header.HeaderWriterFilter@8a6631b, org.springframework.web.filter.CorsFilter@7364eed1, org.springframework.security.web.authentication.logout.LogoutFilter@7412a438, com.gzx.hotel.core.interceptor.JwtAuthenticationTokenFilter@1afd72ef, org.springframework.security.web.savedrequest.RequestCacheAwareFilter@19c1820d, org.springframework.security.web.servletapi.SecurityContextHolderAwareRequestFilter@1f87607c, org.springframework.security.web.authentication.AnonymousAuthenticationFilter@684e8c9d, org.springframework.security.web.session.SessionManagementFilter@2accaec2, org.springframework.security.web.access.ExceptionTranslationFilter@3d620a1, org.springframework.security.web.access.intercept.FilterSecurityInterceptor@2173a742]
2024-05-18 13:13:43 [main] INFO  com.gzx.hotel.core.Application - Started Application in 2.973 seconds (JVM running for 3.884)
2024-05-18 13:13:46 [http-nio-8001-exec-1] INFO  com.gzx.hotel.core.aop.LoggingAspect - 请求URL : http://127.0.0.1:8001/api/bill/detail/excel/1
2024-05-18 13:13:46 [http-nio-8001-exec-1] INFO  com.gzx.hotel.core.aop.LoggingAspect - IP地址 : 127.0.0.1
2024-05-18 13:13:46 [http-nio-8001-exec-1] INFO  com.gzx.hotel.core.aop.LoggingAspect - 方法签名 : com.gzx.hotel.core.controller.BillController.exportExcelDetailed
2024-05-18 13:13:46 [http-nio-8001-exec-1] INFO  com.gzx.hotel.core.aop.LoggingAspect - 方法参数 : [1, org.springframework.security.web.header.HeaderWriterFilter$HeaderWriterResponse@6bb79474]
2024-05-18 13:13:47 [http-nio-8001-exec-1] DEBUG c.g.h.core.dao.BillDao.getBillById - ==>  Preparing: SELECT b.fee b_fee, re.id_ re_id, re.start_time checkin_time, re.end_time checkout_time, r.`name` room_name FROM bill b LEFT JOIN record re ON b.record_id = re.id_ LEFT JOIN room r ON re.room_id = r.id_ WHERE b.id_ = ?
2024-05-18 13:13:47 [http-nio-8001-exec-1] DEBUG c.g.h.core.dao.BillDao.getBillById - ==> Parameters: 1(Long)
2024-05-18 13:13:47 [http-nio-8001-exec-1] DEBUG c.g.h.core.dao.BillDao.getBillById - <==      Total: 1
2024-05-18 13:13:47 [http-nio-8001-exec-1] DEBUG c.g.h.core.dao.RequestDao.selectList - ==>  Preparing: SELECT id_,record_id,request_time,start_time,end_time,temperature,windspeed,fee,rate,status FROM request WHERE (record_id = ?)
2024-05-18 13:13:47 [http-nio-8001-exec-1] DEBUG c.g.h.core.dao.RequestDao.selectList - ==> Parameters: 1(Long)
2024-05-18 13:13:47 [http-nio-8001-exec-1] DEBUG c.g.h.core.dao.RequestDao.selectList - <==      Total: 4
2024-05-18 13:13:47 [http-nio-8001-exec-1] INFO  com.gzx.hotel.core.aop.LoggingAspect - 响应 : null
