2024-05-13 12:42:56 [main] INFO  com.gzx.hotel.core.Application - Starting Application on PC-20210904KJSA with PID 10340 (E:\Java_project\hotel-parent\hotel-core\target\classes started by Administrator in E:\Java_project\hotel-parent)
2024-05-13 12:42:56 [main] DEBUG com.gzx.hotel.core.Application - Running with Spring Boot v2.3.4.RELEASE, Spring v5.2.9.RELEASE
2024-05-13 12:42:56 [main] INFO  com.gzx.hotel.core.Application - No active profile set, falling back to default profiles: default
2024-05-13 12:42:58 [main] DEBUG c.g.h.c.i.JwtAuthenticationTokenFilter - Filter 'jwtAuthenticationTokenFilter' configured for use
2024-05-13 12:42:59 [main] INFO  o.s.s.web.DefaultSecurityFilterChain - Creating filter chain: any request, [org.springframework.security.web.context.request.async.WebAsyncManagerIntegrationFilter@70d77826, org.springframework.security.web.context.SecurityContextPersistenceFilter@74024f3, org.springframework.security.web.header.HeaderWriterFilter@20ead579, org.springframework.web.filter.CorsFilter@7f323b3a, org.springframework.security.web.authentication.logout.LogoutFilter@712ac7e6, com.gzx.hotel.core.interceptor.JwtAuthenticationTokenFilter@173a6728, org.springframework.security.web.savedrequest.RequestCacheAwareFilter@ef718de, org.springframework.security.web.servletapi.SecurityContextHolderAwareRequestFilter@5b40de43, org.springframework.security.web.authentication.AnonymousAuthenticationFilter@4f169009, org.springframework.security.web.session.SessionManagementFilter@5dc769f9, org.springframework.security.web.access.ExceptionTranslationFilter@54b2fc58, org.springframework.security.web.access.intercept.FilterSecurityInterceptor@59edb4f5]
2024-05-13 12:42:59 [main] INFO  com.gzx.hotel.core.Application - Started Application in 3.262 seconds (JVM running for 4.143)
2024-05-13 12:44:06 [http-nio-8001-exec-2] INFO  c.g.hotel.core.controller.WebSocket - Client connected: 0
2024-05-13 12:45:57 [main] INFO  com.gzx.hotel.core.Application - Starting Application on PC-20210904KJSA with PID 18928 (E:\Java_project\hotel-parent\hotel-core\target\classes started by Administrator in E:\Java_project\hotel-parent)
2024-05-13 12:45:57 [main] DEBUG com.gzx.hotel.core.Application - Running with Spring Boot v2.3.4.RELEASE, Spring v5.2.9.RELEASE
2024-05-13 12:45:57 [main] INFO  com.gzx.hotel.core.Application - No active profile set, falling back to default profiles: default
2024-05-13 12:45:58 [main] DEBUG c.g.h.c.i.JwtAuthenticationTokenFilter - Filter 'jwtAuthenticationTokenFilter' configured for use
2024-05-13 12:46:00 [main] INFO  o.s.s.web.DefaultSecurityFilterChain - Creating filter chain: any request, [org.springframework.security.web.context.request.async.WebAsyncManagerIntegrationFilter@70d77826, org.springframework.security.web.context.SecurityContextPersistenceFilter@74024f3, org.springframework.security.web.header.HeaderWriterFilter@20ead579, org.springframework.web.filter.CorsFilter@7f323b3a, org.springframework.security.web.authentication.logout.LogoutFilter@712ac7e6, com.gzx.hotel.core.interceptor.JwtAuthenticationTokenFilter@29149030, org.springframework.security.web.savedrequest.RequestCacheAwareFilter@ef718de, org.springframework.security.web.servletapi.SecurityContextHolderAwareRequestFilter@5b40de43, org.springframework.security.web.authentication.AnonymousAuthenticationFilter@4f169009, org.springframework.security.web.session.SessionManagementFilter@5dc769f9, org.springframework.security.web.access.ExceptionTranslationFilter@54b2fc58, org.springframework.security.web.access.intercept.FilterSecurityInterceptor@59edb4f5]
2024-05-13 12:46:00 [main] INFO  com.gzx.hotel.core.Application - Started Application in 3.145 seconds (JVM running for 4.006)
2024-05-13 12:46:08 [http-nio-8001-exec-1] INFO  c.g.hotel.core.controller.WebSocket - Client connected: 0
2024-05-13 12:46:11 [http-nio-8001-exec-2] INFO  c.g.hotel.core.controller.WebSocket - Client disconnected: 0
2024-05-13 12:46:11 [http-nio-8001-exec-2] INFO  c.g.hotel.core.controller.WebSocket - Reason: null
2024-05-13 15:42:42 [main] INFO  com.gzx.hotel.core.Application - Starting Application on PC-20210904KJSA with PID 3736 (E:\Java_project\hotel-parent\hotel-core\target\classes started by Administrator in E:\Java_project\hotel-parent)
2024-05-13 15:42:42 [main] DEBUG com.gzx.hotel.core.Application - Running with Spring Boot v2.3.4.RELEASE, Spring v5.2.9.RELEASE
2024-05-13 15:42:42 [main] INFO  com.gzx.hotel.core.Application - No active profile set, falling back to default profiles: default
2024-05-13 15:42:45 [main] INFO  com.gzx.hotel.core.Application - Starting Application on PC-20210904KJSA with PID 21044 (E:\Java_project\hotel-parent\hotel-core\target\classes started by Administrator in E:\Java_project\hotel-parent)
2024-05-13 15:42:45 [main] DEBUG com.gzx.hotel.core.Application - Running with Spring Boot v2.3.4.RELEASE, Spring v5.2.9.RELEASE
2024-05-13 15:42:45 [main] INFO  com.gzx.hotel.core.Application - No active profile set, falling back to default profiles: default
2024-05-13 15:42:46 [main] DEBUG c.g.h.c.i.JwtAuthenticationTokenFilter - Filter 'jwtAuthenticationTokenFilter' configured for use
2024-05-13 15:42:48 [main] INFO  o.s.s.web.DefaultSecurityFilterChain - Creating filter chain: any request, [org.springframework.security.web.context.request.async.WebAsyncManagerIntegrationFilter@7d528cf7, org.springframework.security.web.context.SecurityContextPersistenceFilter@29f38091, org.springframework.security.web.header.HeaderWriterFilter@760487aa, org.springframework.web.filter.CorsFilter@6dee8ae6, org.springframework.security.web.authentication.logout.LogoutFilter@51f18e31, com.gzx.hotel.core.interceptor.JwtAuthenticationTokenFilter@1e1e9ef3, org.springframework.security.web.savedrequest.RequestCacheAwareFilter@77c3c037, org.springframework.security.web.servletapi.SecurityContextHolderAwareRequestFilter@712ac7e6, org.springframework.security.web.authentication.AnonymousAuthenticationFilter@5af64ce0, org.springframework.security.web.session.SessionManagementFilter@51bddd98, org.springframework.security.web.access.ExceptionTranslationFilter@287ae90c, org.springframework.security.web.access.intercept.FilterSecurityInterceptor@4f169009]
2024-05-13 15:42:48 [main] INFO  com.gzx.hotel.core.Application - Started Application in 3.148 seconds (JVM running for 4.097)
2024-05-13 15:42:55 [http-nio-8001-exec-1] INFO  c.g.hotel.core.controller.WebSocket - Client connected: 0
2024-05-13 15:43:07 [http-nio-8001-exec-2] INFO  c.g.hotel.core.controller.WebSocket - Received message from client: hello! server!
2024-05-13 15:43:27 [SpringContextShutdownHook] INFO  c.g.hotel.core.controller.WebSocket - Client disconnected: 0
2024-05-13 15:43:27 [SpringContextShutdownHook] INFO  c.g.hotel.core.controller.WebSocket - Reason: The web application is stopping
2024-05-13 15:58:45 [main] INFO  com.gzx.hotel.core.Application - Starting Application on PC-20210904KJSA with PID 4812 (E:\Java_project\hotel-parent\hotel-core\target\classes started by Administrator in E:\Java_project\hotel-parent)
2024-05-13 15:58:45 [main] DEBUG com.gzx.hotel.core.Application - Running with Spring Boot v2.3.4.RELEASE, Spring v5.2.9.RELEASE
2024-05-13 15:58:45 [main] INFO  com.gzx.hotel.core.Application - No active profile set, falling back to default profiles: default
2024-05-13 15:58:46 [main] DEBUG c.g.h.c.i.JwtAuthenticationTokenFilter - Filter 'jwtAuthenticationTokenFilter' configured for use
2024-05-13 15:58:48 [main] INFO  o.s.s.web.DefaultSecurityFilterChain - Creating filter chain: any request, [org.springframework.security.web.context.request.async.WebAsyncManagerIntegrationFilter@3cc30dee, org.springframework.security.web.context.SecurityContextPersistenceFilter@77d4ac52, org.springframework.security.web.header.HeaderWriterFilter@9c93d16, org.springframework.web.filter.CorsFilter@7d528cf7, org.springframework.security.web.authentication.logout.LogoutFilter@2fd72332, com.gzx.hotel.core.interceptor.JwtAuthenticationTokenFilter@574a89e2, org.springframework.security.web.savedrequest.RequestCacheAwareFilter@161dd92a, org.springframework.security.web.servletapi.SecurityContextHolderAwareRequestFilter@17fede14, org.springframework.security.web.authentication.AnonymousAuthenticationFilter@6dee8ae6, org.springframework.security.web.session.SessionManagementFilter@48a2db72, org.springframework.security.web.access.ExceptionTranslationFilter@ef718de, org.springframework.security.web.access.intercept.FilterSecurityInterceptor@7f323b3a]
2024-05-13 15:58:48 [main] INFO  com.gzx.hotel.core.Application - Started Application in 2.962 seconds (JVM running for 3.812)
2024-05-13 15:58:53 [http-nio-8001-exec-1] INFO  c.g.hotel.core.controller.WebSocket - Client connected: 0
2024-05-13 16:11:50 [SpringContextShutdownHook] INFO  c.g.hotel.core.controller.WebSocket - Client disconnected: 0
2024-05-13 16:11:50 [SpringContextShutdownHook] INFO  c.g.hotel.core.controller.WebSocket - Reason: The web application is stopping
2024-05-13 16:11:53 [main] INFO  com.gzx.hotel.core.Application - Starting Application on PC-20210904KJSA with PID 21972 (E:\Java_project\hotel-parent\hotel-core\target\classes started by Administrator in E:\Java_project\hotel-parent)
2024-05-13 16:11:53 [main] DEBUG com.gzx.hotel.core.Application - Running with Spring Boot v2.3.4.RELEASE, Spring v5.2.9.RELEASE
2024-05-13 16:11:53 [main] INFO  com.gzx.hotel.core.Application - No active profile set, falling back to default profiles: default
2024-05-13 16:11:54 [main] DEBUG c.g.h.c.i.JwtAuthenticationTokenFilter - Filter 'jwtAuthenticationTokenFilter' configured for use
2024-05-13 16:11:56 [main] INFO  o.s.s.web.DefaultSecurityFilterChain - Creating filter chain: any request, [org.springframework.security.web.context.request.async.WebAsyncManagerIntegrationFilter@6dee8ae6, org.springframework.security.web.context.SecurityContextPersistenceFilter@161dd92a, org.springframework.security.web.header.HeaderWriterFilter@1526f71, org.springframework.web.filter.CorsFilter@5af64ce0, org.springframework.security.web.authentication.logout.LogoutFilter@60ed12e8, com.gzx.hotel.core.interceptor.JwtAuthenticationTokenFilter@3dd31157, org.springframework.security.web.savedrequest.RequestCacheAwareFilter@252744a1, org.springframework.security.web.servletapi.SecurityContextHolderAwareRequestFilter@86d6bf7, org.springframework.security.web.authentication.AnonymousAuthenticationFilter@7e7e962d, org.springframework.security.web.session.SessionManagementFilter@21c747a, org.springframework.security.web.access.ExceptionTranslationFilter@2e1b374c, org.springframework.security.web.access.intercept.FilterSecurityInterceptor@9dada78]
2024-05-13 16:11:56 [main] INFO  com.gzx.hotel.core.Application - Started Application in 2.905 seconds (JVM running for 3.747)
2024-05-13 16:12:07 [http-nio-8001-exec-1] INFO  c.g.hotel.core.controller.WebSocket - Client connected: 0
2024-05-13 16:19:54 [SpringContextShutdownHook] INFO  c.g.hotel.core.controller.WebSocket - Client disconnected: 0
2024-05-13 16:19:54 [SpringContextShutdownHook] INFO  c.g.hotel.core.controller.WebSocket - Reason: The web application is stopping
2024-05-13 20:02:31 [main] INFO  com.gzx.hotel.core.Application - Starting Application on PC-20210904KJSA with PID 14592 (E:\Java_project\hotel-parent\hotel-core\target\classes started by Administrator in E:\Java_project\hotel-parent)
2024-05-13 20:02:31 [main] DEBUG com.gzx.hotel.core.Application - Running with Spring Boot v2.3.4.RELEASE, Spring v5.2.9.RELEASE
2024-05-13 20:02:31 [main] INFO  com.gzx.hotel.core.Application - No active profile set, falling back to default profiles: default
2024-05-13 20:02:32 [main] DEBUG c.g.h.c.i.JwtAuthenticationTokenFilter - Filter 'jwtAuthenticationTokenFilter' configured for use
2024-05-13 20:02:33 [main] INFO  o.s.s.web.DefaultSecurityFilterChain - Creating filter chain: any request, [org.springframework.security.web.context.request.async.WebAsyncManagerIntegrationFilter@634ff56, org.springframework.security.web.context.SecurityContextPersistenceFilter@4816ee24, org.springframework.security.web.header.HeaderWriterFilter@16da476c, org.springframework.web.filter.CorsFilter@66522ead, org.springframework.security.web.authentication.logout.LogoutFilter@67d32a54, com.gzx.hotel.core.interceptor.JwtAuthenticationTokenFilter@5c5d6175, org.springframework.security.web.savedrequest.RequestCacheAwareFilter@73613ae5, org.springframework.security.web.servletapi.SecurityContextHolderAwareRequestFilter@1c33e528, org.springframework.security.web.authentication.AnonymousAuthenticationFilter@5a484ce1, org.springframework.security.web.session.SessionManagementFilter@343fddd9, org.springframework.security.web.access.ExceptionTranslationFilter@649f25f3, org.springframework.security.web.access.intercept.FilterSecurityInterceptor@fe09383]
2024-05-13 20:03:55 [main] INFO  com.gzx.hotel.core.Application - Starting Application on PC-20210904KJSA with PID 6344 (E:\Java_project\hotel-parent\hotel-core\target\classes started by Administrator in E:\Java_project\hotel-parent)
2024-05-13 20:03:55 [main] DEBUG com.gzx.hotel.core.Application - Running with Spring Boot v2.3.4.RELEASE, Spring v5.2.9.RELEASE
2024-05-13 20:03:55 [main] INFO  com.gzx.hotel.core.Application - No active profile set, falling back to default profiles: default
2024-05-13 20:03:56 [main] DEBUG c.g.h.c.i.JwtAuthenticationTokenFilter - Filter 'jwtAuthenticationTokenFilter' configured for use
2024-05-13 20:03:57 [main] INFO  o.s.s.web.DefaultSecurityFilterChain - Creating filter chain: any request, [org.springframework.security.web.context.request.async.WebAsyncManagerIntegrationFilter@28e0e464, org.springframework.security.web.context.SecurityContextPersistenceFilter@649f25f3, org.springframework.security.web.header.HeaderWriterFilter@86d6bf7, org.springframework.web.filter.CorsFilter@1d98daa0, org.springframework.security.web.authentication.logout.LogoutFilter@5b39a3e6, com.gzx.hotel.core.interceptor.JwtAuthenticationTokenFilter@64db4967, org.springframework.security.web.savedrequest.RequestCacheAwareFilter@3b98b809, org.springframework.security.web.servletapi.SecurityContextHolderAwareRequestFilter@67bf0480, org.springframework.security.web.authentication.AnonymousAuthenticationFilter@70a898b0, org.springframework.security.web.session.SessionManagementFilter@41d16cc3, org.springframework.security.web.access.ExceptionTranslationFilter@235b4cb8, org.springframework.security.web.access.intercept.FilterSecurityInterceptor@6f5e16cf]
2024-05-13 20:06:27 [main] INFO  com.gzx.hotel.core.Application - Starting Application on PC-20210904KJSA with PID 1028 (E:\Java_project\hotel-parent\hotel-core\target\classes started by Administrator in E:\Java_project\hotel-parent)
2024-05-13 20:06:27 [main] DEBUG com.gzx.hotel.core.Application - Running with Spring Boot v2.3.4.RELEASE, Spring v5.2.9.RELEASE
2024-05-13 20:06:27 [main] INFO  com.gzx.hotel.core.Application - No active profile set, falling back to default profiles: default
2024-05-13 20:06:28 [main] DEBUG c.g.h.c.i.JwtAuthenticationTokenFilter - Filter 'jwtAuthenticationTokenFilter' configured for use
2024-05-13 20:06:29 [main] INFO  o.s.s.web.DefaultSecurityFilterChain - Creating filter chain: any request, [org.springframework.security.web.context.request.async.WebAsyncManagerIntegrationFilter@4f2d014a, org.springframework.security.web.context.SecurityContextPersistenceFilter@41d16cc3, org.springframework.security.web.header.HeaderWriterFilter@4346808, org.springframework.web.filter.CorsFilter@51fc862e, org.springframework.security.web.authentication.logout.LogoutFilter@1c33e528, com.gzx.hotel.core.interceptor.JwtAuthenticationTokenFilter@6e4c0d8c, org.springframework.security.web.savedrequest.RequestCacheAwareFilter@2e43c38d, org.springframework.security.web.servletapi.SecurityContextHolderAwareRequestFilter@24c8d8be, org.springframework.security.web.authentication.AnonymousAuthenticationFilter@a7cf42f, org.springframework.security.web.session.SessionManagementFilter@64387c17, org.springframework.security.web.access.ExceptionTranslationFilter@68c9e023, org.springframework.security.web.access.intercept.FilterSecurityInterceptor@17229821]
2024-05-13 20:06:56 [main] INFO  com.gzx.hotel.core.Application - Starting Application on PC-20210904KJSA with PID 22352 (E:\Java_project\hotel-parent\hotel-core\target\classes started by Administrator in E:\Java_project\hotel-parent)
2024-05-13 20:06:56 [main] DEBUG com.gzx.hotel.core.Application - Running with Spring Boot v2.3.4.RELEASE, Spring v5.2.9.RELEASE
2024-05-13 20:06:56 [main] INFO  com.gzx.hotel.core.Application - No active profile set, falling back to default profiles: default
2024-05-13 20:06:57 [main] DEBUG c.g.h.c.i.JwtAuthenticationTokenFilter - Filter 'jwtAuthenticationTokenFilter' configured for use
2024-05-13 20:06:58 [main] INFO  o.s.s.web.DefaultSecurityFilterChain - Creating filter chain: any request, [org.springframework.security.web.context.request.async.WebAsyncManagerIntegrationFilter@22d9ca63, org.springframework.security.web.context.SecurityContextPersistenceFilter@ab24484, org.springframework.security.web.header.HeaderWriterFilter@252744a1, org.springframework.web.filter.CorsFilter@484149eb, org.springframework.security.web.authentication.logout.LogoutFilter@4ef2ab73, com.gzx.hotel.core.interceptor.JwtAuthenticationTokenFilter@4adc663e, org.springframework.security.web.savedrequest.RequestCacheAwareFilter@106b014e, org.springframework.security.web.servletapi.SecurityContextHolderAwareRequestFilter@3b98b809, org.springframework.security.web.authentication.AnonymousAuthenticationFilter@14c141c0, org.springframework.security.web.session.SessionManagementFilter@2fbe26da, org.springframework.security.web.access.ExceptionTranslationFilter@77d4ac52, org.springframework.security.web.access.intercept.FilterSecurityInterceptor@3cc30dee]
2024-05-13 20:08:34 [main] INFO  com.gzx.hotel.core.Application - Starting Application on PC-20210904KJSA with PID 14988 (E:\Java_project\hotel-parent\hotel-core\target\classes started by Administrator in E:\Java_project\hotel-parent)
2024-05-13 20:08:34 [main] DEBUG com.gzx.hotel.core.Application - Running with Spring Boot v2.3.4.RELEASE, Spring v5.2.9.RELEASE
2024-05-13 20:08:34 [main] INFO  com.gzx.hotel.core.Application - No active profile set, falling back to default profiles: default
2024-05-13 20:08:35 [main] DEBUG c.g.h.c.i.JwtAuthenticationTokenFilter - Filter 'jwtAuthenticationTokenFilter' configured for use
2024-05-13 20:09:09 [main] INFO  o.s.s.web.DefaultSecurityFilterChain - Creating filter chain: any request, [org.springframework.security.web.context.request.async.WebAsyncManagerIntegrationFilter@38a96593, org.springframework.security.web.context.SecurityContextPersistenceFilter@3c488b34, org.springframework.security.web.header.HeaderWriterFilter@709d86a2, org.springframework.web.filter.CorsFilter@5df64b2a, org.springframework.security.web.authentication.logout.LogoutFilter@144a5e6e, com.gzx.hotel.core.interceptor.JwtAuthenticationTokenFilter@391d1e33, org.springframework.security.web.savedrequest.RequestCacheAwareFilter@3866c96e, org.springframework.security.web.servletapi.SecurityContextHolderAwareRequestFilter@4e4d0a0b, org.springframework.security.web.authentication.AnonymousAuthenticationFilter@7afb9c93, org.springframework.security.web.session.SessionManagementFilter@4b98225c, org.springframework.security.web.access.ExceptionTranslationFilter@6326c5ec, org.springframework.security.web.access.intercept.FilterSecurityInterceptor@3d3930fe]
2024-05-13 20:21:37 [main] INFO  com.gzx.hotel.core.Application - Starting Application on PC-20210904KJSA with PID 22088 (E:\Java_project\hotel-parent\hotel-core\target\classes started by Administrator in E:\Java_project\hotel-parent)
2024-05-13 20:21:37 [main] DEBUG com.gzx.hotel.core.Application - Running with Spring Boot v2.3.4.RELEASE, Spring v5.2.9.RELEASE
2024-05-13 20:21:37 [main] INFO  com.gzx.hotel.core.Application - No active profile set, falling back to default profiles: default
2024-05-13 20:21:38 [main] DEBUG c.g.h.c.i.JwtAuthenticationTokenFilter - Filter 'jwtAuthenticationTokenFilter' configured for use
2024-05-13 20:21:40 [main] INFO  o.s.s.web.DefaultSecurityFilterChain - Creating filter chain: any request, [org.springframework.security.web.context.request.async.WebAsyncManagerIntegrationFilter@4f2d014a, org.springframework.security.web.context.SecurityContextPersistenceFilter@9f86dc3, org.springframework.security.web.header.HeaderWriterFilter@235b4cb8, org.springframework.web.filter.CorsFilter@51fc862e, org.springframework.security.web.authentication.logout.LogoutFilter@11b32a14, com.gzx.hotel.core.interceptor.JwtAuthenticationTokenFilter@a2341c6, org.springframework.security.web.savedrequest.RequestCacheAwareFilter@662e682a, org.springframework.security.web.servletapi.SecurityContextHolderAwareRequestFilter@60ed12e8, org.springframework.security.web.authentication.AnonymousAuthenticationFilter@a7cf42f, org.springframework.security.web.session.SessionManagementFilter@106b014e, org.springframework.security.web.access.ExceptionTranslationFilter@10e5bf9c, org.springframework.security.web.access.intercept.FilterSecurityInterceptor@17229821]
2024-05-13 20:25:12 [main] INFO  com.gzx.hotel.core.Application - Starting Application on PC-20210904KJSA with PID 18040 (E:\Java_project\hotel-parent\hotel-core\target\classes started by Administrator in E:\Java_project\hotel-parent)
2024-05-13 20:25:12 [main] DEBUG com.gzx.hotel.core.Application - Running with Spring Boot v2.3.4.RELEASE, Spring v5.2.9.RELEASE
2024-05-13 20:25:12 [main] INFO  com.gzx.hotel.core.Application - No active profile set, falling back to default profiles: default
2024-05-13 20:25:13 [main] DEBUG c.g.h.c.i.JwtAuthenticationTokenFilter - Filter 'jwtAuthenticationTokenFilter' configured for use
2024-05-13 20:25:14 [main] INFO  o.s.s.web.DefaultSecurityFilterChain - Creating filter chain: any request, [org.springframework.security.web.context.request.async.WebAsyncManagerIntegrationFilter@51fc862e, org.springframework.security.web.context.SecurityContextPersistenceFilter@41d16cc3, org.springframework.security.web.header.HeaderWriterFilter@4346808, org.springframework.web.filter.CorsFilter@a7cf42f, org.springframework.security.web.authentication.logout.LogoutFilter@1c33e528, com.gzx.hotel.core.interceptor.JwtAuthenticationTokenFilter@3e3315d9, org.springframework.security.web.savedrequest.RequestCacheAwareFilter@2e43c38d, org.springframework.security.web.servletapi.SecurityContextHolderAwareRequestFilter@24c8d8be, org.springframework.security.web.authentication.AnonymousAuthenticationFilter@fe09383, org.springframework.security.web.session.SessionManagementFilter@64387c17, org.springframework.security.web.access.ExceptionTranslationFilter@68c9e023, org.springframework.security.web.access.intercept.FilterSecurityInterceptor@e829999]
2024-05-13 20:25:15 [main] INFO  com.gzx.hotel.core.Application - Started Application in 2.88 seconds (JVM running for 3.735)
2024-05-13 21:36:46 [main] INFO  com.gzx.hotel.core.Application - Starting Application on PC-20210904KJSA with PID 23528 (E:\Java_project\hotel-parent\hotel-core\target\classes started by Administrator in E:\Java_project\hotel-parent)
2024-05-13 21:36:46 [main] DEBUG com.gzx.hotel.core.Application - Running with Spring Boot v2.3.4.RELEASE, Spring v5.2.9.RELEASE
2024-05-13 21:36:46 [main] INFO  com.gzx.hotel.core.Application - No active profile set, falling back to default profiles: default
2024-05-13 21:36:47 [main] DEBUG c.g.h.c.i.JwtAuthenticationTokenFilter - Filter 'jwtAuthenticationTokenFilter' configured for use
2024-05-13 21:36:48 [main] INFO  o.s.s.web.DefaultSecurityFilterChain - Creating filter chain: any request, [org.springframework.security.web.context.request.async.WebAsyncManagerIntegrationFilter@61874b9d, org.springframework.security.web.context.SecurityContextPersistenceFilter@64387c17, org.springframework.security.web.header.HeaderWriterFilter@1624775, org.springframework.web.filter.CorsFilter@d611f1c, org.springframework.security.web.authentication.logout.LogoutFilter@e09f1b6, com.gzx.hotel.core.interceptor.JwtAuthenticationTokenFilter@2d3ef181, org.springframework.security.web.savedrequest.RequestCacheAwareFilter@9f86dc3, org.springframework.security.web.servletapi.SecurityContextHolderAwareRequestFilter@2fd72332, org.springframework.security.web.authentication.AnonymousAuthenticationFilter@4f2d014a, org.springframework.security.web.session.SessionManagementFilter@ab24484, org.springframework.security.web.access.ExceptionTranslationFilter@77c3c037, org.springframework.security.web.access.intercept.FilterSecurityInterceptor@5af64ce0]
2024-05-13 21:36:48 [main] INFO  com.gzx.hotel.core.Application - Started Application in 2.897 seconds (JVM running for 3.759)
2024-05-13 21:37:18 [main] INFO  com.gzx.hotel.core.Application - Starting Application on PC-20210904KJSA with PID 23992 (E:\Java_project\hotel-parent\hotel-core\target\classes started by Administrator in E:\Java_project\hotel-parent)
2024-05-13 21:37:18 [main] DEBUG com.gzx.hotel.core.Application - Running with Spring Boot v2.3.4.RELEASE, Spring v5.2.9.RELEASE
2024-05-13 21:37:18 [main] INFO  com.gzx.hotel.core.Application - No active profile set, falling back to default profiles: default
2024-05-13 21:37:19 [main] DEBUG c.g.h.c.i.JwtAuthenticationTokenFilter - Filter 'jwtAuthenticationTokenFilter' configured for use
2024-05-13 21:37:21 [main] INFO  o.s.s.web.DefaultSecurityFilterChain - Creating filter chain: any request, [org.springframework.security.web.context.request.async.WebAsyncManagerIntegrationFilter@14c141c0, org.springframework.security.web.context.SecurityContextPersistenceFilter@106b014e, org.springframework.security.web.header.HeaderWriterFilter@68c9e023, org.springframework.web.filter.CorsFilter@61874b9d, org.springframework.security.web.authentication.logout.LogoutFilter@718f805a, com.gzx.hotel.core.interceptor.JwtAuthenticationTokenFilter@4fa9ab6, org.springframework.security.web.savedrequest.RequestCacheAwareFilter@7c369270, org.springframework.security.web.servletapi.SecurityContextHolderAwareRequestFilter@16da476c, org.springframework.security.web.authentication.AnonymousAuthenticationFilter@d611f1c, org.springframework.security.web.session.SessionManagementFilter@6963b88c, org.springframework.security.web.access.ExceptionTranslationFilter@161dd92a, org.springframework.security.web.access.intercept.FilterSecurityInterceptor@6dee8ae6]
2024-05-13 21:37:21 [main] INFO  com.gzx.hotel.core.Application - Started Application in 2.989 seconds (JVM running for 3.857)
2024-05-13 21:37:24 [http-nio-8001-exec-1] INFO  com.gzx.hotel.core.ws.ClientWS - 空调客户端开机，与服务端建立连接，连接id: 0
2024-05-13 21:37:24 [http-nio-8001-exec-1] INFO  com.gzx.hotel.core.ws.ClientWS - 客户端关闭连接: 0
2024-05-13 21:37:32 [http-nio-8001-exec-2] INFO  com.gzx.hotel.core.ws.ClientWS - 空调客户端开机，与服务端建立连接，连接id: 1
2024-05-13 21:37:32 [http-nio-8001-exec-2] INFO  com.gzx.hotel.core.ws.ClientWS - 客户端关闭连接: 1
2024-05-13 21:38:37 [http-nio-8001-exec-4] INFO  com.gzx.hotel.core.aop.LoggingAspect - 请求URL : http://127.0.0.1:8001/api/user/login
2024-05-13 21:38:37 [http-nio-8001-exec-4] INFO  com.gzx.hotel.core.aop.LoggingAspect - IP地址 : 127.0.0.1
2024-05-13 21:38:37 [http-nio-8001-exec-4] INFO  com.gzx.hotel.core.aop.LoggingAspect - 方法签名 : com.gzx.hotel.core.controller.UserController.loginByUsernamePassword
2024-05-13 21:38:37 [http-nio-8001-exec-4] INFO  com.gzx.hotel.core.aop.LoggingAspect - 方法参数 : [User(recordId=null, username=300923, password=a0rNte, name=null, roleName=null, locked=null, createTime=null)]
2024-05-13 21:38:37 [http-nio-8001-exec-4] DEBUG c.g.h.c.dao.UserDao.getUserWithRoles - ==>  Preparing: SELECT u.*, r.`name` AS role_name FROM user u LEFT JOIN user_role ur ON u.id_ = ur.user_id LEFT JOIN role r ON ur.role_id = r.id_ WHERE u.username = ?
2024-05-13 21:38:37 [http-nio-8001-exec-4] DEBUG c.g.h.c.dao.UserDao.getUserWithRoles - ==> Parameters: 300923(String)
2024-05-13 21:38:37 [http-nio-8001-exec-4] DEBUG c.g.h.c.dao.UserDao.getUserWithRoles - <==      Total: 1
2024-05-13 21:38:37 [http-nio-8001-exec-4] INFO  com.gzx.hotel.core.aop.LoggingAspect - 响应 : ResponseBean(code=fail, msg=User account is locked, data={})
2024-05-13 21:38:51 [http-nio-8001-exec-3] INFO  com.gzx.hotel.core.aop.LoggingAspect - 请求URL : http://127.0.0.1:8001/api/user/login
2024-05-13 21:38:51 [http-nio-8001-exec-3] INFO  com.gzx.hotel.core.aop.LoggingAspect - IP地址 : 127.0.0.1
2024-05-13 21:38:51 [http-nio-8001-exec-3] INFO  com.gzx.hotel.core.aop.LoggingAspect - 方法签名 : com.gzx.hotel.core.controller.UserController.loginByUsernamePassword
2024-05-13 21:38:51 [http-nio-8001-exec-3] INFO  com.gzx.hotel.core.aop.LoggingAspect - 方法参数 : [User(recordId=null, username=300923, password=a0rNte, name=null, roleName=null, locked=null, createTime=null)]
2024-05-13 21:38:51 [http-nio-8001-exec-3] DEBUG c.g.h.c.dao.UserDao.getUserWithRoles - ==>  Preparing: SELECT u.*, r.`name` AS role_name FROM user u LEFT JOIN user_role ur ON u.id_ = ur.user_id LEFT JOIN role r ON ur.role_id = r.id_ WHERE u.username = ?
2024-05-13 21:38:51 [http-nio-8001-exec-3] DEBUG c.g.h.c.dao.UserDao.getUserWithRoles - ==> Parameters: 300923(String)
2024-05-13 21:38:51 [http-nio-8001-exec-3] DEBUG c.g.h.c.dao.UserDao.getUserWithRoles - <==      Total: 1
2024-05-13 21:38:52 [http-nio-8001-exec-3] INFO  com.gzx.hotel.core.aop.LoggingAspect - 响应 : ResponseBean(code=success, msg=操作成功, data={token=eyJhbGciOiJIUzI1NiJ9.eyJzdWIiOiIzMDA5MjMiLCJleHAiOjE3MTYyMTIzMzF9.PKJdqYh8fLLo0OBvtvODTKGfdhBXCY1iFRo5XNx0ezM})
2024-05-13 21:39:09 [http-nio-8001-exec-5] INFO  com.gzx.hotel.core.ws.ClientWS - 空调客户端开机，与服务端建立连接，连接id: 2
2024-05-13 21:39:09 [http-nio-8001-exec-5] INFO  com.gzx.hotel.core.ws.ClientWS - 客户端关闭连接: 2
2024-05-13 21:40:22 [main] INFO  com.gzx.hotel.core.Application - Starting Application on PC-20210904KJSA with PID 10464 (E:\Java_project\hotel-parent\hotel-core\target\classes started by Administrator in E:\Java_project\hotel-parent)
2024-05-13 21:40:22 [main] DEBUG com.gzx.hotel.core.Application - Running with Spring Boot v2.3.4.RELEASE, Spring v5.2.9.RELEASE
2024-05-13 21:40:22 [main] INFO  com.gzx.hotel.core.Application - No active profile set, falling back to default profiles: default
2024-05-13 21:40:24 [main] DEBUG c.g.h.c.i.JwtAuthenticationTokenFilter - Filter 'jwtAuthenticationTokenFilter' configured for use
2024-05-13 21:40:25 [main] INFO  o.s.s.web.DefaultSecurityFilterChain - Creating filter chain: any request, [org.springframework.security.web.context.request.async.WebAsyncManagerIntegrationFilter@484149eb, org.springframework.security.web.context.SecurityContextPersistenceFilter@54e43bfe, org.springframework.security.web.header.HeaderWriterFilter@10e5bf9c, org.springframework.web.filter.CorsFilter@14c141c0, org.springframework.security.web.authentication.logout.LogoutFilter@34be065a, com.gzx.hotel.core.interceptor.JwtAuthenticationTokenFilter@8bd86c8, org.springframework.security.web.savedrequest.RequestCacheAwareFilter@64387c17, org.springframework.security.web.servletapi.SecurityContextHolderAwareRequestFilter@bf75b5c, org.springframework.security.web.authentication.AnonymousAuthenticationFilter@61874b9d, org.springframework.security.web.session.SessionManagementFilter@4ed15347, org.springframework.security.web.access.ExceptionTranslationFilter@29f38091, org.springframework.security.web.access.intercept.FilterSecurityInterceptor@7d528cf7]
2024-05-13 21:40:25 [main] INFO  com.gzx.hotel.core.Application - Started Application in 2.922 seconds (JVM running for 3.787)
2024-05-13 21:40:29 [http-nio-8001-exec-1] INFO  com.gzx.hotel.core.ws.ClientWS - 空调客户端开机，与服务端建立连接，连接id: 0
2024-05-13 21:40:29 [http-nio-8001-exec-1] INFO  com.gzx.hotel.core.ws.ClientWS - 客户端关闭连接: 0
2024-05-13 21:40:35 [http-nio-8001-exec-2] INFO  com.gzx.hotel.core.ws.ClientWS - 空调客户端开机，与服务端建立连接，连接id: 1
2024-05-13 21:40:35 [http-nio-8001-exec-2] INFO  com.gzx.hotel.core.ws.ClientWS - 客户端关闭连接: 1
2024-05-13 21:41:35 [main] INFO  com.gzx.hotel.core.Application - Starting Application on PC-20210904KJSA with PID 24548 (E:\Java_project\hotel-parent\hotel-core\target\classes started by Administrator in E:\Java_project\hotel-parent)
2024-05-13 21:41:35 [main] DEBUG com.gzx.hotel.core.Application - Running with Spring Boot v2.3.4.RELEASE, Spring v5.2.9.RELEASE
2024-05-13 21:41:35 [main] INFO  com.gzx.hotel.core.Application - No active profile set, falling back to default profiles: default
2024-05-13 21:41:36 [main] DEBUG c.g.h.c.i.JwtAuthenticationTokenFilter - Filter 'jwtAuthenticationTokenFilter' configured for use
2024-05-13 21:41:37 [main] INFO  o.s.s.web.DefaultSecurityFilterChain - Creating filter chain: any request, [org.springframework.security.web.context.request.async.WebAsyncManagerIntegrationFilter@51fc862e, org.springframework.security.web.context.SecurityContextPersistenceFilter@41d16cc3, org.springframework.security.web.header.HeaderWriterFilter@4346808, org.springframework.web.filter.CorsFilter@a7cf42f, org.springframework.security.web.authentication.logout.LogoutFilter@1c33e528, com.gzx.hotel.core.interceptor.JwtAuthenticationTokenFilter@3e3315d9, org.springframework.security.web.savedrequest.RequestCacheAwareFilter@2e43c38d, org.springframework.security.web.servletapi.SecurityContextHolderAwareRequestFilter@24c8d8be, org.springframework.security.web.authentication.AnonymousAuthenticationFilter@fe09383, org.springframework.security.web.session.SessionManagementFilter@64387c17, org.springframework.security.web.access.ExceptionTranslationFilter@68c9e023, org.springframework.security.web.access.intercept.FilterSecurityInterceptor@e829999]
2024-05-13 21:41:38 [main] INFO  com.gzx.hotel.core.Application - Started Application in 3.108 seconds (JVM running for 4.069)
2024-05-13 21:41:43 [http-nio-8001-exec-1] INFO  com.gzx.hotel.core.ws.ClientWS - 空调客户端开机，与服务端建立连接，连接id: 0
2024-05-13 21:41:43 [http-nio-8001-exec-1] INFO  com.gzx.hotel.core.ws.ClientWS - 客户端关闭连接: 0
2024-05-13 21:42:30 [main] INFO  com.gzx.hotel.core.Application - Starting Application on PC-20210904KJSA with PID 22468 (E:\Java_project\hotel-parent\hotel-core\target\classes started by Administrator in E:\Java_project\hotel-parent)
2024-05-13 21:42:30 [main] DEBUG com.gzx.hotel.core.Application - Running with Spring Boot v2.3.4.RELEASE, Spring v5.2.9.RELEASE
2024-05-13 21:42:30 [main] INFO  com.gzx.hotel.core.Application - No active profile set, falling back to default profiles: default
2024-05-13 21:42:32 [main] DEBUG c.g.h.c.i.JwtAuthenticationTokenFilter - Filter 'jwtAuthenticationTokenFilter' configured for use
2024-05-13 21:42:33 [main] INFO  o.s.s.web.DefaultSecurityFilterChain - Creating filter chain: any request, [org.springframework.security.web.context.request.async.WebAsyncManagerIntegrationFilter@14c141c0, org.springframework.security.web.context.SecurityContextPersistenceFilter@106b014e, org.springframework.security.web.header.HeaderWriterFilter@68c9e023, org.springframework.web.filter.CorsFilter@61874b9d, org.springframework.security.web.authentication.logout.LogoutFilter@718f805a, com.gzx.hotel.core.interceptor.JwtAuthenticationTokenFilter@4fa9ab6, org.springframework.security.web.savedrequest.RequestCacheAwareFilter@7c369270, org.springframework.security.web.servletapi.SecurityContextHolderAwareRequestFilter@16da476c, org.springframework.security.web.authentication.AnonymousAuthenticationFilter@d611f1c, org.springframework.security.web.session.SessionManagementFilter@6963b88c, org.springframework.security.web.access.ExceptionTranslationFilter@161dd92a, org.springframework.security.web.access.intercept.FilterSecurityInterceptor@6dee8ae6]
2024-05-13 21:42:33 [main] INFO  com.gzx.hotel.core.Application - Started Application in 2.912 seconds (JVM running for 3.769)
2024-05-13 21:42:40 [http-nio-8001-exec-1] INFO  com.gzx.hotel.core.ws.ClientWS - 空调客户端开机，与服务端建立连接，连接id: 0
2024-05-13 21:42:40 [http-nio-8001-exec-1] INFO  com.gzx.hotel.core.ws.ClientWS - 客户端关闭连接: 0
2024-05-13 21:43:04 [main] INFO  com.gzx.hotel.core.Application - Starting Application on PC-20210904KJSA with PID 21392 (E:\Java_project\hotel-parent\hotel-core\target\classes started by Administrator in E:\Java_project\hotel-parent)
2024-05-13 21:43:04 [main] DEBUG com.gzx.hotel.core.Application - Running with Spring Boot v2.3.4.RELEASE, Spring v5.2.9.RELEASE
2024-05-13 21:43:04 [main] INFO  com.gzx.hotel.core.Application - No active profile set, falling back to default profiles: default
2024-05-13 21:43:05 [main] DEBUG c.g.h.c.i.JwtAuthenticationTokenFilter - Filter 'jwtAuthenticationTokenFilter' configured for use
2024-05-13 21:43:07 [main] INFO  o.s.s.web.DefaultSecurityFilterChain - Creating filter chain: any request, [org.springframework.security.web.context.request.async.WebAsyncManagerIntegrationFilter@a7cf42f, org.springframework.security.web.context.SecurityContextPersistenceFilter@662e682a, org.springframework.security.web.header.HeaderWriterFilter@17fede14, org.springframework.web.filter.CorsFilter@fe09383, org.springframework.security.web.authentication.logout.LogoutFilter@5df63359, com.gzx.hotel.core.interceptor.JwtAuthenticationTokenFilter@64db4967, org.springframework.security.web.savedrequest.RequestCacheAwareFilter@649f25f3, org.springframework.security.web.servletapi.SecurityContextHolderAwareRequestFilter@3290b1a6, org.springframework.security.web.authentication.AnonymousAuthenticationFilter@28e0e464, org.springframework.security.web.session.SessionManagementFilter@7c369270, org.springframework.security.web.access.ExceptionTranslationFilter@1624775, org.springframework.security.web.access.intercept.FilterSecurityInterceptor@66fb45e5]
2024-05-13 21:43:07 [main] INFO  com.gzx.hotel.core.Application - Started Application in 2.931 seconds (JVM running for 3.89)
2024-05-13 21:43:17 [http-nio-8001-exec-1] INFO  com.gzx.hotel.core.ws.ClientWS - 空调客户端开机，与服务端建立连接，连接id: 0
2024-05-13 21:43:17 [http-nio-8001-exec-1] INFO  com.gzx.hotel.core.ws.ClientWS - 客户端关闭连接: 0
2024-05-13 21:45:18 [http-nio-8001-exec-2] INFO  com.gzx.hotel.core.ws.ClientWS - 空调客户端开机，与服务端建立连接，连接id: 1
2024-05-13 21:45:18 [http-nio-8001-exec-2] INFO  com.gzx.hotel.core.ws.ClientWS - 客户端关闭连接: 1
2024-05-13 21:47:58 [main] INFO  com.gzx.hotel.core.Application - Starting Application on PC-20210904KJSA with PID 6568 (E:\Java_project\hotel-parent\hotel-core\target\classes started by Administrator in E:\Java_project\hotel-parent)
2024-05-13 21:47:58 [main] DEBUG com.gzx.hotel.core.Application - Running with Spring Boot v2.3.4.RELEASE, Spring v5.2.9.RELEASE
2024-05-13 21:47:58 [main] INFO  com.gzx.hotel.core.Application - No active profile set, falling back to default profiles: default
2024-05-13 21:47:59 [main] DEBUG c.g.h.c.i.JwtAuthenticationTokenFilter - Filter 'jwtAuthenticationTokenFilter' configured for use
2024-05-13 21:48:01 [main] INFO  o.s.s.web.DefaultSecurityFilterChain - Creating filter chain: any request, [org.springframework.security.web.context.request.async.WebAsyncManagerIntegrationFilter@a7cf42f, org.springframework.security.web.context.SecurityContextPersistenceFilter@662e682a, org.springframework.security.web.header.HeaderWriterFilter@17fede14, org.springframework.web.filter.CorsFilter@fe09383, org.springframework.security.web.authentication.logout.LogoutFilter@5df63359, com.gzx.hotel.core.interceptor.JwtAuthenticationTokenFilter@64db4967, org.springframework.security.web.savedrequest.RequestCacheAwareFilter@649f25f3, org.springframework.security.web.servletapi.SecurityContextHolderAwareRequestFilter@3290b1a6, org.springframework.security.web.authentication.AnonymousAuthenticationFilter@28e0e464, org.springframework.security.web.session.SessionManagementFilter@7c369270, org.springframework.security.web.access.ExceptionTranslationFilter@1624775, org.springframework.security.web.access.intercept.FilterSecurityInterceptor@66fb45e5]
2024-05-13 21:48:01 [main] INFO  com.gzx.hotel.core.Application - Started Application in 3.068 seconds (JVM running for 3.96)
2024-05-13 21:48:32 [http-nio-8001-exec-2] INFO  com.gzx.hotel.core.ws.ClientWS - 空调客户端开机，与服务端建立连接，连接id: 0
2024-05-13 21:48:32 [http-nio-8001-exec-2] INFO  com.gzx.hotel.core.ws.ClientWS - 客户端关闭连接: 0
2024-05-13 21:59:58 [main] INFO  com.gzx.hotel.core.Application - Starting Application on PC-20210904KJSA with PID 21612 (E:\Java_project\hotel-parent\hotel-core\target\classes started by Administrator in E:\Java_project\hotel-parent)
2024-05-13 21:59:58 [main] DEBUG com.gzx.hotel.core.Application - Running with Spring Boot v2.3.4.RELEASE, Spring v5.2.9.RELEASE
2024-05-13 21:59:58 [main] INFO  com.gzx.hotel.core.Application - No active profile set, falling back to default profiles: default
2024-05-13 21:59:59 [main] DEBUG c.g.h.c.i.JwtAuthenticationTokenFilter - Filter 'jwtAuthenticationTokenFilter' configured for use
2024-05-13 22:00:01 [main] INFO  o.s.s.web.DefaultSecurityFilterChain - Creating filter chain: any request, [org.springframework.security.web.context.request.async.WebAsyncManagerIntegrationFilter@22d9ca63, org.springframework.security.web.context.SecurityContextPersistenceFilter@ab24484, org.springframework.security.web.header.HeaderWriterFilter@77c3c037, org.springframework.web.filter.CorsFilter@484149eb, org.springframework.security.web.authentication.logout.LogoutFilter@4ef2ab73, com.gzx.hotel.core.interceptor.JwtAuthenticationTokenFilter@885e7ff, org.springframework.security.web.savedrequest.RequestCacheAwareFilter@106b014e, org.springframework.security.web.servletapi.SecurityContextHolderAwareRequestFilter@3b98b809, org.springframework.security.web.authentication.AnonymousAuthenticationFilter@14c141c0, org.springframework.security.web.session.SessionManagementFilter@2fbe26da, org.springframework.security.web.access.ExceptionTranslationFilter@21c747a, org.springframework.security.web.access.intercept.FilterSecurityInterceptor@3cc30dee]
2024-05-13 22:00:01 [main] INFO  com.gzx.hotel.core.Application - Started Application in 3.195 seconds (JVM running for 4.069)
2024-05-13 22:00:07 [http-nio-8001-exec-1] INFO  com.gzx.hotel.core.ws.ClientWS - 空调客户端开机，与服务端建立连接，连接id: 0
2024-05-13 22:00:27 [http-nio-8001-exec-2] INFO  com.gzx.hotel.core.ws.ClientWS - 请求同步到达：{
    "id": "1",
    "windSpeed": 1
}
2024-05-13 22:00:27 [http-nio-8001-exec-2] INFO  com.gzx.hotel.core.ws.ClientWS - 客户端关闭连接: 0
2024-05-13 22:02:38 [main] INFO  com.gzx.hotel.core.Application - Starting Application on PC-20210904KJSA with PID 21624 (E:\Java_project\hotel-parent\hotel-core\target\classes started by Administrator in E:\Java_project\hotel-parent)
2024-05-13 22:02:38 [main] DEBUG com.gzx.hotel.core.Application - Running with Spring Boot v2.3.4.RELEASE, Spring v5.2.9.RELEASE
2024-05-13 22:02:38 [main] INFO  com.gzx.hotel.core.Application - No active profile set, falling back to default profiles: default
2024-05-13 22:02:39 [main] DEBUG c.g.h.c.i.JwtAuthenticationTokenFilter - Filter 'jwtAuthenticationTokenFilter' configured for use
2024-05-13 22:03:09 [main] INFO  o.s.s.web.DefaultSecurityFilterChain - Creating filter chain: any request, [org.springframework.security.web.context.request.async.WebAsyncManagerIntegrationFilter@1cc708a7, org.springframework.security.web.context.SecurityContextPersistenceFilter@54bb1194, org.springframework.security.web.header.HeaderWriterFilter@786ff0ea, org.springframework.web.filter.CorsFilter@995ad50, org.springframework.security.web.authentication.logout.LogoutFilter@3bab95ca, com.gzx.hotel.core.interceptor.JwtAuthenticationTokenFilter@59c43561, org.springframework.security.web.savedrequest.RequestCacheAwareFilter@1f42366, org.springframework.security.web.servletapi.SecurityContextHolderAwareRequestFilter@5ed65e4b, org.springframework.security.web.authentication.AnonymousAuthenticationFilter@6249a08d, org.springframework.security.web.session.SessionManagementFilter@45297e7, org.springframework.security.web.access.ExceptionTranslationFilter@586728e8, org.springframework.security.web.access.intercept.FilterSecurityInterceptor@5e158f33]
2024-05-13 22:04:08 [main] INFO  com.gzx.hotel.core.Application - Started Application in 89.943 seconds (JVM running for 90.907)
2024-05-13 22:05:55 [http-nio-8001-exec-2] INFO  com.gzx.hotel.core.ws.ClientWS - 空调客户端开机，与服务端建立连接，连接id: 0
2024-05-13 22:07:19 [http-nio-8001-exec-2] INFO  com.gzx.hotel.core.ws.ClientWS - 客户端关闭连接: 0
2024-05-13 22:07:24 [main] INFO  com.gzx.hotel.core.Application - Starting Application on PC-20210904KJSA with PID 23436 (E:\Java_project\hotel-parent\hotel-core\target\classes started by Administrator in E:\Java_project\hotel-parent)
2024-05-13 22:07:24 [main] DEBUG com.gzx.hotel.core.Application - Running with Spring Boot v2.3.4.RELEASE, Spring v5.2.9.RELEASE
2024-05-13 22:07:24 [main] INFO  com.gzx.hotel.core.Application - No active profile set, falling back to default profiles: default
2024-05-13 22:07:25 [main] DEBUG c.g.h.c.i.JwtAuthenticationTokenFilter - Filter 'jwtAuthenticationTokenFilter' configured for use
2024-05-13 22:07:26 [main] INFO  o.s.s.web.DefaultSecurityFilterChain - Creating filter chain: any request, [org.springframework.security.web.context.request.async.WebAsyncManagerIntegrationFilter@35e07e19, org.springframework.security.web.context.SecurityContextPersistenceFilter@210a26b, org.springframework.security.web.header.HeaderWriterFilter@1a0d313, org.springframework.web.filter.CorsFilter@a1e912f, org.springframework.security.web.authentication.logout.LogoutFilter@5ed65e4b, com.gzx.hotel.core.interceptor.JwtAuthenticationTokenFilter@2871ac91, org.springframework.security.web.savedrequest.RequestCacheAwareFilter@6cbdd1c5, org.springframework.security.web.servletapi.SecurityContextHolderAwareRequestFilter@72324965, org.springframework.security.web.authentication.AnonymousAuthenticationFilter@2036f83, org.springframework.security.web.session.SessionManagementFilter@7686f701, org.springframework.security.web.access.ExceptionTranslationFilter@4ccdacf5, org.springframework.security.web.access.intercept.FilterSecurityInterceptor@60ed0b9d]
2024-05-13 22:07:27 [main] INFO  com.gzx.hotel.core.Application - Started Application in 3.402 seconds (JVM running for 4.44)
2024-05-13 22:18:20 [http-nio-8001-exec-1] INFO  com.gzx.hotel.core.ws.ClientWS - 空调客户端开机，与服务端建立连接，连接id: 0
2024-05-13 22:19:17 [http-nio-8001-exec-1] INFO  com.gzx.hotel.core.ws.ClientWS - 客户端关闭连接: 0
2024-05-13 22:20:06 [http-nio-8001-exec-2] INFO  com.gzx.hotel.core.ws.ClientWS - 空调客户端开机，与服务端建立连接，连接id: 1
